2012/10/31 09:51:42 [error] [exception.CHttpException.404] exception 'CHttpException' with message 'Unable to resolve the request "themes/yiiproject/images/tital-bullet.gif".' in C:\xampp\php\library\framework\web\CWebApplication.php:287
Stack trace:
#0 C:\xampp\php\library\framework\web\CWebApplication.php(142): CWebApplication->runController('themes/yiiproje...')
#1 C:\xampp\php\library\framework\base\CApplication.php(162): CWebApplication->processRequest()
#2 C:\xampp\htdocs\cms\index.php(11): CApplication->run()
#3 {main}
REQUEST_URI=/cms/themes/yiiproject/images/tital-bullet.gif
HTTP_REFERER=http://localhost/cms/
---
2012/10/31 09:51:42 [error] [exception.CHttpException.404] exception 'CHttpException' with message 'Unable to resolve the request "themes/yiiproject/images/bullet2.gif".' in C:\xampp\php\library\framework\web\CWebApplication.php:287
Stack trace:
#0 C:\xampp\php\library\framework\web\CWebApplication.php(142): CWebApplication->runController('themes/yiiproje...')
#1 C:\xampp\php\library\framework\base\CApplication.php(162): CWebApplication->processRequest()
#2 C:\xampp\htdocs\cms\index.php(11): CApplication->run()
#3 {main}
REQUEST_URI=/cms/themes/yiiproject/images/bullet2.gif
HTTP_REFERER=http://localhost/cms/
---
2012/11/01 01:24:54 [error] [exception.CHttpException.404] exception 'CHttpException' with message 'Unable to resolve the request "themes/yiiproject/images/tital-bullet.gif".' in C:\xampp\php\library\framework\web\CWebApplication.php:287
Stack trace:
#0 C:\xampp\php\library\framework\web\CWebApplication.php(142): CWebApplication->runController('themes/yiiproje...')
#1 C:\xampp\php\library\framework\base\CApplication.php(162): CWebApplication->processRequest()
#2 C:\xampp\htdocs\datxanh\index.php(11): CApplication->run()
#3 {main}
REQUEST_URI=/datxanh/themes/yiiproject/images/tital-bullet.gif
HTTP_REFERER=http://localhost/datxanh/
---
2012/11/01 01:24:54 [error] [exception.CHttpException.404] exception 'CHttpException' with message 'Unable to resolve the request "themes/yiiproject/images/bullet2.gif".' in C:\xampp\php\library\framework\web\CWebApplication.php:287
Stack trace:
#0 C:\xampp\php\library\framework\web\CWebApplication.php(142): CWebApplication->runController('themes/yiiproje...')
#1 C:\xampp\php\library\framework\base\CApplication.php(162): CWebApplication->processRequest()
#2 C:\xampp\htdocs\datxanh\index.php(11): CApplication->run()
#3 {main}
REQUEST_URI=/datxanh/themes/yiiproject/images/bullet2.gif
HTTP_REFERER=http://localhost/datxanh/
---
2012/11/01 01:25:23 [error] [php] Trying to get property of non-object (C:\xampp\htdocs\datxanh\protected\controllers\AdminController.php:13)
Stack trace:
#0 C:\xampp\php\library\framework\web\filters\CFilterChain.php(134): AdminController->runAction()
#1 C:\xampp\php\library\framework\web\filters\CFilter.php(41): CFilterChain->run()
#2 C:\xampp\php\library\framework\web\CController.php(1146): CAccessControlFilter->filter()
#3 C:\xampp\php\library\framework\web\filters\CInlineFilter.php(59): AdminController->filterAccessControl()
#4 C:\xampp\php\library\framework\web\filters\CFilterChain.php(131): CInlineFilter->filter()
#5 C:\xampp\php\library\framework\web\CController.php(292): CFilterChain->run()
#6 C:\xampp\php\library\framework\web\CController.php(266): AdminController->runActionWithFilters()
#7 C:\xampp\php\library\framework\web\CWebApplication.php(283): AdminController->run()
#8 C:\xampp\php\library\framework\web\CWebApplication.php(142): CWebApplication->runController()
#9 C:\xampp\php\library\framework\base\CApplication.php(162): CWebApplication->processRequest()
#10 C:\xampp\htdocs\datxanh\index.php(11): CWebApplication->run()
REQUEST_URI=/datxanh/admin/rank
in C:\xampp\htdocs\datxanh\protected\controllers\AdminController.php (13)
in C:\xampp\htdocs\datxanh\index.php (11)
2012/11/01 01:55:19 [error] [exception.CException] exception 'CException' with message 'Language and its behaviors do not have a method or closure named "listLanguage".' in C:\xampp\php\library\framework\base\CComponent.php:266
Stack trace:
#0 C:\xampp\php\library\framework\db\ar\CActiveRecord.php(226): CComponent->__call('listLanguage', Array)
#1 C:\xampp\htdocs\dx\protected\modules\setting\views\admin\config.php(12): CActiveRecord->__call('listLanguage', Array)
#2 C:\xampp\htdocs\dx\protected\modules\setting\views\admin\config.php(12): Language->listLanguage()
#3 C:\xampp\php\library\framework\web\CBaseController.php(127): require('C:\xampp\htdocs...')
#4 C:\xampp\php\library\framework\web\CBaseController.php(96): CBaseController->renderInternal('C:\xampp\htdocs...', Array, true)
#5 C:\xampp\php\library\framework\web\CController.php(870): CBaseController->renderFile('C:\xampp\htdocs...', Array, true)
#6 C:\xampp\php\library\framework\web\CController.php(783): CController->renderPartial('config', Array, true)
#7 C:\xampp\htdocs\dx\protected\modules\setting\controllers\AdminController.php(35): CController->render('config', Array)
#8 C:\xampp\php\library\framework\web\actions\CInlineAction.php(50): AdminController->actionConfig()
#9 C:\xampp\php\library\framework\web\CController.php(309): CInlineAction->runWithParams(Array)
#10 C:\xampp\php\library\framework\web\filters\CFilterChain.php(134): CController->runAction(Object(CInlineAction))
#11 C:\xampp\php\library\framework\web\filters\CFilter.php(41): CFilterChain->run()
#12 C:\xampp\php\library\framework\web\CController.php(1146): CFilter->filter(Object(CFilterChain))
#13 C:\xampp\php\library\framework\web\filters\CInlineFilter.php(59): CController->filterAccessControl(Object(CFilterChain))
#14 C:\xampp\php\library\framework\web\filters\CFilterChain.php(131): CInlineFilter->filter(Object(CFilterChain))
#15 C:\xampp\php\library\framework\web\CController.php(292): CFilterChain->run()
#16 C:\xampp\php\library\framework\web\CController.php(266): CController->runActionWithFilters(Object(CInlineAction), Array)
#17 C:\xampp\php\library\framework\web\CWebApplication.php(283): CController->run('config')
#18 C:\xampp\php\library\framework\web\CWebApplication.php(142): CWebApplication->runController('setting/admin/c...')
#19 C:\xampp\php\library\framework\base\CApplication.php(162): CWebApplication->processRequest()
#20 C:\xampp\htdocs\dx\index.php(11): CApplication->run()
#21 {main}
REQUEST_URI=/dx/admin/setting/config
HTTP_REFERER=http://localhost/dx/admin/about/add
---
2012/11/01 01:55:42 [error] [php] Trying to get property of non-object (C:\xampp\htdocs\dx\protected\controllers\AdminController.php:13)
Stack trace:
#0 C:\xampp\php\library\framework\web\filters\CFilterChain.php(134): AdminController->runAction()
#1 C:\xampp\php\library\framework\web\filters\CFilter.php(41): CFilterChain->run()
#2 C:\xampp\php\library\framework\web\CController.php(1146): CAccessControlFilter->filter()
#3 C:\xampp\php\library\framework\web\filters\CInlineFilter.php(59): AdminController->filterAccessControl()
#4 C:\xampp\php\library\framework\web\filters\CFilterChain.php(131): CInlineFilter->filter()
#5 C:\xampp\php\library\framework\web\CController.php(292): CFilterChain->run()
#6 C:\xampp\php\library\framework\web\CController.php(266): AdminController->runActionWithFilters()
#7 C:\xampp\php\library\framework\web\CWebApplication.php(283): AdminController->run()
#8 C:\xampp\php\library\framework\web\CWebApplication.php(142): CWebApplication->runController()
#9 C:\xampp\php\library\framework\base\CApplication.php(162): CWebApplication->processRequest()
#10 C:\xampp\htdocs\dx\index.php(11): CWebApplication->run()
REQUEST_URI=/dx/admin/rank
in C:\xampp\htdocs\dx\protected\controllers\AdminController.php (13)
in C:\xampp\htdocs\dx\index.php (11)
2012/11/01 01:56:16 [error] [exception.CException] exception 'CException' with message 'Language and its behaviors do not have a method or closure named "listLanguage".' in C:\xampp\php\library\framework\base\CComponent.php:266
Stack trace:
#0 C:\xampp\php\library\framework\db\ar\CActiveRecord.php(226): CComponent->__call('listLanguage', Array)
#1 C:\xampp\htdocs\dx\protected\components\Controller.php(23): CActiveRecord->__call('listLanguage', Array)
#2 C:\xampp\htdocs\dx\protected\components\Controller.php(23): Language->listLanguage()
#3 C:\xampp\php\library\framework\web\CWebApplication.php(282): Controller->init()
#4 C:\xampp\php\library\framework\web\CWebApplication.php(142): CWebApplication->runController('')
#5 C:\xampp\php\library\framework\base\CApplication.php(162): CWebApplication->processRequest()
#6 C:\xampp\htdocs\dx\index.php(11): CApplication->run()
#7 {main}
REQUEST_URI=/dx/
HTTP_REFERER=http://localhost/dx/admin
---
2012/11/01 01:56:23 [error] [exception.CException] exception 'CException' with message 'Language and its behaviors do not have a method or closure named "listLanguage".' in C:\xampp\php\library\framework\base\CComponent.php:266
Stack trace:
#0 C:\xampp\php\library\framework\db\ar\CActiveRecord.php(226): CComponent->__call('listLanguage', Array)
#1 C:\xampp\htdocs\dx\protected\components\Controller.php(23): CActiveRecord->__call('listLanguage', Array)
#2 C:\xampp\htdocs\dx\protected\components\Controller.php(23): Language->listLanguage()
#3 C:\xampp\php\library\framework\web\CWebApplication.php(282): Controller->init()
#4 C:\xampp\php\library\framework\web\CWebApplication.php(142): CWebApplication->runController('login')
#5 C:\xampp\php\library\framework\base\CApplication.php(162): CWebApplication->processRequest()
#6 C:\xampp\htdocs\dx\index.php(11): CApplication->run()
#7 {main}
REQUEST_URI=/dx/login
---
2012/11/01 01:56:46 [error] [php] Trying to get property of non-object (C:\xampp\htdocs\dx\protected\controllers\AdminController.php:13)
Stack trace:
#0 C:\xampp\php\library\framework\web\filters\CFilterChain.php(134): AdminController->runAction()
#1 C:\xampp\php\library\framework\web\filters\CFilter.php(41): CFilterChain->run()
#2 C:\xampp\php\library\framework\web\CController.php(1146): CAccessControlFilter->filter()
#3 C:\xampp\php\library\framework\web\filters\CInlineFilter.php(59): AdminController->filterAccessControl()
#4 C:\xampp\php\library\framework\web\filters\CFilterChain.php(131): CInlineFilter->filter()
#5 C:\xampp\php\library\framework\web\CController.php(292): CFilterChain->run()
#6 C:\xampp\php\library\framework\web\CController.php(266): AdminController->runActionWithFilters()
#7 C:\xampp\php\library\framework\web\CWebApplication.php(283): AdminController->run()
#8 C:\xampp\php\library\framework\web\CWebApplication.php(142): CWebApplication->runController()
#9 C:\xampp\php\library\framework\base\CApplication.php(162): CWebApplication->processRequest()
#10 C:\xampp\htdocs\dx\index.php(11): CWebApplication->run()
REQUEST_URI=/dx/admin/rank
in C:\xampp\htdocs\dx\protected\controllers\AdminController.php (13)
in C:\xampp\htdocs\dx\index.php (11)
2012/11/01 01:56:48 [error] [exception.CException] exception 'CException' with message 'Thuộc tính "AboutForm.title0" chưa được định nghĩa.' in C:\xampp\php\library\framework\base\CComponent.php:131
Stack trace:
#0 C:\xampp\php\library\framework\web\helpers\CHtml.php(2158): CComponent->__get('title0')
#1 C:\xampp\php\library\framework\web\helpers\CHtml.php(1887): CHtml::resolveValue(Object(AboutForm), 'title0')
#2 C:\xampp\php\library\framework\web\helpers\CHtml.php(1217): CHtml::activeInputField('text', Object(AboutForm), 'title0', Array)
#3 C:\xampp\php\library\framework\web\widgets\CActiveForm.php(655): CHtml::activeTextField(Object(AboutForm), 'title0', Array)
#4 C:\xampp\htdocs\dx\protected\modules\about\views\admin\add.php(9): CActiveForm->textField(Object(AboutForm), 'title0', Array)
#5 C:\xampp\php\library\framework\web\CBaseController.php(127): require('C:\xampp\htdocs...')
#6 C:\xampp\php\library\framework\web\CBaseController.php(96): CBaseController->renderInternal('C:\xampp\htdocs...', Array, true)
#7 C:\xampp\php\library\framework\web\CController.php(870): CBaseController->renderFile('C:\xampp\htdocs...', Array, true)
#8 C:\xampp\php\library\framework\web\CController.php(783): CController->renderPartial('add', Array, true)
#9 C:\xampp\htdocs\dx\protected\modules\about\controllers\AdminController.php(62): CController->render('add', Array)
#10 C:\xampp\php\library\framework\web\actions\CInlineAction.php(50): AdminController->actionAdd()
#11 C:\xampp\php\library\framework\web\CController.php(309): CInlineAction->runWithParams(Array)
#12 C:\xampp\php\library\framework\web\filters\CFilterChain.php(134): CController->runAction(Object(CInlineAction))
#13 C:\xampp\php\library\framework\web\filters\CFilter.php(41): CFilterChain->run()
#14 C:\xampp\php\library\framework\web\CController.php(1146): CFilter->filter(Object(CFilterChain))
#15 C:\xampp\php\library\framework\web\filters\CInlineFilter.php(59): CController->filterAccessControl(Object(CFilterChain))
#16 C:\xampp\php\library\framework\web\filters\CFilterChain.php(131): CInlineFilter->filter(Object(CFilterChain))
#17 C:\xampp\php\library\framework\web\CController.php(292): CFilterChain->run()
#18 C:\xampp\php\library\framework\web\CController.php(266): CController->runActionWithFilters(Object(CInlineAction), Array)
#19 C:\xampp\php\library\framework\web\CWebApplication.php(283): CController->run('add')
#20 C:\xampp\php\library\framework\web\CWebApplication.php(142): CWebApplication->runController('about/admin/add')
#21 C:\xampp\php\library\framework\base\CApplication.php(162): CWebApplication->processRequest()
#22 C:\xampp\htdocs\dx\index.php(11): CApplication->run()
#23 {main}
REQUEST_URI=/dx/admin/about/add
HTTP_REFERER=http://localhost/dx/admin/about
---
2012/11/01 01:58:16 [error] [exception.CException] exception 'CException' with message 'Thuộc tính "AboutForm.content0" chưa được định nghĩa.' in C:\xampp\php\library\framework\base\CComponent.php:131
Stack trace:
#0 C:\xampp\php\library\framework\web\helpers\CHtml.php(2158): CComponent->__get('content0')
#1 C:\xampp\php\library\framework\web\helpers\CHtml.php(1371): CHtml::resolveValue(Object(AboutForm), 'content0')
#2 C:\xampp\php\library\framework\web\widgets\CActiveForm.php(700): CHtml::activeTextArea(Object(AboutForm), 'content0', Array)
#3 C:\xampp\htdocs\dx\protected\modules\about\views\admin\add.php(17): CActiveForm->textArea(Object(AboutForm), 'content0', Array)
#4 C:\xampp\php\library\framework\web\CBaseController.php(127): require('C:\xampp\htdocs...')
#5 C:\xampp\php\library\framework\web\CBaseController.php(96): CBaseController->renderInternal('C:\xampp\htdocs...', Array, true)
#6 C:\xampp\php\library\framework\web\CController.php(870): CBaseController->renderFile('C:\xampp\htdocs...', Array, true)
#7 C:\xampp\php\library\framework\web\CController.php(783): CController->renderPartial('add', Array, true)
#8 C:\xampp\htdocs\dx\protected\modules\about\controllers\AdminController.php(62): CController->render('add', Array)
#9 C:\xampp\php\library\framework\web\actions\CInlineAction.php(50): AdminController->actionAdd()
#10 C:\xampp\php\library\framework\web\CController.php(309): CInlineAction->runWithParams(Array)
#11 C:\xampp\php\library\framework\web\filters\CFilterChain.php(134): CController->runAction(Object(CInlineAction))
#12 C:\xampp\php\library\framework\web\filters\CFilter.php(41): CFilterChain->run()
#13 C:\xampp\php\library\framework\web\CController.php(1146): CFilter->filter(Object(CFilterChain))
#14 C:\xampp\php\library\framework\web\filters\CInlineFilter.php(59): CController->filterAccessControl(Object(CFilterChain))
#15 C:\xampp\php\library\framework\web\filters\CFilterChain.php(131): CInlineFilter->filter(Object(CFilterChain))
#16 C:\xampp\php\library\framework\web\CController.php(292): CFilterChain->run()
#17 C:\xampp\php\library\framework\web\CController.php(266): CController->runActionWithFilters(Object(CInlineAction), Array)
#18 C:\xampp\php\library\framework\web\CWebApplication.php(283): CController->run('add')
#19 C:\xampp\php\library\framework\web\CWebApplication.php(142): CWebApplication->runController('about/admin/add')
#20 C:\xampp\php\library\framework\base\CApplication.php(162): CWebApplication->processRequest()
#21 C:\xampp\htdocs\dx\index.php(11): CApplication->run()
#22 {main}
REQUEST_URI=/dx/admin/about/add
HTTP_REFERER=http://localhost/dx/admin/about
---
2012/11/01 01:59:14 [error] [php] Undefined variable: key (C:\xampp\htdocs\dx\protected\modules\about\views\admin\add.php:25)
Stack trace:
#0 C:\xampp\php\library\framework\web\CController.php(870): AdminController->renderFile()
#1 C:\xampp\php\library\framework\web\CController.php(783): AdminController->renderPartial()
#2 C:\xampp\htdocs\dx\protected\modules\about\controllers\AdminController.php(62): AdminController->render()
#3 C:\xampp\php\library\framework\web\actions\CInlineAction.php(50): AdminController->actionAdd()
#4 C:\xampp\php\library\framework\web\CController.php(309): CInlineAction->runWithParams()
#5 C:\xampp\php\library\framework\web\filters\CFilterChain.php(134): AdminController->runAction()
#6 C:\xampp\php\library\framework\web\filters\CFilter.php(41): CFilterChain->run()
#7 C:\xampp\php\library\framework\web\CController.php(1146): CAccessControlFilter->filter()
#8 C:\xampp\php\library\framework\web\filters\CInlineFilter.php(59): AdminController->filterAccessControl()
#9 C:\xampp\php\library\framework\web\filters\CFilterChain.php(131): CInlineFilter->filter()
#10 C:\xampp\php\library\framework\web\CController.php(292): CFilterChain->run()
#11 C:\xampp\php\library\framework\web\CController.php(266): AdminController->runActionWithFilters()
#12 C:\xampp\php\library\framework\web\CWebApplication.php(283): AdminController->run()
#13 C:\xampp\php\library\framework\web\CWebApplication.php(142): CWebApplication->runController()
#14 C:\xampp\php\library\framework\base\CApplication.php(162): CWebApplication->processRequest()
#15 C:\xampp\htdocs\dx\index.php(11): CWebApplication->run()
REQUEST_URI=/dx/admin/about/add
in C:\xampp\htdocs\dx\protected\modules\about\views\admin\add.php (25)
in C:\xampp\htdocs\dx\protected\modules\about\controllers\AdminController.php (62)
in C:\xampp\htdocs\dx\index.php (11)
2012/11/01 02:06:36 [error] [exception.CException] exception 'CException' with message 'Thuộc tính "AboutForm.title0" chưa được định nghĩa.' in C:\xampp\php\library\framework\base\CComponent.php:131
Stack trace:
#0 C:\xampp\php\library\framework\web\helpers\CHtml.php(2158): CComponent->__get('title0')
#1 C:\xampp\php\library\framework\web\helpers\CHtml.php(1887): CHtml::resolveValue(Object(AboutForm), 'title0')
#2 C:\xampp\php\library\framework\web\helpers\CHtml.php(1217): CHtml::activeInputField('text', Object(AboutForm), 'title0', Array)
#3 C:\xampp\php\library\framework\web\widgets\CActiveForm.php(655): CHtml::activeTextField(Object(AboutForm), 'title0', Array)
#4 C:\xampp\htdocs\dx\protected\modules\about\views\admin\edit.php(9): CActiveForm->textField(Object(AboutForm), 'title0', Array)
#5 C:\xampp\php\library\framework\web\CBaseController.php(127): require('C:\xampp\htdocs...')
#6 C:\xampp\php\library\framework\web\CBaseController.php(96): CBaseController->renderInternal('C:\xampp\htdocs...', Array, true)
#7 C:\xampp\php\library\framework\web\CController.php(870): CBaseController->renderFile('C:\xampp\htdocs...', Array, true)
#8 C:\xampp\php\library\framework\web\CController.php(783): CController->renderPartial('edit', Array, true)
#9 C:\xampp\htdocs\dx\protected\modules\about\controllers\AdminController.php(97): CController->render('edit', Array)
#10 [internal function]: AdminController->actionEdit('48')
#11 C:\xampp\php\library\framework\web\actions\CAction.php(107): ReflectionMethod->invokeArgs(Object(AdminController), Array)
#12 C:\xampp\php\library\framework\web\actions\CInlineAction.php(48): CAction->runWithParamsInternal(Object(AdminController), Object(ReflectionMethod), Array)
#13 C:\xampp\php\library\framework\web\CController.php(309): CInlineAction->runWithParams(Array)
#14 C:\xampp\php\library\framework\web\filters\CFilterChain.php(134): CController->runAction(Object(CInlineAction))
#15 C:\xampp\php\library\framework\web\filters\CFilter.php(41): CFilterChain->run()
#16 C:\xampp\php\library\framework\web\CController.php(1146): CFilter->filter(Object(CFilterChain))
#17 C:\xampp\php\library\framework\web\filters\CInlineFilter.php(59): CController->filterAccessControl(Object(CFilterChain))
#18 C:\xampp\php\library\framework\web\filters\CFilterChain.php(131): CInlineFilter->filter(Object(CFilterChain))
#19 C:\xampp\php\library\framework\web\CController.php(292): CFilterChain->run()
#20 C:\xampp\php\library\framework\web\CController.php(266): CController->runActionWithFilters(Object(CInlineAction), Array)
#21 C:\xampp\php\library\framework\web\CWebApplication.php(283): CController->run('edit')
#22 C:\xampp\php\library\framework\web\CWebApplication.php(142): CWebApplication->runController('about/admin/edi...')
#23 C:\xampp\php\library\framework\base\CApplication.php(162): CWebApplication->processRequest()
#24 C:\xampp\htdocs\dx\index.php(11): CApplication->run()
#25 {main}
REQUEST_URI=/dx/admin/about/edit/48
HTTP_REFERER=http://localhost/dx/admin/about
---
2012/11/01 02:49:30 [error] [php] Trying to get property of non-object (C:\xampp\htdocs\dx\protected\controllers\AdminController.php:13)
Stack trace:
#0 C:\xampp\php\library\framework\web\filters\CFilterChain.php(134): AdminController->runAction()
#1 C:\xampp\php\library\framework\web\filters\CFilter.php(41): CFilterChain->run()
#2 C:\xampp\php\library\framework\web\CController.php(1146): CAccessControlFilter->filter()
#3 C:\xampp\php\library\framework\web\filters\CInlineFilter.php(59): AdminController->filterAccessControl()
#4 C:\xampp\php\library\framework\web\filters\CFilterChain.php(131): CInlineFilter->filter()
#5 C:\xampp\php\library\framework\web\CController.php(292): CFilterChain->run()
#6 C:\xampp\php\library\framework\web\CController.php(266): AdminController->runActionWithFilters()
#7 C:\xampp\php\library\framework\web\CWebApplication.php(283): AdminController->run()
#8 C:\xampp\php\library\framework\web\CWebApplication.php(142): CWebApplication->runController()
#9 C:\xampp\php\library\framework\base\CApplication.php(162): CWebApplication->processRequest()
#10 C:\xampp\htdocs\dx\index.php(11): CWebApplication->run()
REQUEST_URI=/dx/admin/rank
in C:\xampp\htdocs\dx\protected\controllers\AdminController.php (13)
in C:\xampp\htdocs\dx\index.php (11)
2012/11/01 02:53:22 [error] [exception.CException] exception 'CException' with message 'Thuộc tính "ContactForm.title0" chưa được định nghĩa.' in C:\xampp\php\library\framework\base\CComponent.php:131
Stack trace:
#0 C:\xampp\php\library\framework\web\helpers\CHtml.php(2158): CComponent->__get('title0')
#1 C:\xampp\php\library\framework\web\helpers\CHtml.php(1887): CHtml::resolveValue(Object(ContactForm), 'title0')
#2 C:\xampp\php\library\framework\web\helpers\CHtml.php(1217): CHtml::activeInputField('text', Object(ContactForm), 'title0', Array)
#3 C:\xampp\php\library\framework\web\widgets\CActiveForm.php(655): CHtml::activeTextField(Object(ContactForm), 'title0', Array)
#4 C:\xampp\htdocs\dx\protected\modules\contact\views\admin\edit.php(9): CActiveForm->textField(Object(ContactForm), 'title0', Array)
#5 C:\xampp\php\library\framework\web\CBaseController.php(127): require('C:\xampp\htdocs...')
#6 C:\xampp\php\library\framework\web\CBaseController.php(96): CBaseController->renderInternal('C:\xampp\htdocs...', Array, true)
#7 C:\xampp\php\library\framework\web\CController.php(870): CBaseController->renderFile('C:\xampp\htdocs...', Array, true)
#8 C:\xampp\php\library\framework\web\CController.php(783): CController->renderPartial('edit', Array, true)
#9 C:\xampp\htdocs\dx\protected\modules\contact\controllers\AdminController.php(69): CController->render('edit', Array)
#10 [internal function]: AdminController->actionEdit('2')
#11 C:\xampp\php\library\framework\web\actions\CAction.php(107): ReflectionMethod->invokeArgs(Object(AdminController), Array)
#12 C:\xampp\php\library\framework\web\actions\CInlineAction.php(48): CAction->runWithParamsInternal(Object(AdminController), Object(ReflectionMethod), Array)
#13 C:\xampp\php\library\framework\web\CController.php(309): CInlineAction->runWithParams(Array)
#14 C:\xampp\php\library\framework\web\filters\CFilterChain.php(134): CController->runAction(Object(CInlineAction))
#15 C:\xampp\php\library\framework\web\filters\CFilter.php(41): CFilterChain->run()
#16 C:\xampp\php\library\framework\web\CController.php(1146): CFilter->filter(Object(CFilterChain))
#17 C:\xampp\php\library\framework\web\filters\CInlineFilter.php(59): CController->filterAccessControl(Object(CFilterChain))
#18 C:\xampp\php\library\framework\web\filters\CFilterChain.php(131): CInlineFilter->filter(Object(CFilterChain))
#19 C:\xampp\php\library\framework\web\CController.php(292): CFilterChain->run()
#20 C:\xampp\php\library\framework\web\CController.php(266): CController->runActionWithFilters(Object(CInlineAction), Array)
#21 C:\xampp\php\library\framework\web\CWebApplication.php(283): CController->run('edit')
#22 C:\xampp\php\library\framework\web\CWebApplication.php(142): CWebApplication->runController('contact/admin/e...')
#23 C:\xampp\php\library\framework\base\CApplication.php(162): CWebApplication->processRequest()
#24 C:\xampp\htdocs\dx\index.php(11): CApplication->run()
#25 {main}
REQUEST_URI=/dx/admin/contact/edit/2
HTTP_REFERER=http://localhost/dx/admin/contact
---
2012/11/01 02:53:58 [error] [exception.CException] exception 'CException' with message 'Thuộc tính "ContactForm.title0" chưa được định nghĩa.' in C:\xampp\php\library\framework\base\CComponent.php:131
Stack trace:
#0 C:\xampp\php\library\framework\web\helpers\CHtml.php(2158): CComponent->__get('title0')
#1 C:\xampp\php\library\framework\web\helpers\CHtml.php(1887): CHtml::resolveValue(Object(ContactForm), 'title0')
#2 C:\xampp\php\library\framework\web\helpers\CHtml.php(1217): CHtml::activeInputField('text', Object(ContactForm), 'title0', Array)
#3 C:\xampp\php\library\framework\web\widgets\CActiveForm.php(655): CHtml::activeTextField(Object(ContactForm), 'title0', Array)
#4 C:\xampp\htdocs\dx\protected\modules\contact\views\admin\edit.php(9): CActiveForm->textField(Object(ContactForm), 'title0', Array)
#5 C:\xampp\php\library\framework\web\CBaseController.php(127): require('C:\xampp\htdocs...')
#6 C:\xampp\php\library\framework\web\CBaseController.php(96): CBaseController->renderInternal('C:\xampp\htdocs...', Array, true)
#7 C:\xampp\php\library\framework\web\CController.php(870): CBaseController->renderFile('C:\xampp\htdocs...', Array, true)
#8 C:\xampp\php\library\framework\web\CController.php(783): CController->renderPartial('edit', Array, true)
#9 C:\xampp\htdocs\dx\protected\modules\contact\controllers\AdminController.php(69): CController->render('edit', Array)
#10 [internal function]: AdminController->actionEdit('2')
#11 C:\xampp\php\library\framework\web\actions\CAction.php(107): ReflectionMethod->invokeArgs(Object(AdminController), Array)
#12 C:\xampp\php\library\framework\web\actions\CInlineAction.php(48): CAction->runWithParamsInternal(Object(AdminController), Object(ReflectionMethod), Array)
#13 C:\xampp\php\library\framework\web\CController.php(309): CInlineAction->runWithParams(Array)
#14 C:\xampp\php\library\framework\web\filters\CFilterChain.php(134): CController->runAction(Object(CInlineAction))
#15 C:\xampp\php\library\framework\web\filters\CFilter.php(41): CFilterChain->run()
#16 C:\xampp\php\library\framework\web\CController.php(1146): CFilter->filter(Object(CFilterChain))
#17 C:\xampp\php\library\framework\web\filters\CInlineFilter.php(59): CController->filterAccessControl(Object(CFilterChain))
#18 C:\xampp\php\library\framework\web\filters\CFilterChain.php(131): CInlineFilter->filter(Object(CFilterChain))
#19 C:\xampp\php\library\framework\web\CController.php(292): CFilterChain->run()
#20 C:\xampp\php\library\framework\web\CController.php(266): CController->runActionWithFilters(Object(CInlineAction), Array)
#21 C:\xampp\php\library\framework\web\CWebApplication.php(283): CController->run('edit')
#22 C:\xampp\php\library\framework\web\CWebApplication.php(142): CWebApplication->runController('contact/admin/e...')
#23 C:\xampp\php\library\framework\base\CApplication.php(162): CWebApplication->processRequest()
#24 C:\xampp\htdocs\dx\index.php(11): CApplication->run()
#25 {main}
REQUEST_URI=/dx/admin/contact/edit/2
HTTP_REFERER=http://localhost/dx/admin/contact
---
2012/11/01 02:55:28 [error] [exception.CException] exception 'CException' with message 'Thuộc tính "ContactForm.title0" chưa được định nghĩa.' in C:\xampp\php\library\framework\base\CComponent.php:131
Stack trace:
#0 C:\xampp\php\library\framework\base\CModel.php(593): CComponent->__get('title0')
#1 C:\xampp\htdocs\dx\protected\modules\contact\models\ContactLanguage.php(101): CModel->offsetGet('title0')
#2 C:\xampp\htdocs\dx\protected\modules\contact\models\Contact.php(196): ContactLanguage->saveRecord('2', Object(ContactForm))
#3 C:\xampp\htdocs\dx\protected\modules\contact\controllers\AdminController.php(64): Contact->saveRecord(Object(ContactForm), '2')
#4 [internal function]: AdminController->actionEdit('2')
#5 C:\xampp\php\library\framework\web\actions\CAction.php(107): ReflectionMethod->invokeArgs(Object(AdminController), Array)
#6 C:\xampp\php\library\framework\web\actions\CInlineAction.php(48): CAction->runWithParamsInternal(Object(AdminController), Object(ReflectionMethod), Array)
#7 C:\xampp\php\library\framework\web\CController.php(309): CInlineAction->runWithParams(Array)
#8 C:\xampp\php\library\framework\web\filters\CFilterChain.php(134): CController->runAction(Object(CInlineAction))
#9 C:\xampp\php\library\framework\web\filters\CFilter.php(41): CFilterChain->run()
#10 C:\xampp\php\library\framework\web\CController.php(1146): CFilter->filter(Object(CFilterChain))
#11 C:\xampp\php\library\framework\web\filters\CInlineFilter.php(59): CController->filterAccessControl(Object(CFilterChain))
#12 C:\xampp\php\library\framework\web\filters\CFilterChain.php(131): CInlineFilter->filter(Object(CFilterChain))
#13 C:\xampp\php\library\framework\web\CController.php(292): CFilterChain->run()
#14 C:\xampp\php\library\framework\web\CController.php(266): CController->runActionWithFilters(Object(CInlineAction), Array)
#15 C:\xampp\php\library\framework\web\CWebApplication.php(283): CController->run('edit')
#16 C:\xampp\php\library\framework\web\CWebApplication.php(142): CWebApplication->runController('contact/admin/e...')
#17 C:\xampp\php\library\framework\base\CApplication.php(162): CWebApplication->processRequest()
#18 C:\xampp\htdocs\dx\index.php(11): CApplication->run()
#19 {main}
REQUEST_URI=/dx/admin/contact/edit/2
HTTP_REFERER=http://localhost/dx/admin/contact/edit/2
---
2012/11/01 02:57:53 [error] [php] Trying to get property of non-object (C:\xampp\htdocs\dx\protected\controllers\AdminController.php:13)
Stack trace:
#0 C:\xampp\php\library\framework\web\filters\CFilterChain.php(134): AdminController->runAction()
#1 C:\xampp\php\library\framework\web\filters\CFilter.php(41): CFilterChain->run()
#2 C:\xampp\php\library\framework\web\CController.php(1146): CAccessControlFilter->filter()
#3 C:\xampp\php\library\framework\web\filters\CInlineFilter.php(59): AdminController->filterAccessControl()
#4 C:\xampp\php\library\framework\web\filters\CFilterChain.php(131): CInlineFilter->filter()
#5 C:\xampp\php\library\framework\web\CController.php(292): CFilterChain->run()
#6 C:\xampp\php\library\framework\web\CController.php(266): AdminController->runActionWithFilters()
#7 C:\xampp\php\library\framework\web\CWebApplication.php(283): AdminController->run()
#8 C:\xampp\php\library\framework\web\CWebApplication.php(142): CWebApplication->runController()
#9 C:\xampp\php\library\framework\base\CApplication.php(162): CWebApplication->processRequest()
#10 C:\xampp\htdocs\dx\index.php(11): CWebApplication->run()
REQUEST_URI=/dx/admin/rank
in C:\xampp\htdocs\dx\protected\controllers\AdminController.php (13)
in C:\xampp\htdocs\dx\index.php (11)
2012/11/01 02:58:00 [error] [php] Trying to get property of non-object (C:\xampp\htdocs\dx\protected\controllers\AdminController.php:13)
Stack trace:
#0 C:\xampp\php\library\framework\web\filters\CFilterChain.php(134): AdminController->runAction()
#1 C:\xampp\php\library\framework\web\filters\CFilter.php(41): CFilterChain->run()
#2 C:\xampp\php\library\framework\web\CController.php(1146): CAccessControlFilter->filter()
#3 C:\xampp\php\library\framework\web\filters\CInlineFilter.php(59): AdminController->filterAccessControl()
#4 C:\xampp\php\library\framework\web\filters\CFilterChain.php(131): CInlineFilter->filter()
#5 C:\xampp\php\library\framework\web\CController.php(292): CFilterChain->run()
#6 C:\xampp\php\library\framework\web\CController.php(266): AdminController->runActionWithFilters()
#7 C:\xampp\php\library\framework\web\CWebApplication.php(283): AdminController->run()
#8 C:\xampp\php\library\framework\web\CWebApplication.php(142): CWebApplication->runController()
#9 C:\xampp\php\library\framework\base\CApplication.php(162): CWebApplication->processRequest()
#10 C:\xampp\htdocs\dx\index.php(11): CWebApplication->run()
REQUEST_URI=/dx/admin/rank
in C:\xampp\htdocs\dx\protected\controllers\AdminController.php (13)
in C:\xampp\htdocs\dx\index.php (11)
2012/11/01 02:58:46 [error] [php] Trying to get property of non-object (C:\xampp\htdocs\dx\protected\controllers\AdminController.php:13)
Stack trace:
#0 C:\xampp\php\library\framework\web\filters\CFilterChain.php(134): AdminController->runAction()
#1 C:\xampp\php\library\framework\web\filters\CFilter.php(41): CFilterChain->run()
#2 C:\xampp\php\library\framework\web\CController.php(1146): CAccessControlFilter->filter()
#3 C:\xampp\php\library\framework\web\filters\CInlineFilter.php(59): AdminController->filterAccessControl()
#4 C:\xampp\php\library\framework\web\filters\CFilterChain.php(131): CInlineFilter->filter()
#5 C:\xampp\php\library\framework\web\CController.php(292): CFilterChain->run()
#6 C:\xampp\php\library\framework\web\CController.php(266): AdminController->runActionWithFilters()
#7 C:\xampp\php\library\framework\web\CWebApplication.php(283): AdminController->run()
#8 C:\xampp\php\library\framework\web\CWebApplication.php(142): CWebApplication->runController()
#9 C:\xampp\php\library\framework\base\CApplication.php(162): CWebApplication->processRequest()
#10 C:\xampp\htdocs\dx\index.php(11): CWebApplication->run()
REQUEST_URI=/dx/admin/rank
in C:\xampp\htdocs\dx\protected\controllers\AdminController.php (13)
in C:\xampp\htdocs\dx\index.php (11)
2012/11/01 02:59:30 [error] [exception.CHttpException.404] exception 'CHttpException' with message 'Unable to resolve the request "themes/yiiproject/images/tital-bullet.gif".' in C:\xampp\php\library\framework\web\CWebApplication.php:287
Stack trace:
#0 C:\xampp\php\library\framework\web\CWebApplication.php(142): CWebApplication->runController('themes/yiiproje...')
#1 C:\xampp\php\library\framework\base\CApplication.php(162): CWebApplication->processRequest()
#2 C:\xampp\htdocs\dx\index.php(11): CApplication->run()
#3 {main}
REQUEST_URI=/dx/themes/yiiproject/images/tital-bullet.gif
HTTP_REFERER=http://localhost/dx/
---
2012/11/01 03:17:40 [error] [php] Trying to get property of non-object (C:\xampp\htdocs\dx\protected\controllers\AdminController.php:13)
Stack trace:
#0 C:\xampp\php\library\framework\web\filters\CFilterChain.php(134): AdminController->runAction()
#1 C:\xampp\php\library\framework\web\filters\CFilter.php(41): CFilterChain->run()
#2 C:\xampp\php\library\framework\web\CController.php(1146): CAccessControlFilter->filter()
#3 C:\xampp\php\library\framework\web\filters\CInlineFilter.php(59): AdminController->filterAccessControl()
#4 C:\xampp\php\library\framework\web\filters\CFilterChain.php(131): CInlineFilter->filter()
#5 C:\xampp\php\library\framework\web\CController.php(292): CFilterChain->run()
#6 C:\xampp\php\library\framework\web\CController.php(266): AdminController->runActionWithFilters()
#7 C:\xampp\php\library\framework\web\CWebApplication.php(283): AdminController->run()
#8 C:\xampp\php\library\framework\web\CWebApplication.php(142): CWebApplication->runController()
#9 C:\xampp\php\library\framework\base\CApplication.php(162): CWebApplication->processRequest()
#10 C:\xampp\htdocs\dx\index.php(11): CWebApplication->run()
REQUEST_URI=/dx/admin/rank
in C:\xampp\htdocs\dx\protected\controllers\AdminController.php (13)
in C:\xampp\htdocs\dx\index.php (11)
2012/11/01 03:21:17 [error] [exception.CException] exception 'CException' with message 'Thuộc tính "ProductsCatForm.cat_title0" chưa được định nghĩa.' in C:\xampp\php\library\framework\base\CComponent.php:131
Stack trace:
#0 C:\xampp\php\library\framework\web\helpers\CHtml.php(2158): CComponent->__get('cat_title0')
#1 C:\xampp\php\library\framework\web\helpers\CHtml.php(1887): CHtml::resolveValue(Object(ProductsCatForm), 'cat_title0')
#2 C:\xampp\php\library\framework\web\helpers\CHtml.php(1217): CHtml::activeInputField('text', Object(ProductsCatForm), 'cat_title0', Array)
#3 C:\xampp\php\library\framework\web\widgets\CActiveForm.php(655): CHtml::activeTextField(Object(ProductsCatForm), 'cat_title0', Array)
#4 C:\xampp\htdocs\dx\protected\modules\products\views\admin\addcat.php(15): CActiveForm->textField(Object(ProductsCatForm), 'cat_title0', Array)
#5 C:\xampp\php\library\framework\web\CBaseController.php(127): require('C:\xampp\htdocs...')
#6 C:\xampp\php\library\framework\web\CBaseController.php(96): CBaseController->renderInternal('C:\xampp\htdocs...', Array, true)
#7 C:\xampp\php\library\framework\web\CController.php(870): CBaseController->renderFile('C:\xampp\htdocs...', Array, true)
#8 C:\xampp\php\library\framework\web\CController.php(783): CController->renderPartial('addcat', Array, true)
#9 C:\xampp\htdocs\dx\protected\modules\products\controllers\AdminController.php(32): CController->render('addcat', Array)
#10 C:\xampp\php\library\framework\web\actions\CInlineAction.php(50): AdminController->actionAddCat()
#11 C:\xampp\php\library\framework\web\CController.php(309): CInlineAction->runWithParams(Array)
#12 C:\xampp\php\library\framework\web\filters\CFilterChain.php(134): CController->runAction(Object(CInlineAction))
#13 C:\xampp\php\library\framework\web\filters\CFilter.php(41): CFilterChain->run()
#14 C:\xampp\php\library\framework\web\CController.php(1146): CFilter->filter(Object(CFilterChain))
#15 C:\xampp\php\library\framework\web\filters\CInlineFilter.php(59): CController->filterAccessControl(Object(CFilterChain))
#16 C:\xampp\php\library\framework\web\filters\CFilterChain.php(131): CInlineFilter->filter(Object(CFilterChain))
#17 C:\xampp\php\library\framework\web\CController.php(292): CFilterChain->run()
#18 C:\xampp\php\library\framework\web\CController.php(266): CController->runActionWithFilters(Object(CInlineAction), Array)
#19 C:\xampp\php\library\framework\web\CWebApplication.php(283): CController->run('addcat')
#20 C:\xampp\php\library\framework\web\CWebApplication.php(142): CWebApplication->runController('products/admin/...')
#21 C:\xampp\php\library\framework\base\CApplication.php(162): CWebApplication->processRequest()
#22 C:\xampp\htdocs\dx\index.php(11): CApplication->run()
#23 {main}
REQUEST_URI=/dx/admin/products/addcat
HTTP_REFERER=http://localhost/dx/admin/products/cat
---
2012/11/01 03:22:59 [error] [exception.CException] exception 'CException' with message 'Thuộc tính "ProductsForm.title0" chưa được định nghĩa.' in C:\xampp\php\library\framework\base\CComponent.php:131
Stack trace:
#0 C:\xampp\php\library\framework\web\helpers\CHtml.php(2158): CComponent->__get('title0')
#1 C:\xampp\php\library\framework\web\helpers\CHtml.php(1887): CHtml::resolveValue(Object(ProductsForm), 'title0')
#2 C:\xampp\php\library\framework\web\helpers\CHtml.php(1217): CHtml::activeInputField('text', Object(ProductsForm), 'title0', Array)
#3 C:\xampp\php\library\framework\web\widgets\CActiveForm.php(655): CHtml::activeTextField(Object(ProductsForm), 'title0', Array)
#4 C:\xampp\htdocs\dx\protected\modules\products\views\admin\add.php(18): CActiveForm->textField(Object(ProductsForm), 'title0', Array)
#5 C:\xampp\php\library\framework\web\CBaseController.php(127): require('C:\xampp\htdocs...')
#6 C:\xampp\php\library\framework\web\CBaseController.php(96): CBaseController->renderInternal('C:\xampp\htdocs...', Array, true)
#7 C:\xampp\php\library\framework\web\CController.php(870): CBaseController->renderFile('C:\xampp\htdocs...', Array, true)
#8 C:\xampp\php\library\framework\web\CController.php(783): CController->renderPartial('add', Array, true)
#9 C:\xampp\htdocs\dx\protected\modules\products\controllers\AdminController.php(148): CController->render('add', Array)
#10 C:\xampp\php\library\framework\web\actions\CInlineAction.php(50): AdminController->actionAdd()
#11 C:\xampp\php\library\framework\web\CController.php(309): CInlineAction->runWithParams(Array)
#12 C:\xampp\php\library\framework\web\filters\CFilterChain.php(134): CController->runAction(Object(CInlineAction))
#13 C:\xampp\php\library\framework\web\filters\CFilter.php(41): CFilterChain->run()
#14 C:\xampp\php\library\framework\web\CController.php(1146): CFilter->filter(Object(CFilterChain))
#15 C:\xampp\php\library\framework\web\filters\CInlineFilter.php(59): CController->filterAccessControl(Object(CFilterChain))
#16 C:\xampp\php\library\framework\web\filters\CFilterChain.php(131): CInlineFilter->filter(Object(CFilterChain))
#17 C:\xampp\php\library\framework\web\CController.php(292): CFilterChain->run()
#18 C:\xampp\php\library\framework\web\CController.php(266): CController->runActionWithFilters(Object(CInlineAction), Array)
#19 C:\xampp\php\library\framework\web\CWebApplication.php(283): CController->run('add')
#20 C:\xampp\php\library\framework\web\CWebApplication.php(142): CWebApplication->runController('products/admin/...')
#21 C:\xampp\php\library\framework\base\CApplication.php(162): CWebApplication->processRequest()
#22 C:\xampp\htdocs\dx\index.php(11): CApplication->run()
#23 {main}
REQUEST_URI=/dx/admin/products/add
HTTP_REFERER=http://localhost/dx/admin/products
---
2012/11/01 03:25:08 [error] [php] Trying to get property of non-object (C:\xampp\htdocs\dx\protected\controllers\AdminController.php:13)
Stack trace:
#0 C:\xampp\php\library\framework\web\filters\CFilterChain.php(134): AdminController->runAction()
#1 C:\xampp\php\library\framework\web\filters\CFilter.php(41): CFilterChain->run()
#2 C:\xampp\php\library\framework\web\CController.php(1146): CAccessControlFilter->filter()
#3 C:\xampp\php\library\framework\web\filters\CInlineFilter.php(59): AdminController->filterAccessControl()
#4 C:\xampp\php\library\framework\web\filters\CFilterChain.php(131): CInlineFilter->filter()
#5 C:\xampp\php\library\framework\web\CController.php(292): CFilterChain->run()
#6 C:\xampp\php\library\framework\web\CController.php(266): AdminController->runActionWithFilters()
#7 C:\xampp\php\library\framework\web\CWebApplication.php(283): AdminController->run()
#8 C:\xampp\php\library\framework\web\CWebApplication.php(142): CWebApplication->runController()
#9 C:\xampp\php\library\framework\base\CApplication.php(162): CWebApplication->processRequest()
#10 C:\xampp\htdocs\dx\index.php(11): CWebApplication->run()
REQUEST_URI=/dx/admin/rank
in C:\xampp\htdocs\dx\protected\controllers\AdminController.php (13)
in C:\xampp\htdocs\dx\index.php (11)
2012/11/01 03:26:06 [error] [php] Trying to get property of non-object (C:\xampp\htdocs\dx\protected\controllers\AdminController.php:13)
Stack trace:
#0 C:\xampp\php\library\framework\web\filters\CFilterChain.php(134): AdminController->runAction()
#1 C:\xampp\php\library\framework\web\filters\CFilter.php(41): CFilterChain->run()
#2 C:\xampp\php\library\framework\web\CController.php(1146): CAccessControlFilter->filter()
#3 C:\xampp\php\library\framework\web\filters\CInlineFilter.php(59): AdminController->filterAccessControl()
#4 C:\xampp\php\library\framework\web\filters\CFilterChain.php(131): CInlineFilter->filter()
#5 C:\xampp\php\library\framework\web\CController.php(292): CFilterChain->run()
#6 C:\xampp\php\library\framework\web\CController.php(266): AdminController->runActionWithFilters()
#7 C:\xampp\php\library\framework\web\CWebApplication.php(283): AdminController->run()
#8 C:\xampp\php\library\framework\web\CWebApplication.php(142): CWebApplication->runController()
#9 C:\xampp\php\library\framework\base\CApplication.php(162): CWebApplication->processRequest()
#10 C:\xampp\htdocs\dx\index.php(11): CWebApplication->run()
REQUEST_URI=/dx/admin/rank
in C:\xampp\htdocs\dx\protected\controllers\AdminController.php (13)
in C:\xampp\htdocs\dx\index.php (11)
2012/11/01 03:27:25 [error] [php] Trying to get property of non-object (C:\xampp\htdocs\dx\protected\controllers\AdminController.php:13)
Stack trace:
#0 C:\xampp\php\library\framework\web\filters\CFilterChain.php(134): AdminController->runAction()
#1 C:\xampp\php\library\framework\web\filters\CFilter.php(41): CFilterChain->run()
#2 C:\xampp\php\library\framework\web\CController.php(1146): CAccessControlFilter->filter()
#3 C:\xampp\php\library\framework\web\filters\CInlineFilter.php(59): AdminController->filterAccessControl()
#4 C:\xampp\php\library\framework\web\filters\CFilterChain.php(131): CInlineFilter->filter()
#5 C:\xampp\php\library\framework\web\CController.php(292): CFilterChain->run()
#6 C:\xampp\php\library\framework\web\CController.php(266): AdminController->runActionWithFilters()
#7 C:\xampp\php\library\framework\web\CWebApplication.php(283): AdminController->run()
#8 C:\xampp\php\library\framework\web\CWebApplication.php(142): CWebApplication->runController()
#9 C:\xampp\php\library\framework\base\CApplication.php(162): CWebApplication->processRequest()
#10 C:\xampp\htdocs\dx\index.php(11): CWebApplication->run()
REQUEST_URI=/dx/admin/rank
in C:\xampp\htdocs\dx\protected\controllers\AdminController.php (13)
in C:\xampp\htdocs\dx\index.php (11)
2012/11/01 03:28:12 [error] [exception.CException] exception 'CException' with message 'Thuộc tính "NewsCatForm.cat_title0" chưa được định nghĩa.' in C:\xampp\php\library\framework\base\CComponent.php:131
Stack trace:
#0 C:\xampp\php\library\framework\web\helpers\CHtml.php(2158): CComponent->__get('cat_title0')
#1 C:\xampp\php\library\framework\web\helpers\CHtml.php(1887): CHtml::resolveValue(Object(NewsCatForm), 'cat_title0')
#2 C:\xampp\php\library\framework\web\helpers\CHtml.php(1217): CHtml::activeInputField('text', Object(NewsCatForm), 'cat_title0', Array)
#3 C:\xampp\php\library\framework\web\widgets\CActiveForm.php(655): CHtml::activeTextField(Object(NewsCatForm), 'cat_title0', Array)
#4 C:\xampp\htdocs\dx\protected\modules\news\views\admin\addcat.php(15): CActiveForm->textField(Object(NewsCatForm), 'cat_title0', Array)
#5 C:\xampp\php\library\framework\web\CBaseController.php(127): require('C:\xampp\htdocs...')
#6 C:\xampp\php\library\framework\web\CBaseController.php(96): CBaseController->renderInternal('C:\xampp\htdocs...', Array, true)
#7 C:\xampp\php\library\framework\web\CController.php(870): CBaseController->renderFile('C:\xampp\htdocs...', Array, true)
#8 C:\xampp\php\library\framework\web\CController.php(783): CController->renderPartial('addcat', Array, true)
#9 C:\xampp\htdocs\dx\protected\modules\news\controllers\AdminController.php(32): CController->render('addcat', Array)
#10 C:\xampp\php\library\framework\web\actions\CInlineAction.php(50): AdminController->actionAddCat()
#11 C:\xampp\php\library\framework\web\CController.php(309): CInlineAction->runWithParams(Array)
#12 C:\xampp\php\library\framework\web\filters\CFilterChain.php(134): CController->runAction(Object(CInlineAction))
#13 C:\xampp\php\library\framework\web\filters\CFilter.php(41): CFilterChain->run()
#14 C:\xampp\php\library\framework\web\CController.php(1146): CFilter->filter(Object(CFilterChain))
#15 C:\xampp\php\library\framework\web\filters\CInlineFilter.php(59): CController->filterAccessControl(Object(CFilterChain))
#16 C:\xampp\php\library\framework\web\filters\CFilterChain.php(131): CInlineFilter->filter(Object(CFilterChain))
#17 C:\xampp\php\library\framework\web\CController.php(292): CFilterChain->run()
#18 C:\xampp\php\library\framework\web\CController.php(266): CController->runActionWithFilters(Object(CInlineAction), Array)
#19 C:\xampp\php\library\framework\web\CWebApplication.php(283): CController->run('addcat')
#20 C:\xampp\php\library\framework\web\CWebApplication.php(142): CWebApplication->runController('news/admin/addc...')
#21 C:\xampp\php\library\framework\base\CApplication.php(162): CWebApplication->processRequest()
#22 C:\xampp\htdocs\dx\index.php(11): CApplication->run()
#23 {main}
REQUEST_URI=/dx/admin/news/addcat
HTTP_REFERER=http://localhost/dx/admin/news/cat
---
2012/11/01 03:33:50 [error] [php] Trying to get property of non-object (C:\xampp\htdocs\dx\protected\controllers\AdminController.php:13)
Stack trace:
#0 C:\xampp\php\library\framework\web\filters\CFilterChain.php(134): AdminController->runAction()
#1 C:\xampp\php\library\framework\web\filters\CFilter.php(41): CFilterChain->run()
#2 C:\xampp\php\library\framework\web\CController.php(1146): CAccessControlFilter->filter()
#3 C:\xampp\php\library\framework\web\filters\CInlineFilter.php(59): AdminController->filterAccessControl()
#4 C:\xampp\php\library\framework\web\filters\CFilterChain.php(131): CInlineFilter->filter()
#5 C:\xampp\php\library\framework\web\CController.php(292): CFilterChain->run()
#6 C:\xampp\php\library\framework\web\CController.php(266): AdminController->runActionWithFilters()
#7 C:\xampp\php\library\framework\web\CWebApplication.php(283): AdminController->run()
#8 C:\xampp\php\library\framework\web\CWebApplication.php(142): CWebApplication->runController()
#9 C:\xampp\php\library\framework\base\CApplication.php(162): CWebApplication->processRequest()
#10 C:\xampp\htdocs\dx\index.php(11): CWebApplication->run()
REQUEST_URI=/dx/admin/rank
in C:\xampp\htdocs\dx\protected\controllers\AdminController.php (13)
in C:\xampp\htdocs\dx\index.php (11)
2012/11/01 03:48:52 [error] [php] Trying to get property of non-object (C:\xampp\htdocs\dx\protected\controllers\AdminController.php:13)
Stack trace:
#0 C:\xampp\php\library\framework\web\filters\CFilterChain.php(134): AdminController->runAction()
#1 C:\xampp\php\library\framework\web\filters\CFilter.php(41): CFilterChain->run()
#2 C:\xampp\php\library\framework\web\CController.php(1146): CAccessControlFilter->filter()
#3 C:\xampp\php\library\framework\web\filters\CInlineFilter.php(59): AdminController->filterAccessControl()
#4 C:\xampp\php\library\framework\web\filters\CFilterChain.php(131): CInlineFilter->filter()
#5 C:\xampp\php\library\framework\web\CController.php(292): CFilterChain->run()
#6 C:\xampp\php\library\framework\web\CController.php(266): AdminController->runActionWithFilters()
#7 C:\xampp\php\library\framework\web\CWebApplication.php(283): AdminController->run()
#8 C:\xampp\php\library\framework\web\CWebApplication.php(142): CWebApplication->runController()
#9 C:\xampp\php\library\framework\base\CApplication.php(162): CWebApplication->processRequest()
#10 C:\xampp\htdocs\dx\index.php(11): CWebApplication->run()
REQUEST_URI=/dx/admin/rank
in C:\xampp\htdocs\dx\protected\controllers\AdminController.php (13)
in C:\xampp\htdocs\dx\index.php (11)
2012/11/01 03:51:55 [error] [php] Undefined index: projects (C:\xampp\htdocs\dx\themes\admin\views\layouts\main.php:83)
Stack trace:
#0 C:\xampp\php\library\framework\web\widgets\CContentDecorator.php(77): AdminController->renderFile()
#1 C:\xampp\php\library\framework\web\widgets\CContentDecorator.php(55): CContentDecorator->decorate()
#2 C:\xampp\php\library\framework\web\widgets\COutputProcessor.php(45): CContentDecorator->processOutput()
#3 C:\xampp\php\library\framework\web\CBaseController.php(207): CContentDecorator->run()
#4 C:\xampp\php\library\framework\web\CBaseController.php(301): AdminController->endWidget()
#5 C:\xampp\htdocs\dx\themes\admin\views\layouts\column-2.php(5): AdminController->endContent()
#6 C:\xampp\php\library\framework\web\CBaseController.php(127): require()
#7 C:\xampp\php\library\framework\web\CBaseController.php(96): AdminController->renderInternal()
#8 C:\xampp\php\library\framework\web\CController.php(785): AdminController->renderFile()
#9 C:\xampp\htdocs\dx\protected\controllers\AdminController.php(8): AdminController->render()
#10 C:\xampp\php\library\framework\web\actions\CInlineAction.php(50): AdminController->actionIndex()
#11 C:\xampp\php\library\framework\web\CController.php(309): CInlineAction->runWithParams()
#12 C:\xampp\php\library\framework\web\filters\CFilterChain.php(134): AdminController->runAction()
#13 C:\xampp\php\library\framework\web\filters\CFilter.php(41): CFilterChain->run()
#14 C:\xampp\php\library\framework\web\CController.php(1146): CAccessControlFilter->filter()
#15 C:\xampp\php\library\framework\web\filters\CInlineFilter.php(59): AdminController->filterAccessControl()
#16 C:\xampp\php\library\framework\web\filters\CFilterChain.php(131): CInlineFilter->filter()
#17 C:\xampp\php\library\framework\web\CController.php(292): CFilterChain->run()
#18 C:\xampp\php\library\framework\web\CController.php(266): AdminController->runActionWithFilters()
#19 C:\xampp\php\library\framework\web\CWebApplication.php(283): AdminController->run()
#20 C:\xampp\php\library\framework\web\CWebApplication.php(142): CWebApplication->runController()
#21 C:\xampp\php\library\framework\base\CApplication.php(162): CWebApplication->processRequest()
#22 C:\xampp\htdocs\dx\index.php(11): CWebApplication->run()
REQUEST_URI=/dx/admin
in C:\xampp\htdocs\dx\themes\admin\views\layouts\main.php (83)
in C:\xampp\htdocs\dx\themes\admin\views\layouts\column-2.php (5)
in C:\xampp\htdocs\dx\protected\controllers\AdminController.php (8)
2012/11/01 03:52:34 [error] [php] Trying to get property of non-object (C:\xampp\htdocs\dx\protected\controllers\AdminController.php:13)
Stack trace:
#0 C:\xampp\php\library\framework\web\filters\CFilterChain.php(134): AdminController->runAction()
#1 C:\xampp\php\library\framework\web\filters\CFilter.php(41): CFilterChain->run()
#2 C:\xampp\php\library\framework\web\CController.php(1146): CAccessControlFilter->filter()
#3 C:\xampp\php\library\framework\web\filters\CInlineFilter.php(59): AdminController->filterAccessControl()
#4 C:\xampp\php\library\framework\web\filters\CFilterChain.php(131): CInlineFilter->filter()
#5 C:\xampp\php\library\framework\web\CController.php(292): CFilterChain->run()
#6 C:\xampp\php\library\framework\web\CController.php(266): AdminController->runActionWithFilters()
#7 C:\xampp\php\library\framework\web\CWebApplication.php(283): AdminController->run()
#8 C:\xampp\php\library\framework\web\CWebApplication.php(142): CWebApplication->runController()
#9 C:\xampp\php\library\framework\base\CApplication.php(162): CWebApplication->processRequest()
#10 C:\xampp\htdocs\dx\index.php(11): CWebApplication->run()
REQUEST_URI=/dx/admin/rank
in C:\xampp\htdocs\dx\protected\controllers\AdminController.php (13)
in C:\xampp\htdocs\dx\index.php (11)
2012/11/01 03:52:50 [error] [php] Trying to get property of non-object (C:\xampp\htdocs\dx\protected\controllers\AdminController.php:13)
Stack trace:
#0 C:\xampp\php\library\framework\web\filters\CFilterChain.php(134): AdminController->runAction()
#1 C:\xampp\php\library\framework\web\filters\CFilter.php(41): CFilterChain->run()
#2 C:\xampp\php\library\framework\web\CController.php(1146): CAccessControlFilter->filter()
#3 C:\xampp\php\library\framework\web\filters\CInlineFilter.php(59): AdminController->filterAccessControl()
#4 C:\xampp\php\library\framework\web\filters\CFilterChain.php(131): CInlineFilter->filter()
#5 C:\xampp\php\library\framework\web\CController.php(292): CFilterChain->run()
#6 C:\xampp\php\library\framework\web\CController.php(266): AdminController->runActionWithFilters()
#7 C:\xampp\php\library\framework\web\CWebApplication.php(283): AdminController->run()
#8 C:\xampp\php\library\framework\web\CWebApplication.php(142): CWebApplication->runController()
#9 C:\xampp\php\library\framework\base\CApplication.php(162): CWebApplication->processRequest()
#10 C:\xampp\htdocs\dx\index.php(11): CWebApplication->run()
REQUEST_URI=/dx/admin/rank
in C:\xampp\htdocs\dx\protected\controllers\AdminController.php (13)
in C:\xampp\htdocs\dx\index.php (11)
2012/11/01 03:52:53 [error] [exception.CHttpException.404] exception 'CHttpException' with message 'Unable to resolve the request "projects/admin/cat".' in C:\xampp\php\library\framework\web\CWebApplication.php:287
Stack trace:
#0 C:\xampp\php\library\framework\web\CWebApplication.php(142): CWebApplication->runController('projects/admin/...')
#1 C:\xampp\php\library\framework\base\CApplication.php(162): CWebApplication->processRequest()
#2 C:\xampp\htdocs\dx\index.php(11): CApplication->run()
#3 {main}
REQUEST_URI=/dx/admin/projects/cat
HTTP_REFERER=http://localhost/dx/admin
---
2012/11/01 03:58:33 [error] [system.db.CDbCommand] CDbCommand::fetchAll() failed: SQLSTATE[42S02]: Base table or view not found: 1146 Table 'cms.hoiit_module_projects_cat' doesn't exist. The SQL statement executed was: SHOW COLUMNS FROM `hoiit_module_projects_cat`.
in C:\xampp\htdocs\dx\protected\modules\projects\controllers\AdminController.php (7)
in C:\xampp\htdocs\dx\index.php (11)
2012/11/01 03:58:33 [error] [exception.CDbException] exception 'CDbException' with message 'Bảng "hoiit_module_projects_cat" dùng cho lớp active record "ProjectsCat" không có trong database.' in C:\xampp\php\library\framework\db\ar\CActiveRecord.php:2263
Stack trace:
#0 C:\xampp\php\library\framework\db\ar\CActiveRecord.php(383): CActiveRecordMetaData->__construct(Object(ProjectsCat))
#1 C:\xampp\php\library\framework\db\ar\CActiveRecord.php(398): CActiveRecord::model('ProjectsCat')
#2 C:\xampp\php\library\framework\db\ar\CActiveRecord.php(78): CActiveRecord->getMetaData()
#3 C:\xampp\htdocs\dx\protected\modules\projects\controllers\AdminController.php(7): CActiveRecord->__construct()
#4 C:\xampp\php\library\framework\web\actions\CInlineAction.php(50): AdminController->actionCat()
#5 C:\xampp\php\library\framework\web\CController.php(309): CInlineAction->runWithParams(Array)
#6 C:\xampp\php\library\framework\web\filters\CFilterChain.php(134): CController->runAction(Object(CInlineAction))
#7 C:\xampp\php\library\framework\web\filters\CFilter.php(41): CFilterChain->run()
#8 C:\xampp\php\library\framework\web\CController.php(1146): CFilter->filter(Object(CFilterChain))
#9 C:\xampp\php\library\framework\web\filters\CInlineFilter.php(59): CController->filterAccessControl(Object(CFilterChain))
#10 C:\xampp\php\library\framework\web\filters\CFilterChain.php(131): CInlineFilter->filter(Object(CFilterChain))
#11 C:\xampp\php\library\framework\web\CController.php(292): CFilterChain->run()
#12 C:\xampp\php\library\framework\web\CController.php(266): CController->runActionWithFilters(Object(CInlineAction), Array)
#13 C:\xampp\php\library\framework\web\CWebApplication.php(283): CController->run('cat')
#14 C:\xampp\php\library\framework\web\CWebApplication.php(142): CWebApplication->runController('projects/admin/...')
#15 C:\xampp\php\library\framework\base\CApplication.php(162): CWebApplication->processRequest()
#16 C:\xampp\htdocs\dx\index.php(11): CApplication->run()
#17 {main}
REQUEST_URI=/dx/admin/projects/cat
HTTP_REFERER=http://localhost/dx/admin
---
2012/11/01 04:10:27 [error] [php] Trying to get property of non-object (C:\xampp\htdocs\dx\protected\controllers\AdminController.php:13)
Stack trace:
#0 C:\xampp\php\library\framework\web\filters\CFilterChain.php(134): AdminController->runAction()
#1 C:\xampp\php\library\framework\web\filters\CFilter.php(41): CFilterChain->run()
#2 C:\xampp\php\library\framework\web\CController.php(1146): CAccessControlFilter->filter()
#3 C:\xampp\php\library\framework\web\filters\CInlineFilter.php(59): AdminController->filterAccessControl()
#4 C:\xampp\php\library\framework\web\filters\CFilterChain.php(131): CInlineFilter->filter()
#5 C:\xampp\php\library\framework\web\CController.php(292): CFilterChain->run()
#6 C:\xampp\php\library\framework\web\CController.php(266): AdminController->runActionWithFilters()
#7 C:\xampp\php\library\framework\web\CWebApplication.php(283): AdminController->run()
#8 C:\xampp\php\library\framework\web\CWebApplication.php(142): CWebApplication->runController()
#9 C:\xampp\php\library\framework\base\CApplication.php(162): CWebApplication->processRequest()
#10 C:\xampp\htdocs\dx\index.php(11): CWebApplication->run()
REQUEST_URI=/dx/admin/rank
in C:\xampp\htdocs\dx\protected\controllers\AdminController.php (13)
in C:\xampp\htdocs\dx\index.php (11)
2012/11/01 04:11:13 [error] [php] Trying to get property of non-object (C:\xampp\htdocs\dx\protected\controllers\AdminController.php:13)
Stack trace:
#0 C:\xampp\php\library\framework\web\filters\CFilterChain.php(134): AdminController->runAction()
#1 C:\xampp\php\library\framework\web\filters\CFilter.php(41): CFilterChain->run()
#2 C:\xampp\php\library\framework\web\CController.php(1146): CAccessControlFilter->filter()
#3 C:\xampp\php\library\framework\web\filters\CInlineFilter.php(59): AdminController->filterAccessControl()
#4 C:\xampp\php\library\framework\web\filters\CFilterChain.php(131): CInlineFilter->filter()
#5 C:\xampp\php\library\framework\web\CController.php(292): CFilterChain->run()
#6 C:\xampp\php\library\framework\web\CController.php(266): AdminController->runActionWithFilters()
#7 C:\xampp\php\library\framework\web\CWebApplication.php(283): AdminController->run()
#8 C:\xampp\php\library\framework\web\CWebApplication.php(142): CWebApplication->runController()
#9 C:\xampp\php\library\framework\base\CApplication.php(162): CWebApplication->processRequest()
#10 C:\xampp\htdocs\dx\index.php(11): CWebApplication->run()
REQUEST_URI=/dx/admin/rank
in C:\xampp\htdocs\dx\protected\controllers\AdminController.php (13)
in C:\xampp\htdocs\dx\index.php (11)
2012/11/01 04:13:52 [error] [exception.CException] exception 'CException' with message 'Thuộc tính "ProjectsCatForm.cat_title0" chưa được định nghĩa.' in C:\xampp\php\library\framework\base\CComponent.php:131
Stack trace:
#0 C:\xampp\php\library\framework\base\CModel.php(593): CComponent->__get('cat_title0')
#1 C:\xampp\htdocs\dx\protected\modules\projects\models\ProjectsCatLanguage.php(107): CModel->offsetGet('cat_title0')
#2 C:\xampp\htdocs\dx\protected\modules\projects\models\ProjectsCat.php(293): ProjectsCatLanguage->saveRecord('20', Object(ProjectsCatForm))
#3 C:\xampp\htdocs\dx\protected\modules\projects\controllers\AdminController.php(27): ProjectsCat->saveRecord(Object(ProjectsCatForm))
#4 C:\xampp\php\library\framework\web\actions\CInlineAction.php(50): AdminController->actionAddCat()
#5 C:\xampp\php\library\framework\web\CController.php(309): CInlineAction->runWithParams(Array)
#6 C:\xampp\php\library\framework\web\filters\CFilterChain.php(134): CController->runAction(Object(CInlineAction))
#7 C:\xampp\php\library\framework\web\filters\CFilter.php(41): CFilterChain->run()
#8 C:\xampp\php\library\framework\web\CController.php(1146): CFilter->filter(Object(CFilterChain))
#9 C:\xampp\php\library\framework\web\filters\CInlineFilter.php(59): CController->filterAccessControl(Object(CFilterChain))
#10 C:\xampp\php\library\framework\web\filters\CFilterChain.php(131): CInlineFilter->filter(Object(CFilterChain))
#11 C:\xampp\php\library\framework\web\CController.php(292): CFilterChain->run()
#12 C:\xampp\php\library\framework\web\CController.php(266): CController->runActionWithFilters(Object(CInlineAction), Array)
#13 C:\xampp\php\library\framework\web\CWebApplication.php(283): CController->run('addcat')
#14 C:\xampp\php\library\framework\web\CWebApplication.php(142): CWebApplication->runController('projects/admin/...')
#15 C:\xampp\php\library\framework\base\CApplication.php(162): CWebApplication->processRequest()
#16 C:\xampp\htdocs\dx\index.php(11): CApplication->run()
#17 {main}
REQUEST_URI=/dx/admin/projects/addcat
HTTP_REFERER=http://localhost/dx/admin/projects/addcat
---
2012/11/01 04:15:22 [error] [php] Undefined index: vi (C:\xampp\htdocs\dx\protected\modules\projects\models\ProjectsCat.php:204)
Stack trace:
#0 C:\xampp\php\library\framework\web\CController.php(309): CInlineAction->runWithParams()
#1 C:\xampp\php\library\framework\web\filters\CFilterChain.php(134): AdminController->runAction()
#2 C:\xampp\php\library\framework\web\filters\CFilter.php(41): CFilterChain->run()
#3 C:\xampp\php\library\framework\web\CController.php(1146): CAccessControlFilter->filter()
#4 C:\xampp\php\library\framework\web\filters\CInlineFilter.php(59): AdminController->filterAccessControl()
#5 C:\xampp\php\library\framework\web\filters\CFilterChain.php(131): CInlineFilter->filter()
#6 C:\xampp\php\library\framework\web\CController.php(292): CFilterChain->run()
#7 C:\xampp\php\library\framework\web\CController.php(266): AdminController->runActionWithFilters()
#8 C:\xampp\php\library\framework\web\CWebApplication.php(283): AdminController->run()
#9 C:\xampp\php\library\framework\web\CWebApplication.php(142): CWebApplication->runController()
#10 C:\xampp\php\library\framework\base\CApplication.php(162): CWebApplication->processRequest()
#11 C:\xampp\htdocs\dx\index.php(11): CWebApplication->run()
REQUEST_URI=/dx/admin/projects/cat
in C:\xampp\htdocs\dx\protected\modules\projects\models\ProjectsCat.php (204)
in C:\xampp\htdocs\dx\protected\modules\projects\controllers\AdminController.php (14)
in C:\xampp\htdocs\dx\index.php (11)
2012/11/01 04:16:14 [error] [exception.CException] exception 'CException' with message 'Thuộc tính "ProjectsCatForm.description0" chưa được định nghĩa.' in C:\xampp\php\library\framework\base\CComponent.php:131
Stack trace:
#0 C:\xampp\php\library\framework\web\helpers\CHtml.php(2158): CComponent->__get('description0')
#1 C:\xampp\php\library\framework\web\helpers\CHtml.php(1371): CHtml::resolveValue(Object(ProjectsCatForm), 'description0')
#2 C:\xampp\php\library\framework\web\widgets\CActiveForm.php(700): CHtml::activeTextArea(Object(ProjectsCatForm), 'description0', Array)
#3 C:\xampp\htdocs\dx\protected\modules\projects\views\admin\editcat.php(32): CActiveForm->textArea(Object(ProjectsCatForm), 'description0', Array)
#4 C:\xampp\php\library\framework\web\CBaseController.php(127): require('C:\xampp\htdocs...')
#5 C:\xampp\php\library\framework\web\CBaseController.php(96): CBaseController->renderInternal('C:\xampp\htdocs...', Array, true)
#6 C:\xampp\php\library\framework\web\CController.php(870): CBaseController->renderFile('C:\xampp\htdocs...', Array, true)
#7 C:\xampp\php\library\framework\web\CController.php(783): CController->renderPartial('editcat', Array, true)
#8 C:\xampp\htdocs\dx\protected\modules\projects\controllers\AdminController.php(67): CController->render('editcat', Array)
#9 [internal function]: AdminController->actionEditCat('22')
#10 C:\xampp\php\library\framework\web\actions\CAction.php(107): ReflectionMethod->invokeArgs(Object(AdminController), Array)
#11 C:\xampp\php\library\framework\web\actions\CInlineAction.php(48): CAction->runWithParamsInternal(Object(AdminController), Object(ReflectionMethod), Array)
#12 C:\xampp\php\library\framework\web\CController.php(309): CInlineAction->runWithParams(Array)
#13 C:\xampp\php\library\framework\web\filters\CFilterChain.php(134): CController->runAction(Object(CInlineAction))
#14 C:\xampp\php\library\framework\web\filters\CFilter.php(41): CFilterChain->run()
#15 C:\xampp\php\library\framework\web\CController.php(1146): CFilter->filter(Object(CFilterChain))
#16 C:\xampp\php\library\framework\web\filters\CInlineFilter.php(59): CController->filterAccessControl(Object(CFilterChain))
#17 C:\xampp\php\library\framework\web\filters\CFilterChain.php(131): CInlineFilter->filter(Object(CFilterChain))
#18 C:\xampp\php\library\framework\web\CController.php(292): CFilterChain->run()
#19 C:\xampp\php\library\framework\web\CController.php(266): CController->runActionWithFilters(Object(CInlineAction), Array)
#20 C:\xampp\php\library\framework\web\CWebApplication.php(283): CController->run('editcat')
#21 C:\xampp\php\library\framework\web\CWebApplication.php(142): CWebApplication->runController('projects/admin/...')
#22 C:\xampp\php\library\framework\base\CApplication.php(162): CWebApplication->processRequest()
#23 C:\xampp\htdocs\dx\index.php(11): CApplication->run()
#24 {main}
REQUEST_URI=/dx/admin/projects/editcat/22
HTTP_REFERER=http://localhost/dx/admin/projects/cat
---
2012/11/01 04:17:21 [error] [exception.CException] exception 'CException' with message 'Thuộc tính "Projects.NewsLanguage" chưa được định nghĩa.' in C:\xampp\php\library\framework\base\CComponent.php:131
Stack trace:
#0 C:\xampp\php\library\framework\db\ar\CActiveRecord.php(144): CComponent->__get('NewsLanguage')
#1 C:\xampp\htdocs\dx\protected\modules\projects\views\admin\index.php(19): CActiveRecord->__get('NewsLanguage')
#2 C:\xampp\php\library\framework\web\CBaseController.php(127): require('C:\xampp\htdocs...')
#3 C:\xampp\php\library\framework\web\CBaseController.php(96): CBaseController->renderInternal('C:\xampp\htdocs...', Array, true)
#4 C:\xampp\php\library\framework\web\CController.php(870): CBaseController->renderFile('C:\xampp\htdocs...', Array, true)
#5 C:\xampp\php\library\framework\web\CController.php(783): CController->renderPartial('index', Array, true)
#6 C:\xampp\htdocs\dx\protected\modules\projects\controllers\AdminController.php(125): CController->render('index', Array)
#7 C:\xampp\php\library\framework\web\actions\CInlineAction.php(50): AdminController->actionIndex()
#8 C:\xampp\php\library\framework\web\CController.php(309): CInlineAction->runWithParams(Array)
#9 C:\xampp\php\library\framework\web\filters\CFilterChain.php(134): CController->runAction(Object(CInlineAction))
#10 C:\xampp\php\library\framework\web\filters\CFilter.php(41): CFilterChain->run()
#11 C:\xampp\php\library\framework\web\CController.php(1146): CFilter->filter(Object(CFilterChain))
#12 C:\xampp\php\library\framework\web\filters\CInlineFilter.php(59): CController->filterAccessControl(Object(CFilterChain))
#13 C:\xampp\php\library\framework\web\filters\CFilterChain.php(131): CInlineFilter->filter(Object(CFilterChain))
#14 C:\xampp\php\library\framework\web\CController.php(292): CFilterChain->run()
#15 C:\xampp\php\library\framework\web\CController.php(266): CController->runActionWithFilters(Object(CInlineAction), Array)
#16 C:\xampp\php\library\framework\web\CWebApplication.php(283): CController->run('index')
#17 C:\xampp\php\library\framework\web\CWebApplication.php(142): CWebApplication->runController('projects/admin/...')
#18 C:\xampp\php\library\framework\base\CApplication.php(162): CWebApplication->processRequest()
#19 C:\xampp\htdocs\dx\index.php(11): CApplication->run()
#20 {main}
REQUEST_URI=/dx/admin/projects/index
HTTP_REFERER=http://localhost/dx/admin/projects/add
---
2012/11/01 04:18:27 [error] [exception.CException] exception 'CException' with message 'Thuộc tính "Projects.NewsCat" chưa được định nghĩa.' in C:\xampp\php\library\framework\base\CComponent.php:131
Stack trace:
#0 C:\xampp\php\library\framework\db\ar\CActiveRecord.php(144): CComponent->__get('NewsCat')
#1 C:\xampp\htdocs\dx\protected\modules\projects\views\admin\index.php(24): CActiveRecord->__get('NewsCat')
#2 C:\xampp\php\library\framework\web\CBaseController.php(127): require('C:\xampp\htdocs...')
#3 C:\xampp\php\library\framework\web\CBaseController.php(96): CBaseController->renderInternal('C:\xampp\htdocs...', Array, true)
#4 C:\xampp\php\library\framework\web\CController.php(870): CBaseController->renderFile('C:\xampp\htdocs...', Array, true)
#5 C:\xampp\php\library\framework\web\CController.php(783): CController->renderPartial('index', Array, true)
#6 C:\xampp\htdocs\dx\protected\modules\projects\controllers\AdminController.php(125): CController->render('index', Array)
#7 C:\xampp\php\library\framework\web\actions\CInlineAction.php(50): AdminController->actionIndex()
#8 C:\xampp\php\library\framework\web\CController.php(309): CInlineAction->runWithParams(Array)
#9 C:\xampp\php\library\framework\web\filters\CFilterChain.php(134): CController->runAction(Object(CInlineAction))
#10 C:\xampp\php\library\framework\web\filters\CFilter.php(41): CFilterChain->run()
#11 C:\xampp\php\library\framework\web\CController.php(1146): CFilter->filter(Object(CFilterChain))
#12 C:\xampp\php\library\framework\web\filters\CInlineFilter.php(59): CController->filterAccessControl(Object(CFilterChain))
#13 C:\xampp\php\library\framework\web\filters\CFilterChain.php(131): CInlineFilter->filter(Object(CFilterChain))
#14 C:\xampp\php\library\framework\web\CController.php(292): CFilterChain->run()
#15 C:\xampp\php\library\framework\web\CController.php(266): CController->runActionWithFilters(Object(CInlineAction), Array)
#16 C:\xampp\php\library\framework\web\CWebApplication.php(283): CController->run('index')
#17 C:\xampp\php\library\framework\web\CWebApplication.php(142): CWebApplication->runController('projects/admin/...')
#18 C:\xampp\php\library\framework\base\CApplication.php(162): CWebApplication->processRequest()
#19 C:\xampp\htdocs\dx\index.php(11): CApplication->run()
#20 {main}
REQUEST_URI=/dx/admin/projects/index
HTTP_REFERER=http://localhost/dx/admin/projects/add
---
2012/11/01 04:18:45 [error] [exception.CException] exception 'CException' with message 'Thuộc tính "ProjectsForm.tag0" chưa được định nghĩa.' in C:\xampp\php\library\framework\base\CComponent.php:131
Stack trace:
#0 C:\xampp\php\library\framework\web\helpers\CHtml.php(2158): CComponent->__get('tag0')
#1 C:\xampp\php\library\framework\web\helpers\CHtml.php(1887): CHtml::resolveValue(Object(ProjectsForm), 'tag0')
#2 C:\xampp\php\library\framework\web\helpers\CHtml.php(1217): CHtml::activeInputField('text', Object(ProjectsForm), 'tag0', Array)
#3 C:\xampp\php\library\framework\web\widgets\CActiveForm.php(655): CHtml::activeTextField(Object(ProjectsForm), 'tag0', Array)
#4 C:\xampp\htdocs\dx\protected\modules\projects\views\admin\edit.php(126): CActiveForm->textField(Object(ProjectsForm), 'tag0', Array)
#5 C:\xampp\php\library\framework\web\CBaseController.php(127): require('C:\xampp\htdocs...')
#6 C:\xampp\php\library\framework\web\CBaseController.php(96): CBaseController->renderInternal('C:\xampp\htdocs...', Array, true)
#7 C:\xampp\php\library\framework\web\CController.php(870): CBaseController->renderFile('C:\xampp\htdocs...', Array, true)
#8 C:\xampp\php\library\framework\web\CController.php(783): CController->renderPartial('edit', Array, true)
#9 C:\xampp\htdocs\dx\protected\modules\projects\controllers\AdminController.php(188): CController->render('edit', Array)
#10 [internal function]: AdminController->actionEdit('9')
#11 C:\xampp\php\library\framework\web\actions\CAction.php(107): ReflectionMethod->invokeArgs(Object(AdminController), Array)
#12 C:\xampp\php\library\framework\web\actions\CInlineAction.php(48): CAction->runWithParamsInternal(Object(AdminController), Object(ReflectionMethod), Array)
#13 C:\xampp\php\library\framework\web\CController.php(309): CInlineAction->runWithParams(Array)
#14 C:\xampp\php\library\framework\web\filters\CFilterChain.php(134): CController->runAction(Object(CInlineAction))
#15 C:\xampp\php\library\framework\web\filters\CFilter.php(41): CFilterChain->run()
#16 C:\xampp\php\library\framework\web\CController.php(1146): CFilter->filter(Object(CFilterChain))
#17 C:\xampp\php\library\framework\web\filters\CInlineFilter.php(59): CController->filterAccessControl(Object(CFilterChain))
#18 C:\xampp\php\library\framework\web\filters\CFilterChain.php(131): CInlineFilter->filter(Object(CFilterChain))
#19 C:\xampp\php\library\framework\web\CController.php(292): CFilterChain->run()
#20 C:\xampp\php\library\framework\web\CController.php(266): CController->runActionWithFilters(Object(CInlineAction), Array)
#21 C:\xampp\php\library\framework\web\CWebApplication.php(283): CController->run('edit')
#22 C:\xampp\php\library\framework\web\CWebApplication.php(142): CWebApplication->runController('projects/admin/...')
#23 C:\xampp\php\library\framework\base\CApplication.php(162): CWebApplication->processRequest()
#24 C:\xampp\htdocs\dx\index.php(11): CApplication->run()
#25 {main}
REQUEST_URI=/dx/admin/projects/edit/9
HTTP_REFERER=http://localhost/dx/admin/projects/index
---
2012/11/01 05:06:13 [error] [php] Trying to get property of non-object (C:\xampp\htdocs\dx\protected\controllers\AdminController.php:13)
Stack trace:
#0 C:\xampp\php\library\framework\web\filters\CFilterChain.php(134): AdminController->runAction()
#1 C:\xampp\php\library\framework\web\filters\CFilter.php(41): CFilterChain->run()
#2 C:\xampp\php\library\framework\web\CController.php(1146): CAccessControlFilter->filter()
#3 C:\xampp\php\library\framework\web\filters\CInlineFilter.php(59): AdminController->filterAccessControl()
#4 C:\xampp\php\library\framework\web\filters\CFilterChain.php(131): CInlineFilter->filter()
#5 C:\xampp\php\library\framework\web\CController.php(292): CFilterChain->run()
#6 C:\xampp\php\library\framework\web\CController.php(266): AdminController->runActionWithFilters()
#7 C:\xampp\php\library\framework\web\CWebApplication.php(283): AdminController->run()
#8 C:\xampp\php\library\framework\web\CWebApplication.php(142): CWebApplication->runController()
#9 C:\xampp\php\library\framework\base\CApplication.php(162): CWebApplication->processRequest()
#10 C:\xampp\htdocs\dx\index.php(11): CWebApplication->run()
REQUEST_URI=/dx/admin/rank
in C:\xampp\htdocs\dx\protected\controllers\AdminController.php (13)
in C:\xampp\htdocs\dx\index.php (11)
2012/11/01 05:23:38 [error] [php] Trying to get property of non-object (C:\xampp\htdocs\dx\protected\controllers\AdminController.php:13)
Stack trace:
#0 C:\xampp\php\library\framework\web\filters\CFilterChain.php(134): AdminController->runAction()
#1 C:\xampp\php\library\framework\web\filters\CFilter.php(41): CFilterChain->run()
#2 C:\xampp\php\library\framework\web\CController.php(1146): CAccessControlFilter->filter()
#3 C:\xampp\php\library\framework\web\filters\CInlineFilter.php(59): AdminController->filterAccessControl()
#4 C:\xampp\php\library\framework\web\filters\CFilterChain.php(131): CInlineFilter->filter()
#5 C:\xampp\php\library\framework\web\CController.php(292): CFilterChain->run()
#6 C:\xampp\php\library\framework\web\CController.php(266): AdminController->runActionWithFilters()
#7 C:\xampp\php\library\framework\web\CWebApplication.php(283): AdminController->run()
#8 C:\xampp\php\library\framework\web\CWebApplication.php(142): CWebApplication->runController()
#9 C:\xampp\php\library\framework\base\CApplication.php(162): CWebApplication->processRequest()
#10 C:\xampp\htdocs\dx\index.php(11): CWebApplication->run()
REQUEST_URI=/dx/admin/rank
in C:\xampp\htdocs\dx\protected\controllers\AdminController.php (13)
in C:\xampp\htdocs\dx\index.php (11)
2012/11/01 06:33:41 [error] [php] Trying to get property of non-object (C:\xampp\htdocs\dx\protected\controllers\AdminController.php:13)
Stack trace:
#0 C:\xampp\php\library\framework\web\filters\CFilterChain.php(134): AdminController->runAction()
#1 C:\xampp\php\library\framework\web\filters\CFilter.php(41): CFilterChain->run()
#2 C:\xampp\php\library\framework\web\CController.php(1146): CAccessControlFilter->filter()
#3 C:\xampp\php\library\framework\web\filters\CInlineFilter.php(59): AdminController->filterAccessControl()
#4 C:\xampp\php\library\framework\web\filters\CFilterChain.php(131): CInlineFilter->filter()
#5 C:\xampp\php\library\framework\web\CController.php(292): CFilterChain->run()
#6 C:\xampp\php\library\framework\web\CController.php(266): AdminController->runActionWithFilters()
#7 C:\xampp\php\library\framework\web\CWebApplication.php(283): AdminController->run()
#8 C:\xampp\php\library\framework\web\CWebApplication.php(142): CWebApplication->runController()
#9 C:\xampp\php\library\framework\base\CApplication.php(162): CWebApplication->processRequest()
#10 C:\xampp\htdocs\dx\index.php(11): CWebApplication->run()
REQUEST_URI=/dx/admin/rank
in C:\xampp\htdocs\dx\protected\controllers\AdminController.php (13)
in C:\xampp\htdocs\dx\index.php (11)
2012/11/01 07:41:01 [error] [php] Trying to get property of non-object (C:\xampp\htdocs\dx\protected\controllers\AdminController.php:13)
Stack trace:
#0 C:\xampp\php\library\framework\web\filters\CFilterChain.php(134): AdminController->runAction()
#1 C:\xampp\php\library\framework\web\filters\CFilter.php(41): CFilterChain->run()
#2 C:\xampp\php\library\framework\web\CController.php(1146): CAccessControlFilter->filter()
#3 C:\xampp\php\library\framework\web\filters\CInlineFilter.php(59): AdminController->filterAccessControl()
#4 C:\xampp\php\library\framework\web\filters\CFilterChain.php(131): CInlineFilter->filter()
#5 C:\xampp\php\library\framework\web\CController.php(292): CFilterChain->run()
#6 C:\xampp\php\library\framework\web\CController.php(266): AdminController->runActionWithFilters()
#7 C:\xampp\php\library\framework\web\CWebApplication.php(283): AdminController->run()
#8 C:\xampp\php\library\framework\web\CWebApplication.php(142): CWebApplication->runController()
#9 C:\xampp\php\library\framework\base\CApplication.php(162): CWebApplication->processRequest()
#10 C:\xampp\htdocs\dx\index.php(11): CWebApplication->run()
REQUEST_URI=/dx/admin/rank
in C:\xampp\htdocs\dx\protected\controllers\AdminController.php (13)
in C:\xampp\htdocs\dx\index.php (11)
2012/11/01 08:04:05 [error] [exception.CException] exception 'CException' with message 'Thuộc tính "ProjectsForm.title" chưa được định nghĩa.' in C:\xampp\php\library\framework\base\CComponent.php:131
Stack trace:
#0 C:\xampp\php\library\framework\base\CModel.php(593): CComponent->__get('title')
#1 C:\xampp\htdocs\dx\protected\modules\projects\models\Projects.php(309): CModel->offsetGet('title')
#2 C:\xampp\htdocs\dx\protected\modules\projects\controllers\AdminController.php(143): Projects->saveRecord(Object(ProjectsForm))
#3 C:\xampp\php\library\framework\web\actions\CInlineAction.php(50): AdminController->actionAdd()
#4 C:\xampp\php\library\framework\web\CController.php(309): CInlineAction->runWithParams(Array)
#5 C:\xampp\php\library\framework\web\filters\CFilterChain.php(134): CController->runAction(Object(CInlineAction))
#6 C:\xampp\php\library\framework\web\filters\CFilter.php(41): CFilterChain->run()
#7 C:\xampp\php\library\framework\web\CController.php(1146): CFilter->filter(Object(CFilterChain))
#8 C:\xampp\php\library\framework\web\filters\CInlineFilter.php(59): CController->filterAccessControl(Object(CFilterChain))
#9 C:\xampp\php\library\framework\web\filters\CFilterChain.php(131): CInlineFilter->filter(Object(CFilterChain))
#10 C:\xampp\php\library\framework\web\CController.php(292): CFilterChain->run()
#11 C:\xampp\php\library\framework\web\CController.php(266): CController->runActionWithFilters(Object(CInlineAction), Array)
#12 C:\xampp\php\library\framework\web\CWebApplication.php(283): CController->run('add')
#13 C:\xampp\php\library\framework\web\CWebApplication.php(142): CWebApplication->runController('projects/admin/...')
#14 C:\xampp\php\library\framework\base\CApplication.php(162): CWebApplication->processRequest()
#15 C:\xampp\htdocs\dx\index.php(11): CApplication->run()
#16 {main}
REQUEST_URI=/dx/admin/projects/add
HTTP_REFERER=http://localhost/dx/admin/projects/add
---
2012/11/01 08:40:43 [error] [exception.CException] exception 'CException' with message 'Thuộc tính "ProjectsForm.titlevi-desc-" chưa được định nghĩa.' in C:\xampp\php\library\framework\base\CComponent.php:131
Stack trace:
#0 C:\xampp\php\library\framework\base\CModel.php(593): CComponent->__get('titlevi-desc-')
#1 C:\xampp\htdocs\dx\protected\modules\projects\models\Projects.php(311): CModel->offsetGet('titlevi-desc-')
#2 C:\xampp\htdocs\dx\protected\modules\projects\controllers\AdminController.php(143): Projects->saveRecord(Object(ProjectsForm))
#3 C:\xampp\php\library\framework\web\actions\CInlineAction.php(50): AdminController->actionAdd()
#4 C:\xampp\php\library\framework\web\CController.php(309): CInlineAction->runWithParams(Array)
#5 C:\xampp\php\library\framework\web\filters\CFilterChain.php(134): CController->runAction(Object(CInlineAction))
#6 C:\xampp\php\library\framework\web\filters\CFilter.php(41): CFilterChain->run()
#7 C:\xampp\php\library\framework\web\CController.php(1146): CFilter->filter(Object(CFilterChain))
#8 C:\xampp\php\library\framework\web\filters\CInlineFilter.php(59): CController->filterAccessControl(Object(CFilterChain))
#9 C:\xampp\php\library\framework\web\filters\CFilterChain.php(131): CInlineFilter->filter(Object(CFilterChain))
#10 C:\xampp\php\library\framework\web\CController.php(292): CFilterChain->run()
#11 C:\xampp\php\library\framework\web\CController.php(266): CController->runActionWithFilters(Object(CInlineAction), Array)
#12 C:\xampp\php\library\framework\web\CWebApplication.php(283): CController->run('add')
#13 C:\xampp\php\library\framework\web\CWebApplication.php(142): CWebApplication->runController('projects/admin/...')
#14 C:\xampp\php\library\framework\base\CApplication.php(162): CWebApplication->processRequest()
#15 C:\xampp\htdocs\dx\index.php(11): CApplication->run()
#16 {main}
REQUEST_URI=/dx/admin/projects/add
HTTP_REFERER=http://localhost/dx/admin/projects/add
---
2012/11/01 08:46:56 [error] [exception.CException] exception 'CException' with message 'Thuộc tính "ProjectsForm.field1" chưa được định nghĩa.' in C:\xampp\php\library\framework\base\CComponent.php:174
Stack trace:
#0 C:\xampp\php\library\framework\base\CModel.php(604): CComponent->__set('field1', 'sdfdsf-slide-1....')
#1 C:\xampp\htdocs\dx\protected\modules\projects\controllers\AdminController.php(172): CModel->offsetSet('field1', 'sdfdsf-slide-1....')
#2 [internal function]: AdminController->actionEdit('3')
#3 C:\xampp\php\library\framework\web\actions\CAction.php(107): ReflectionMethod->invokeArgs(Object(AdminController), Array)
#4 C:\xampp\php\library\framework\web\actions\CInlineAction.php(48): CAction->runWithParamsInternal(Object(AdminController), Object(ReflectionMethod), Array)
#5 C:\xampp\php\library\framework\web\CController.php(309): CInlineAction->runWithParams(Array)
#6 C:\xampp\php\library\framework\web\filters\CFilterChain.php(134): CController->runAction(Object(CInlineAction))
#7 C:\xampp\php\library\framework\web\filters\CFilter.php(41): CFilterChain->run()
#8 C:\xampp\php\library\framework\web\CController.php(1146): CFilter->filter(Object(CFilterChain))
#9 C:\xampp\php\library\framework\web\filters\CInlineFilter.php(59): CController->filterAccessControl(Object(CFilterChain))
#10 C:\xampp\php\library\framework\web\filters\CFilterChain.php(131): CInlineFilter->filter(Object(CFilterChain))
#11 C:\xampp\php\library\framework\web\CController.php(292): CFilterChain->run()
#12 C:\xampp\php\library\framework\web\CController.php(266): CController->runActionWithFilters(Object(CInlineAction), Array)
#13 C:\xampp\php\library\framework\web\CWebApplication.php(283): CController->run('edit')
#14 C:\xampp\php\library\framework\web\CWebApplication.php(142): CWebApplication->runController('projects/admin/...')
#15 C:\xampp\php\library\framework\base\CApplication.php(162): CWebApplication->processRequest()
#16 C:\xampp\htdocs\dx\index.php(11): CApplication->run()
#17 {main}
REQUEST_URI=/dx/admin/projects/edit/3
HTTP_REFERER=http://localhost/dx/admin/projects/index
---
2012/11/01 08:51:20 [error] [exception.CException] exception 'CException' with message 'Thuộc tính "ProjectsForm.link_youtube" chưa được định nghĩa.' in C:\xampp\php\library\framework\base\CComponent.php:131
Stack trace:
#0 C:\xampp\php\library\framework\web\helpers\CHtml.php(2158): CComponent->__get('link_youtube')
#1 C:\xampp\php\library\framework\web\helpers\CHtml.php(1887): CHtml::resolveValue(Object(ProjectsForm), 'link_youtube')
#2 C:\xampp\php\library\framework\web\helpers\CHtml.php(1217): CHtml::activeInputField('text', Object(ProjectsForm), 'link_youtube', Array)
#3 C:\xampp\php\library\framework\web\widgets\CActiveForm.php(655): CHtml::activeTextField(Object(ProjectsForm), 'link_youtube', Array)
#4 C:\xampp\htdocs\dx\protected\modules\projects\views\admin\add.php(127): CActiveForm->textField(Object(ProjectsForm), 'link_youtube', Array)
#5 C:\xampp\php\library\framework\web\CBaseController.php(127): require('C:\xampp\htdocs...')
#6 C:\xampp\php\library\framework\web\CBaseController.php(96): CBaseController->renderInternal('C:\xampp\htdocs...', Array, true)
#7 C:\xampp\php\library\framework\web\CController.php(870): CBaseController->renderFile('C:\xampp\htdocs...', Array, true)
#8 C:\xampp\php\library\framework\web\CController.php(783): CController->renderPartial('add', Array, true)
#9 C:\xampp\htdocs\dx\protected\modules\projects\controllers\AdminController.php(148): CController->render('add', Array)
#10 C:\xampp\php\library\framework\web\actions\CInlineAction.php(50): AdminController->actionAdd()
#11 C:\xampp\php\library\framework\web\CController.php(309): CInlineAction->runWithParams(Array)
#12 C:\xampp\php\library\framework\web\filters\CFilterChain.php(134): CController->runAction(Object(CInlineAction))
#13 C:\xampp\php\library\framework\web\filters\CFilter.php(41): CFilterChain->run()
#14 C:\xampp\php\library\framework\web\CController.php(1146): CFilter->filter(Object(CFilterChain))
#15 C:\xampp\php\library\framework\web\filters\CInlineFilter.php(59): CController->filterAccessControl(Object(CFilterChain))
#16 C:\xampp\php\library\framework\web\filters\CFilterChain.php(131): CInlineFilter->filter(Object(CFilterChain))
#17 C:\xampp\php\library\framework\web\CController.php(292): CFilterChain->run()
#18 C:\xampp\php\library\framework\web\CController.php(266): CController->runActionWithFilters(Object(CInlineAction), Array)
#19 C:\xampp\php\library\framework\web\CWebApplication.php(283): CController->run('add')
#20 C:\xampp\php\library\framework\web\CWebApplication.php(142): CWebApplication->runController('projects/admin/...')
#21 C:\xampp\php\library\framework\base\CApplication.php(162): CWebApplication->processRequest()
#22 C:\xampp\htdocs\dx\index.php(11): CApplication->run()
#23 {main}
REQUEST_URI=/dx/admin/projects/add
HTTP_REFERER=http://localhost/dx/admin/projects
---
2012/11/01 09:25:59 [error] [system.db.CDbCommand] CDbCommand::execute() failed: SQLSTATE[HY093]: Invalid parameter number: number of bound variables does not match number of tokens. The SQL statement executed was: UPDATE hoiit_module_projects_languages SET title=:title, preview=:preview, content=:content, tag=:tag, description=:description WHERE record_id=:record_id AND language_id=:language_id.
in C:\xampp\htdocs\dx\protected\modules\projects\models\ProjectsLanguage.php (153)
in C:\xampp\htdocs\dx\protected\modules\projects\models\ProjectsLanguage.php (126)
in C:\xampp\htdocs\dx\protected\modules\projects\models\Projects.php (384)
2012/11/01 09:25:59 [error] [exception.CDbException] exception 'CDbException' with message 'CDbCommand không thể thi hành câu truy vấn SQL: SQLSTATE[HY093]: Invalid parameter number: number of bound variables does not match number of tokens. The SQL statement executed was: UPDATE hoiit_module_projects_languages SET title=:title, preview=:preview, content=:content, tag=:tag, description=:description WHERE record_id=:record_id AND language_id=:language_id' in C:\xampp\php\library\framework\db\CDbCommand.php:354
Stack trace:
#0 C:\xampp\htdocs\dx\protected\modules\projects\models\ProjectsLanguage.php(153): CDbCommand->execute()
#1 C:\xampp\htdocs\dx\protected\modules\projects\models\ProjectsLanguage.php(126): ProjectsLanguage->executeRecord('3', 'vi', 'sdfdsf', '<p>dsfsdfds</p>', '<p>sdfdsf</p>', '<p>assasas sasa...', 'sdfdsf', '')
#2 C:\xampp\htdocs\dx\protected\modules\projects\models\Projects.php(384): ProjectsLanguage->saveRecord('3', Object(ProjectsForm))
#3 C:\xampp\htdocs\dx\protected\modules\projects\controllers\AdminController.php(190): Projects->saveRecord(Object(ProjectsForm), '3')
#4 [internal function]: AdminController->actionEdit('3')
#5 C:\xampp\php\library\framework\web\actions\CAction.php(107): ReflectionMethod->invokeArgs(Object(AdminController), Array)
#6 C:\xampp\php\library\framework\web\actions\CInlineAction.php(48): CAction->runWithParamsInternal(Object(AdminController), Object(ReflectionMethod), Array)
#7 C:\xampp\php\library\framework\web\CController.php(309): CInlineAction->runWithParams(Array)
#8 C:\xampp\php\library\framework\web\filters\CFilterChain.php(134): CController->runAction(Object(CInlineAction))
#9 C:\xampp\php\library\framework\web\filters\CFilter.php(41): CFilterChain->run()
#10 C:\xampp\php\library\framework\web\CController.php(1146): CFilter->filter(Object(CFilterChain))
#11 C:\xampp\php\library\framework\web\filters\CInlineFilter.php(59): CController->filterAccessControl(Object(CFilterChain))
#12 C:\xampp\php\library\framework\web\filters\CFilterChain.php(131): CInlineFilter->filter(Object(CFilterChain))
#13 C:\xampp\php\library\framework\web\CController.php(292): CFilterChain->run()
#14 C:\xampp\php\library\framework\web\CController.php(266): CController->runActionWithFilters(Object(CInlineAction), Array)
#15 C:\xampp\php\library\framework\web\CWebApplication.php(283): CController->run('edit')
#16 C:\xampp\php\library\framework\web\CWebApplication.php(142): CWebApplication->runController('projects/admin/...')
#17 C:\xampp\php\library\framework\base\CApplication.php(162): CWebApplication->processRequest()
#18 C:\xampp\htdocs\dx\index.php(11): CApplication->run()
#19 {main}
REQUEST_URI=/dx/admin/projects/edit/3
HTTP_REFERER=http://localhost/dx/admin/projects/edit/3
---
2012/11/01 09:29:31 [error] [php] Trying to get property of non-object (C:\xampp\htdocs\dx\protected\controllers\AdminController.php:13)
Stack trace:
#0 C:\xampp\php\library\framework\web\filters\CFilterChain.php(134): AdminController->runAction()
#1 C:\xampp\php\library\framework\web\filters\CFilter.php(41): CFilterChain->run()
#2 C:\xampp\php\library\framework\web\CController.php(1146): CAccessControlFilter->filter()
#3 C:\xampp\php\library\framework\web\filters\CInlineFilter.php(59): AdminController->filterAccessControl()
#4 C:\xampp\php\library\framework\web\filters\CFilterChain.php(131): CInlineFilter->filter()
#5 C:\xampp\php\library\framework\web\CController.php(292): CFilterChain->run()
#6 C:\xampp\php\library\framework\web\CController.php(266): AdminController->runActionWithFilters()
#7 C:\xampp\php\library\framework\web\CWebApplication.php(283): AdminController->run()
#8 C:\xampp\php\library\framework\web\CWebApplication.php(142): CWebApplication->runController()
#9 C:\xampp\php\library\framework\base\CApplication.php(162): CWebApplication->processRequest()
#10 C:\xampp\htdocs\dx\index.php(11): CWebApplication->run()
REQUEST_URI=/dx/admin/rank
in C:\xampp\htdocs\dx\protected\controllers\AdminController.php (13)
in C:\xampp\htdocs\dx\index.php (11)
