2012/03/15 08:01:55 [warning] [application] Failed to set unsafe attribute "remove_pic_thumb" of "Video".
in C:\xampp\htdocs\yii\viptamnhinviet2\protected\modules\admin\controllers\VideoController.php (173)
in C:\xampp\htdocs\yii\viptamnhinviet2\index.php (20)
2012/03/15 08:07:34 [warning] [application] Failed to set unsafe attribute "remove_pic_thumb" of "Video".
in C:\xampp\htdocs\yii\viptamnhinviet2\protected\modules\admin\controllers\VideoController.php (173)
in C:\xampp\htdocs\yii\viptamnhinviet2\index.php (20)
2012/03/15 08:07:35 [error] [php] include(Video.php) [<a href='function.include'>function.include</a>]: failed to open stream: No such file or directory (C:\xampp\php\library\framework\YiiBase.php:418)
Stack trace:
#0 C:\xampp\htdocs\yii\viptamnhinviet2\protected\components\Controller.php(40): spl_autoload_call()
#1 C:\xampp\php\library\framework\web\CWebApplication.php(275): SiteController->init()
#2 C:\xampp\php\library\framework\web\CWebApplication.php(135): CWebApplication->runController()
#3 C:\xampp\php\library\framework\base\CApplication.php(162): CWebApplication->processRequest()
#4 C:\xampp\htdocs\yii\viptamnhinviet2\index.php(20): CWebApplication->run()
REQUEST_URI=/yii/viptamnhinviet2/
in C:\xampp\htdocs\yii\viptamnhinviet2\protected\components\Controller.php (40)
in C:\xampp\htdocs\yii\viptamnhinviet2\index.php (20)
2012/03/15 08:08:00 [error] [php] include(Video.php) [<a href='function.include'>function.include</a>]: failed to open stream: No such file or directory (C:\xampp\php\library\framework\YiiBase.php:418)
Stack trace:
#0 C:\xampp\htdocs\yii\viptamnhinviet2\protected\components\Controller.php(40): spl_autoload_call()
#1 C:\xampp\php\library\framework\web\CWebApplication.php(275): SiteController->init()
#2 C:\xampp\php\library\framework\web\CWebApplication.php(135): CWebApplication->runController()
#3 C:\xampp\php\library\framework\base\CApplication.php(162): CWebApplication->processRequest()
#4 C:\xampp\htdocs\yii\viptamnhinviet2\index.php(20): CWebApplication->run()
REQUEST_URI=/yii/viptamnhinviet2/
in C:\xampp\htdocs\yii\viptamnhinviet2\protected\components\Controller.php (40)
in C:\xampp\htdocs\yii\viptamnhinviet2\index.php (20)
2012/03/15 08:08:19 [error] [php] include(Video.php) [<a href='function.include'>function.include</a>]: failed to open stream: No such file or directory (C:\xampp\php\library\framework\YiiBase.php:418)
Stack trace:
#0 C:\xampp\htdocs\yii\viptamnhinviet2\protected\components\Controller.php(40): spl_autoload_call()
#1 C:\xampp\php\library\framework\web\CWebApplication.php(275): SiteController->init()
#2 C:\xampp\php\library\framework\web\CWebApplication.php(135): CWebApplication->runController()
#3 C:\xampp\php\library\framework\base\CApplication.php(162): CWebApplication->processRequest()
#4 C:\xampp\htdocs\yii\viptamnhinviet2\index.php(20): CWebApplication->run()
REQUEST_URI=/yii/viptamnhinviet2/
in C:\xampp\htdocs\yii\viptamnhinviet2\protected\components\Controller.php (40)
in C:\xampp\htdocs\yii\viptamnhinviet2\index.php (20)
2012/03/15 08:08:50 [warning] [application] Failed to set unsafe attribute "remove_pic_thumb" of "Video".
in C:\xampp\htdocs\yii\viptamnhinviet2\protected\modules\admin\controllers\VideoController.php (173)
in C:\xampp\htdocs\yii\viptamnhinviet2\index.php (20)
2012/03/15 08:09:00 [error] [exception.CHttpException.404] exception 'CHttpException' with message 'Unable to resolve the request "themes/viptamnhinviet/images/prettyPhoto/light_rounded/btnNext.png".' in C:\xampp\php\library\framework\web\CWebApplication.php:280
Stack trace:
#0 C:\xampp\php\library\framework\web\CWebApplication.php(135): CWebApplication->runController('themes/viptamnh...')
#1 C:\xampp\php\library\framework\base\CApplication.php(162): CWebApplication->processRequest()
#2 C:\xampp\htdocs\yii\viptamnhinviet2\index.php(20): CApplication->run()
#3 {main}
REQUEST_URI=/yii/viptamnhinviet2/themes/viptamnhinviet/images/prettyPhoto/light_rounded/btnNext.png
HTTP_REFERER=http://dos.vn/yii/viptamnhinviet2/
---
2012/03/15 08:09:06 [error] [php] include(Video.php) [<a href='function.include'>function.include</a>]: failed to open stream: No such file or directory (C:\xampp\php\library\framework\YiiBase.php:418)
Stack trace:
#0 C:\xampp\htdocs\yii\viptamnhinviet2\protected\components\Controller.php(41): spl_autoload_call()
#1 C:\xampp\php\library\framework\web\CWebApplication.php(275): SiteController->init()
#2 C:\xampp\php\library\framework\web\CWebApplication.php(135): CWebApplication->runController()
#3 C:\xampp\php\library\framework\base\CApplication.php(162): CWebApplication->processRequest()
#4 C:\xampp\htdocs\yii\viptamnhinviet2\index.php(20): CWebApplication->run()
REQUEST_URI=/yii/viptamnhinviet2/
in C:\xampp\htdocs\yii\viptamnhinviet2\protected\components\Controller.php (41)
in C:\xampp\htdocs\yii\viptamnhinviet2\index.php (20)
2012/03/15 08:09:15 [error] [exception.CHttpException.404] exception 'CHttpException' with message 'Unable to resolve the request "themes/viptamnhinviet/images/prettyPhoto/light_rounded/btnNext.png".' in C:\xampp\php\library\framework\web\CWebApplication.php:280
Stack trace:
#0 C:\xampp\php\library\framework\web\CWebApplication.php(135): CWebApplication->runController('themes/viptamnh...')
#1 C:\xampp\php\library\framework\base\CApplication.php(162): CWebApplication->processRequest()
#2 C:\xampp\htdocs\yii\viptamnhinviet2\index.php(20): CApplication->run()
#3 {main}
REQUEST_URI=/yii/viptamnhinviet2/themes/viptamnhinviet/images/prettyPhoto/light_rounded/btnNext.png
HTTP_REFERER=http://dos.vn/yii/viptamnhinviet2/
---
2012/03/15 08:10:51 [error] [exception.CHttpException.404] exception 'CHttpException' with message 'Unable to resolve the request "tin-tuc".' in C:\xampp\php\library\framework\web\CWebApplication.php:280
Stack trace:
#0 C:\xampp\php\library\framework\web\CWebApplication.php(135): CWebApplication->runController('tin-tuc')
#1 C:\xampp\php\library\framework\base\CApplication.php(162): CWebApplication->processRequest()
#2 C:\xampp\htdocs\yii\viptamnhinviet2\index.php(20): CApplication->run()
#3 {main}
REQUEST_URI=/yii/viptamnhinviet2/tin-tuc
HTTP_REFERER=http://dos.vn/yii/viptamnhinviet2/video
---
2012/03/15 08:18:12 [error] [system.db.CDbCommand] CDbCommand::fetchAll() failed: SQLSTATE[42S22]: Column not found: 1054 Unknown column 'pic_full' in 'field list'. The SQL statement executed was: SELECT cat_id, cat_parent_id, cat_title, tag, pic_full FROM dos_module_video_cat WHERE cat_parent_id=0 AND cat_enable=1 ORDER BY cat_order DESC.
in C:\xampp\htdocs\yii\viptamnhinviet2\protected\modules\video\models\VideoCat.php (169)
in C:\xampp\htdocs\yii\viptamnhinviet2\protected\modules\video\controllers\DefaultController.php (6)
in C:\xampp\htdocs\yii\viptamnhinviet2\index.php (20)
2012/03/15 08:18:12 [error] [exception.CDbException] exception 'CDbException' with message 'CDbCommand failed to execute the SQL statement: SQLSTATE[42S22]: Column not found: 1054 Unknown column 'pic_full' in 'field list'. The SQL statement executed was: SELECT cat_id, cat_parent_id, cat_title, tag, pic_full FROM dos_module_video_cat WHERE cat_parent_id=0 AND cat_enable=1 ORDER BY cat_order DESC' in C:\xampp\php\library\framework\db\CDbCommand.php:528
Stack trace:
#0 C:\xampp\php\library\framework\db\CDbCommand.php(390): CDbCommand->queryInternal('fetchAll', Array, Array)
#1 C:\xampp\htdocs\yii\viptamnhinviet2\protected\modules\video\models\VideoCat.php(169): CDbCommand->queryAll()
#2 C:\xampp\htdocs\yii\viptamnhinviet2\protected\modules\video\controllers\DefaultController.php(6): VideoCat->listItem(0)
#3 C:\xampp\php\library\framework\web\actions\CInlineAction.php(50): DefaultController->actionIndex()
#4 C:\xampp\php\library\framework\web\CController.php(309): CInlineAction->runWithParams(Array)
#5 C:\xampp\php\library\framework\web\CController.php(287): CController->runAction(Object(CInlineAction))
#6 C:\xampp\php\library\framework\web\CController.php(266): CController->runActionWithFilters(Object(CInlineAction), Array)
#7 C:\xampp\php\library\framework\web\CWebApplication.php(276): CController->run('')
#8 C:\xampp\php\library\framework\web\CWebApplication.php(135): CWebApplication->runController('video')
#9 C:\xampp\php\library\framework\base\CApplication.php(162): CWebApplication->processRequest()
#10 C:\xampp\htdocs\yii\viptamnhinviet2\index.php(20): CApplication->run()
#11 {main}
REQUEST_URI=/yii/viptamnhinviet2/video
HTTP_REFERER=http://dos.vn/yii/viptamnhinviet2/san-pham
---
2012/03/15 08:23:31 [error] [exception.CHttpException.404] exception 'CHttpException' with message 'Unable to resolve the request "video/danh-muc".' in C:\xampp\php\library\framework\web\CWebApplication.php:280
Stack trace:
#0 C:\xampp\php\library\framework\web\CWebApplication.php(135): CWebApplication->runController('video/danh-muc')
#1 C:\xampp\php\library\framework\base\CApplication.php(162): CWebApplication->processRequest()
#2 C:\xampp\htdocs\yii\viptamnhinviet2\index.php(20): CApplication->run()
#3 {main}
REQUEST_URI=/yii/viptamnhinviet2/video/danh-muc
HTTP_REFERER=http://dos.vn/yii/viptamnhinviet2/video
---
2012/03/15 08:23:37 [error] [exception.CHttpException.404] exception 'CHttpException' with message 'Unable to resolve the request "video/danh-muc".' in C:\xampp\php\library\framework\web\CWebApplication.php:280
Stack trace:
#0 C:\xampp\php\library\framework\web\CWebApplication.php(135): CWebApplication->runController('video/danh-muc')
#1 C:\xampp\php\library\framework\base\CApplication.php(162): CWebApplication->processRequest()
#2 C:\xampp\htdocs\yii\viptamnhinviet2\index.php(20): CApplication->run()
#3 {main}
REQUEST_URI=/yii/viptamnhinviet2/video/danh-muc
HTTP_REFERER=http://dos.vn/yii/viptamnhinviet2/video
---
2012/03/15 08:24:25 [error] [exception.CHttpException.404] exception 'CHttpException' with message 'The system is unable to find the requested action "cats".' in C:\xampp\php\library\framework\web\CController.php:484
Stack trace:
#0 C:\xampp\php\library\framework\web\CController.php(271): CController->missingAction('cats')
#1 C:\xampp\php\library\framework\web\CWebApplication.php(276): CController->run('cats')
#2 C:\xampp\php\library\framework\web\CWebApplication.php(135): CWebApplication->runController('video/default/c...')
#3 C:\xampp\php\library\framework\base\CApplication.php(162): CWebApplication->processRequest()
#4 C:\xampp\htdocs\yii\viptamnhinviet2\index.php(20): CApplication->run()
#5 {main}
REQUEST_URI=/yii/viptamnhinviet2/video/danh-muc
HTTP_REFERER=http://dos.vn/yii/viptamnhinviet2/video
---
2012/03/15 08:31:53 [error] [system.db.CDbCommand] CDbCommand::fetchAll() failed: SQLSTATE[42S22]: Column not found: 1054 Unknown column 'unit' in 'field list'. The SQL statement executed was: SELECT title, pic_thumb, tag, unit FROM `dos_module_video` `t` WHERE enable=1 AND dos_module_item_cat_cat_id=:cid ORDER BY record_order DESC, postdate DESC LIMIT 15.
in C:\xampp\htdocs\yii\viptamnhinviet2\protected\modules\video\models\Video.php (198)
in C:\xampp\htdocs\yii\viptamnhinviet2\protected\modules\video\controllers\DefaultController.php (18)
in C:\xampp\htdocs\yii\viptamnhinviet2\index.php (20)
2012/03/15 08:31:53 [error] [exception.CDbException] exception 'CDbException' with message 'CDbCommand failed to execute the SQL statement: SQLSTATE[42S22]: Column not found: 1054 Unknown column 'unit' in 'field list'. The SQL statement executed was: SELECT title, pic_thumb, tag, unit FROM `dos_module_video` `t` WHERE enable=1 AND dos_module_item_cat_cat_id=:cid ORDER BY record_order DESC, postdate DESC LIMIT 15' in C:\xampp\php\library\framework\db\CDbCommand.php:528
Stack trace:
#0 C:\xampp\php\library\framework\db\CDbCommand.php(390): CDbCommand->queryInternal('fetchAll', Array, Array)
#1 C:\xampp\php\library\framework\db\ar\CActiveRecord.php(1287): CDbCommand->queryAll()
#2 C:\xampp\php\library\framework\db\ar\CActiveRecord.php(1406): CActiveRecord->query(Object(CDbCriteria), true)
#3 C:\xampp\htdocs\yii\viptamnhinviet2\protected\modules\video\models\Video.php(198): CActiveRecord->findAll(Object(CDbCriteria))
#4 C:\xampp\htdocs\yii\viptamnhinviet2\protected\modules\video\controllers\DefaultController.php(18): Video->listItemByCat('11')
#5 [internal function]: DefaultController->actionCats('danh-muc', 0)
#6 C:\xampp\php\library\framework\web\actions\CAction.php(107): ReflectionMethod->invokeArgs(Object(DefaultController), Array)
#7 C:\xampp\php\library\framework\web\actions\CInlineAction.php(48): CAction->runWithParamsInternal(Object(DefaultController), Object(ReflectionMethod), Array)
#8 C:\xampp\php\library\framework\web\CController.php(309): CInlineAction->runWithParams(Array)
#9 C:\xampp\php\library\framework\web\CController.php(287): CController->runAction(Object(CInlineAction))
#10 C:\xampp\php\library\framework\web\CController.php(266): CController->runActionWithFilters(Object(CInlineAction), Array)
#11 C:\xampp\php\library\framework\web\CWebApplication.php(276): CController->run('cats')
#12 C:\xampp\php\library\framework\web\CWebApplication.php(135): CWebApplication->runController('video/default/c...')
#13 C:\xampp\php\library\framework\base\CApplication.php(162): CWebApplication->processRequest()
#14 C:\xampp\htdocs\yii\viptamnhinviet2\index.php(20): CApplication->run()
#15 {main}
REQUEST_URI=/yii/viptamnhinviet2/video/danh-muc
HTTP_REFERER=http://dos.vn/yii/viptamnhinviet2/video
---
2012/03/15 08:32:05 [error] [exception.CException] exception 'CException' with message 'DefaultController cannot find the requested view "cats".' in C:\xampp\php\library\framework\web\CController.php:879
Stack trace:
#0 C:\xampp\php\library\framework\web\CController.php(783): CController->renderPartial('cats', Array, true)
#1 C:\xampp\htdocs\yii\viptamnhinviet2\protected\modules\video\controllers\DefaultController.php(18): CController->render('cats', Array)
#2 [internal function]: DefaultController->actionCats('danh-muc', 0)
#3 C:\xampp\php\library\framework\web\actions\CAction.php(107): ReflectionMethod->invokeArgs(Object(DefaultController), Array)
#4 C:\xampp\php\library\framework\web\actions\CInlineAction.php(48): CAction->runWithParamsInternal(Object(DefaultController), Object(ReflectionMethod), Array)
#5 C:\xampp\php\library\framework\web\CController.php(309): CInlineAction->runWithParams(Array)
#6 C:\xampp\php\library\framework\web\CController.php(287): CController->runAction(Object(CInlineAction))
#7 C:\xampp\php\library\framework\web\CController.php(266): CController->runActionWithFilters(Object(CInlineAction), Array)
#8 C:\xampp\php\library\framework\web\CWebApplication.php(276): CController->run('cats')
#9 C:\xampp\php\library\framework\web\CWebApplication.php(135): CWebApplication->runController('video/default/c...')
#10 C:\xampp\php\library\framework\base\CApplication.php(162): CWebApplication->processRequest()
#11 C:\xampp\htdocs\yii\viptamnhinviet2\index.php(20): CApplication->run()
#12 {main}
REQUEST_URI=/yii/viptamnhinviet2/video/danh-muc
HTTP_REFERER=http://dos.vn/yii/viptamnhinviet2/video
---
2012/03/15 08:37:59 [error] [exception.CHttpException.404] exception 'CHttpException' with message 'Unable to resolve the request "tin-tuc".' in C:\xampp\php\library\framework\web\CWebApplication.php:280
Stack trace:
#0 C:\xampp\php\library\framework\web\CWebApplication.php(135): CWebApplication->runController('tin-tuc')
#1 C:\xampp\php\library\framework\base\CApplication.php(162): CWebApplication->processRequest()
#2 C:\xampp\htdocs\yii\viptamnhinviet2\index.php(20): CApplication->run()
#3 {main}
REQUEST_URI=/yii/viptamnhinviet2/tin-tuc
HTTP_REFERER=http://dos.vn/yii/viptamnhinviet2/san-pham
---
