2012/06/15 09:09:31 [error] [exception.CHttpException.404] exception 'CHttpException' with message 'Unable to resolve the request "about.html".' in C:\xampp\php\library\framework\web\CWebApplication.php:280
Stack trace:
#0 C:\xampp\php\library\framework\web\CWebApplication.php(135): CWebApplication->runController('about.html')
#1 C:\xampp\php\library\framework\base\CApplication.php(162): CWebApplication->processRequest()
#2 C:\xampp\htdocs\nhaphodep.vn\index.php(16): CApplication->run()
#3 {main}
REQUEST_URI=/nhaphodep.vn/about.html
HTTP_REFERER=http://localhost/nhaphodep.vn/dich-vu
---
2012/06/15 10:37:01 [error] [exception.CHttpException.404] exception 'CHttpException' with message 'Unable to resolve the request "themes/admin-blue/css/images/ui-bg_highlight-soft_100_eeeeee_1x100.png".' in C:\xampp\php\library\framework\web\CWebApplication.php:280
Stack trace:
#0 C:\xampp\php\library\framework\web\CWebApplication.php(135): CWebApplication->runController('themes/admin-bl...')
#1 C:\xampp\php\library\framework\base\CApplication.php(162): CWebApplication->processRequest()
#2 C:\xampp\htdocs\nhaphodep.vn\index.php(16): CApplication->run()
#3 {main}
REQUEST_URI=/nhaphodep.vn/themes/admin-blue/css/images/ui-bg_highlight-soft_100_eeeeee_1x100.png
HTTP_REFERER=http://localhost/nhaphodep.vn/admin/advs/add
---
2012/06/15 10:38:06 [error] [exception.CHttpException.404] exception 'CHttpException' with message 'Unable to resolve the request "themes/admin-blue/css/images/ui-bg_gloss-wave_35_f6a828_500x100.png".' in C:\xampp\php\library\framework\web\CWebApplication.php:280
Stack trace:
#0 C:\xampp\php\library\framework\web\CWebApplication.php(135): CWebApplication->runController('themes/admin-bl...')
#1 C:\xampp\php\library\framework\base\CApplication.php(162): CWebApplication->processRequest()
#2 C:\xampp\htdocs\nhaphodep.vn\index.php(16): CApplication->run()
#3 {main}
REQUEST_URI=/nhaphodep.vn/themes/admin-blue/css/images/ui-bg_gloss-wave_35_f6a828_500x100.png
HTTP_REFERER=http://localhost/nhaphodep.vn/admin/advs/add
---
2012/06/15 10:38:07 [error] [exception.CHttpException.404] exception 'CHttpException' with message 'Unable to resolve the request "themes/admin-blue/css/images/ui-bg_highlight-soft_75_ffe45c_1x100.png".' in C:\xampp\php\library\framework\web\CWebApplication.php:280
Stack trace:
#0 C:\xampp\php\library\framework\web\CWebApplication.php(135): CWebApplication->runController('themes/admin-bl...')
#1 C:\xampp\php\library\framework\base\CApplication.php(162): CWebApplication->processRequest()
#2 C:\xampp\htdocs\nhaphodep.vn\index.php(16): CApplication->run()
#3 {main}
REQUEST_URI=/nhaphodep.vn/themes/admin-blue/css/images/ui-bg_highlight-soft_75_ffe45c_1x100.png
HTTP_REFERER=http://localhost/nhaphodep.vn/admin/advs/add
---
2012/06/15 10:38:07 [error] [exception.CHttpException.404] exception 'CHttpException' with message 'Unable to resolve the request "themes/admin-blue/css/images/ui-bg_glass_100_f6f6f6_1x400.png".' in C:\xampp\php\library\framework\web\CWebApplication.php:280
Stack trace:
#0 C:\xampp\php\library\framework\web\CWebApplication.php(135): CWebApplication->runController('themes/admin-bl...')
#1 C:\xampp\php\library\framework\base\CApplication.php(162): CWebApplication->processRequest()
#2 C:\xampp\htdocs\nhaphodep.vn\index.php(16): CApplication->run()
#3 {main}
REQUEST_URI=/nhaphodep.vn/themes/admin-blue/css/images/ui-bg_glass_100_f6f6f6_1x400.png
HTTP_REFERER=http://localhost/nhaphodep.vn/admin/advs/add
---
2012/06/15 10:38:07 [error] [exception.CHttpException.404] exception 'CHttpException' with message 'Unable to resolve the request "themes/admin-blue/css/images/ui-icons_ffffff_256x240.png".' in C:\xampp\php\library\framework\web\CWebApplication.php:280
Stack trace:
#0 C:\xampp\php\library\framework\web\CWebApplication.php(135): CWebApplication->runController('themes/admin-bl...')
#1 C:\xampp\php\library\framework\base\CApplication.php(162): CWebApplication->processRequest()
#2 C:\xampp\htdocs\nhaphodep.vn\index.php(16): CApplication->run()
#3 {main}
REQUEST_URI=/nhaphodep.vn/themes/admin-blue/css/images/ui-icons_ffffff_256x240.png
HTTP_REFERER=http://localhost/nhaphodep.vn/admin/advs/add
---
2012/06/15 10:38:07 [error] [exception.CHttpException.404] exception 'CHttpException' with message 'Unable to resolve the request "themes/admin-blue/css/images/ui-bg_glass_100_fdf5ce_1x400.png".' in C:\xampp\php\library\framework\web\CWebApplication.php:280
Stack trace:
#0 C:\xampp\php\library\framework\web\CWebApplication.php(135): CWebApplication->runController('themes/admin-bl...')
#1 C:\xampp\php\library\framework\base\CApplication.php(162): CWebApplication->processRequest()
#2 C:\xampp\htdocs\nhaphodep.vn\index.php(16): CApplication->run()
#3 {main}
REQUEST_URI=/nhaphodep.vn/themes/admin-blue/css/images/ui-bg_glass_100_fdf5ce_1x400.png
HTTP_REFERER=http://localhost/nhaphodep.vn/admin/advs/add
---
2012/06/15 10:38:27 [error] [exception.CHttpException.404] exception 'CHttpException' with message 'Unable to resolve the request "themes/admin-blue/css/images/ui-bg_highlight-soft_100_eeeeee_1x100.png".' in C:\xampp\php\library\framework\web\CWebApplication.php:280
Stack trace:
#0 C:\xampp\php\library\framework\web\CWebApplication.php(135): CWebApplication->runController('themes/admin-bl...')
#1 C:\xampp\php\library\framework\base\CApplication.php(162): CWebApplication->processRequest()
#2 C:\xampp\htdocs\nhaphodep.vn\index.php(16): CApplication->run()
#3 {main}
REQUEST_URI=/nhaphodep.vn/themes/admin-blue/css/images/ui-bg_highlight-soft_100_eeeeee_1x100.png
HTTP_REFERER=http://localhost/nhaphodep.vn/admin/advs/add
---
2012/06/15 10:38:42 [error] [exception.CHttpException.404] exception 'CHttpException' with message 'Unable to resolve the request "themes/admin-blue/css/images/ui-bg_gloss-wave_35_f6a828_500x100.png".' in C:\xampp\php\library\framework\web\CWebApplication.php:280
Stack trace:
#0 C:\xampp\php\library\framework\web\CWebApplication.php(135): CWebApplication->runController('themes/admin-bl...')
#1 C:\xampp\php\library\framework\base\CApplication.php(162): CWebApplication->processRequest()
#2 C:\xampp\htdocs\nhaphodep.vn\index.php(16): CApplication->run()
#3 {main}
REQUEST_URI=/nhaphodep.vn/themes/admin-blue/css/images/ui-bg_gloss-wave_35_f6a828_500x100.png
HTTP_REFERER=http://localhost/nhaphodep.vn/admin/advs/add
---
2012/06/15 10:38:42 [error] [exception.CHttpException.404] exception 'CHttpException' with message 'Unable to resolve the request "themes/admin-blue/css/images/ui-icons_ffffff_256x240.png".' in C:\xampp\php\library\framework\web\CWebApplication.php:280
Stack trace:
#0 C:\xampp\php\library\framework\web\CWebApplication.php(135): CWebApplication->runController('themes/admin-bl...')
#1 C:\xampp\php\library\framework\base\CApplication.php(162): CWebApplication->processRequest()
#2 C:\xampp\htdocs\nhaphodep.vn\index.php(16): CApplication->run()
#3 {main}
REQUEST_URI=/nhaphodep.vn/themes/admin-blue/css/images/ui-icons_ffffff_256x240.png
HTTP_REFERER=http://localhost/nhaphodep.vn/admin/advs/add
---
2012/06/15 10:38:42 [error] [exception.CHttpException.404] exception 'CHttpException' with message 'Unable to resolve the request "themes/admin-blue/css/images/ui-bg_glass_100_f6f6f6_1x400.png".' in C:\xampp\php\library\framework\web\CWebApplication.php:280
Stack trace:
#0 C:\xampp\php\library\framework\web\CWebApplication.php(135): CWebApplication->runController('themes/admin-bl...')
#1 C:\xampp\php\library\framework\base\CApplication.php(162): CWebApplication->processRequest()
#2 C:\xampp\htdocs\nhaphodep.vn\index.php(16): CApplication->run()
#3 {main}
REQUEST_URI=/nhaphodep.vn/themes/admin-blue/css/images/ui-bg_glass_100_f6f6f6_1x400.png
HTTP_REFERER=http://localhost/nhaphodep.vn/admin/advs/add
---
2012/06/15 10:38:42 [error] [exception.CHttpException.404] exception 'CHttpException' with message 'Unable to resolve the request "themes/admin-blue/css/images/ui-bg_highlight-soft_75_ffe45c_1x100.png".' in C:\xampp\php\library\framework\web\CWebApplication.php:280
Stack trace:
#0 C:\xampp\php\library\framework\web\CWebApplication.php(135): CWebApplication->runController('themes/admin-bl...')
#1 C:\xampp\php\library\framework\base\CApplication.php(162): CWebApplication->processRequest()
#2 C:\xampp\htdocs\nhaphodep.vn\index.php(16): CApplication->run()
#3 {main}
REQUEST_URI=/nhaphodep.vn/themes/admin-blue/css/images/ui-bg_highlight-soft_75_ffe45c_1x100.png
HTTP_REFERER=http://localhost/nhaphodep.vn/admin/advs/add
---
2012/06/15 10:38:42 [error] [exception.CHttpException.404] exception 'CHttpException' with message 'Unable to resolve the request "themes/admin-blue/css/images/ui-bg_glass_100_fdf5ce_1x400.png".' in C:\xampp\php\library\framework\web\CWebApplication.php:280
Stack trace:
#0 C:\xampp\php\library\framework\web\CWebApplication.php(135): CWebApplication->runController('themes/admin-bl...')
#1 C:\xampp\php\library\framework\base\CApplication.php(162): CWebApplication->processRequest()
#2 C:\xampp\htdocs\nhaphodep.vn\index.php(16): CApplication->run()
#3 {main}
REQUEST_URI=/nhaphodep.vn/themes/admin-blue/css/images/ui-bg_glass_100_fdf5ce_1x400.png
HTTP_REFERER=http://localhost/nhaphodep.vn/admin/advs/add
---
