2012/12/06 07:41:23 [error] [exception.CHttpException.404] exception 'CHttpException' with message 'Unable to resolve the request "san-giao-dich/dang-nhap".' in C:\xampp\php\library\framework\yiilite.php:1703
Stack trace:
#0 C:\xampp\php\library\framework\yiilite.php(1619): CWebApplication->runController('san-giao-dich/d...')
#1 C:\xampp\php\library\framework\yiilite.php(1144): CWebApplication->processRequest()
#2 D:\svn\stcdon\index.php(11): CApplication->run()
#3 {main}
REQUEST_URI=/stcdon/san-giao-dich/dang-nhap
HTTP_REFERER=http://dos.vn/stcdon/thanh-tuu-dinh-huong
---
2012/12/06 07:42:21 [error] [exception.CHttpException.404] exception 'CHttpException' with message 'Unable to resolve the request "san-giao-dich/dang-nhap".' in C:\xampp\php\library\framework\yiilite.php:1703
Stack trace:
#0 C:\xampp\php\library\framework\yiilite.php(1619): CWebApplication->runController('san-giao-dich/d...')
#1 C:\xampp\php\library\framework\yiilite.php(1144): CWebApplication->processRequest()
#2 D:\svn\stcdon\index.php(11): CApplication->run()
#3 {main}
REQUEST_URI=/stcdon/san-giao-dich/dang-nhap
---
2012/12/06 07:45:28 [error] [exception.CHttpException.404] exception 'CHttpException' with message 'Unable to resolve the request "san-giao-dich/dang-nhap".' in C:\xampp\php\library\framework\yiilite.php:1703
Stack trace:
#0 C:\xampp\php\library\framework\yiilite.php(1619): CWebApplication->runController('san-giao-dich/d...')
#1 C:\xampp\php\library\framework\yiilite.php(1144): CWebApplication->processRequest()
#2 D:\svn\stcdon\index.php(11): CApplication->run()
#3 {main}
REQUEST_URI=/stcdon/san-giao-dich/dang-nhap
HTTP_REFERER=http://dos.vn/stcdon/
---
2012/12/06 07:48:15 [error] [exception.CHttpException.404] exception 'CHttpException' with message 'Unable to resolve the request "san-giao-dich/dang-nhap".' in C:\xampp\php\library\framework\yiilite.php:1703
Stack trace:
#0 C:\xampp\php\library\framework\yiilite.php(1619): CWebApplication->runController('san-giao-dich/d...')
#1 C:\xampp\php\library\framework\yiilite.php(1144): CWebApplication->processRequest()
#2 D:\svn\stcdon\index.php(11): CApplication->run()
#3 {main}
REQUEST_URI=/stcdon/san-giao-dich/dang-nhap
HTTP_REFERER=http://dos.vn/stcdon/
---
2012/12/06 07:48:19 [error] [exception.CHttpException.404] exception 'CHttpException' with message 'Unable to resolve the request "san-giao-dich/dang-nhap".' in C:\xampp\php\library\framework\yiilite.php:1703
Stack trace:
#0 C:\xampp\php\library\framework\yiilite.php(1619): CWebApplication->runController('san-giao-dich/d...')
#1 C:\xampp\php\library\framework\yiilite.php(1144): CWebApplication->processRequest()
#2 D:\svn\stcdon\index.php(11): CApplication->run()
#3 {main}
REQUEST_URI=/stcdon/san-giao-dich/dang-nhap
HTTP_REFERER=http://dos.vn/stcdon/trang-chu
---
2012/12/06 07:49:15 [error] [exception.CHttpException.404] exception 'CHttpException' with message 'Unable to resolve the request "san-giao-dich/dang-nhap".' in C:\xampp\php\library\framework\yiilite.php:1703
Stack trace:
#0 C:\xampp\php\library\framework\yiilite.php(1619): CWebApplication->runController('san-giao-dich/d...')
#1 C:\xampp\php\library\framework\yiilite.php(1144): CWebApplication->processRequest()
#2 D:\svn\stcdon\index.php(11): CApplication->run()
#3 {main}
REQUEST_URI=/stcdon/san-giao-dich/dang-nhap
HTTP_REFERER=http://dos.vn/stcdon/trang-chu
---
2012/12/06 07:49:20 [error] [exception.CHttpException.404] exception 'CHttpException' with message 'Unable to resolve the request "san-giao-dich/dang-nhap".' in C:\xampp\php\library\framework\yiilite.php:1703
Stack trace:
#0 C:\xampp\php\library\framework\yiilite.php(1619): CWebApplication->runController('san-giao-dich/d...')
#1 C:\xampp\php\library\framework\yiilite.php(1144): CWebApplication->processRequest()
#2 D:\svn\stcdon\index.php(11): CApplication->run()
#3 {main}
REQUEST_URI=/stcdon/san-giao-dich/dang-nhap
HTTP_REFERER=http://dos.vn/stcdon/trang-chu
---
2012/12/06 07:49:41 [error] [exception.CHttpException.404] exception 'CHttpException' with message 'Unable to resolve the request "san-giao-dich/dang-nhap".' in C:\xampp\php\library\framework\yiilite.php:1703
Stack trace:
#0 C:\xampp\php\library\framework\yiilite.php(1619): CWebApplication->runController('san-giao-dich/d...')
#1 C:\xampp\php\library\framework\yiilite.php(1144): CWebApplication->processRequest()
#2 D:\svn\stcdon\index.php(11): CApplication->run()
#3 {main}
REQUEST_URI=/stcdon/san-giao-dich/dang-nhap
HTTP_REFERER=http://dos.vn/stcdon/trang-chu
---
2012/12/06 07:50:02 [error] [exception.CHttpException.404] exception 'CHttpException' with message 'Unable to resolve the request "san-giao-dich/dang-nhap".' in C:\xampp\php\library\framework\yiilite.php:1703
Stack trace:
#0 C:\xampp\php\library\framework\yiilite.php(1619): CWebApplication->runController('san-giao-dich/d...')
#1 C:\xampp\php\library\framework\yiilite.php(1144): CWebApplication->processRequest()
#2 D:\svn\stcdon\index.php(11): CApplication->run()
#3 {main}
REQUEST_URI=/stcdon/san-giao-dich/dang-nhap
HTTP_REFERER=http://dos.vn/stcdon/trang-chu
---
2012/12/06 07:50:10 [error] [exception.CHttpException.404] exception 'CHttpException' with message 'Unable to resolve the request "san-giao-dich/dang-nhap".' in C:\xampp\php\library\framework\yiilite.php:1703
Stack trace:
#0 C:\xampp\php\library\framework\yiilite.php(1619): CWebApplication->runController('san-giao-dich/d...')
#1 C:\xampp\php\library\framework\yiilite.php(1144): CWebApplication->processRequest()
#2 D:\svn\stcdon\index.php(11): CApplication->run()
#3 {main}
REQUEST_URI=/stcdon/san-giao-dich/dang-nhap
---
2012/12/06 07:51:43 [error] [exception.CHttpException.404] exception 'CHttpException' with message 'Unable to resolve the request "san-giao-dich/dang-nhap".' in C:\xampp\php\library\framework\yiilite.php:1703
Stack trace:
#0 C:\xampp\php\library\framework\yiilite.php(1619): CWebApplication->runController('san-giao-dich/d...')
#1 C:\xampp\php\library\framework\yiilite.php(1144): CWebApplication->processRequest()
#2 D:\svn\stcdon\index.php(11): CApplication->run()
#3 {main}
REQUEST_URI=/stcdon/san-giao-dich/dang-nhap
HTTP_REFERER=http://dos.vn/stcdon/trang-chu
---
2012/12/06 07:58:13 [error] [exception.CHttpException.404] exception 'CHttpException' with message 'Unable to resolve the request "san-giao-dich/dang-nhap".' in C:\xampp\php\library\framework\yiilite.php:1703
Stack trace:
#0 C:\xampp\php\library\framework\yiilite.php(1619): CWebApplication->runController('san-giao-dich/d...')
#1 C:\xampp\php\library\framework\yiilite.php(1144): CWebApplication->processRequest()
#2 D:\svn\stcdon\index.php(11): CApplication->run()
#3 {main}
REQUEST_URI=/stcdon/san-giao-dich/dang-nhap
HTTP_REFERER=http://dos.vn/stcdon/van-ban-moi-ban-hanh
---
2012/12/06 07:58:47 [error] [exception.CHttpException.404] exception 'CHttpException' with message 'Unable to resolve the request "san-giao-dich/dang-nhap".' in C:\xampp\php\library\framework\yiilite.php:1703
Stack trace:
#0 C:\xampp\php\library\framework\yiilite.php(1619): CWebApplication->runController('san-giao-dich/d...')
#1 C:\xampp\php\library\framework\yiilite.php(1144): CWebApplication->processRequest()
#2 D:\svn\stcdon\index.php(11): CApplication->run()
#3 {main}
REQUEST_URI=/stcdon/san-giao-dich/dang-nhap
HTTP_REFERER=http://dos.vn/stcdon/van-ban-moi-ban-hanh
---
2012/12/06 08:01:59 [error] [exception.CHttpException.404] exception 'CHttpException' with message 'Unable to resolve the request "themes/sotaichinh/images/button-detail.png".' in C:\xampp\php\library\framework\yiilite.php:1703
Stack trace:
#0 C:\xampp\php\library\framework\yiilite.php(1619): CWebApplication->runController('themes/sotaichi...')
#1 C:\xampp\php\library\framework\yiilite.php(1144): CWebApplication->processRequest()
#2 D:\svn\stcdon\index.php(11): CApplication->run()
#3 {main}
REQUEST_URI=/stcdon/themes/sotaichinh/images/button-detail.png
HTTP_REFERER=http://dos.vn/stcdon/tin-tuc/tin-tieu-diem
---
2012/12/06 08:03:53 [error] [php] Undefined variable: menu_new_index (D:\svn\stcdon\themes\sotaichinh\views\news\default\index.php:5)
Stack trace:
#0 C:\xampp\php\library\framework\yiilite.php(3576): DefaultController->renderFile()
#1 C:\xampp\php\library\framework\yiilite.php(3544): DefaultController->renderPartial()
#2 D:\svn\stcdon\protected\modules\news\controllers\DefaultController.php(8): DefaultController->render()
#3 C:\xampp\php\library\framework\yiilite.php(3812): DefaultController->actionIndex()
#4 C:\xampp\php\library\framework\yiilite.php(3324): CInlineAction->runWithParams()
#5 C:\xampp\php\library\framework\yiilite.php(3309): DefaultController->runAction()
#6 C:\xampp\php\library\framework\yiilite.php(3299): DefaultController->runActionWithFilters()
#7 C:\xampp\php\library\framework\yiilite.php(1699): DefaultController->run()
#8 C:\xampp\php\library\framework\yiilite.php(1619): CWebApplication->runController()
#9 C:\xampp\php\library\framework\yiilite.php(1144): CWebApplication->processRequest()
#10 D:\svn\stcdon\index.php(11): CWebApplication->run()
REQUEST_URI=/stcdon/tin-tuc
2012/12/06 08:04:17 [error] [php] Undefined variable: menu_new_index (D:\svn\stcdon\themes\sotaichinh\views\news\default\index.php:5)
Stack trace:
#0 C:\xampp\php\library\framework\yiilite.php(3576): DefaultController->renderFile()
#1 C:\xampp\php\library\framework\yiilite.php(3544): DefaultController->renderPartial()
#2 D:\svn\stcdon\protected\modules\news\controllers\DefaultController.php(8): DefaultController->render()
#3 C:\xampp\php\library\framework\yiilite.php(3812): DefaultController->actionIndex()
#4 C:\xampp\php\library\framework\yiilite.php(3324): CInlineAction->runWithParams()
#5 C:\xampp\php\library\framework\yiilite.php(3309): DefaultController->runAction()
#6 C:\xampp\php\library\framework\yiilite.php(3299): DefaultController->runActionWithFilters()
#7 C:\xampp\php\library\framework\yiilite.php(1699): DefaultController->run()
#8 C:\xampp\php\library\framework\yiilite.php(1619): CWebApplication->runController()
#9 C:\xampp\php\library\framework\yiilite.php(1144): CWebApplication->processRequest()
#10 D:\svn\stcdon\index.php(11): CWebApplication->run()
REQUEST_URI=/stcdon/tin-tuc
2012/12/06 08:05:28 [error] [php] Undefined variable: menu_news (D:\svn\stcdon\themes\sotaichinh\views\news\default\index.php:4)
Stack trace:
#0 C:\xampp\php\library\framework\yiilite.php(3576): DefaultController->renderFile()
#1 C:\xampp\php\library\framework\yiilite.php(3544): DefaultController->renderPartial()
#2 D:\svn\stcdon\protected\modules\news\controllers\DefaultController.php(8): DefaultController->render()
#3 C:\xampp\php\library\framework\yiilite.php(3812): DefaultController->actionIndex()
#4 C:\xampp\php\library\framework\yiilite.php(3324): CInlineAction->runWithParams()
#5 C:\xampp\php\library\framework\yiilite.php(3309): DefaultController->runAction()
#6 C:\xampp\php\library\framework\yiilite.php(3299): DefaultController->runActionWithFilters()
#7 C:\xampp\php\library\framework\yiilite.php(1699): DefaultController->run()
#8 C:\xampp\php\library\framework\yiilite.php(1619): CWebApplication->runController()
#9 C:\xampp\php\library\framework\yiilite.php(1144): CWebApplication->processRequest()
#10 D:\svn\stcdon\index.php(11): CWebApplication->run()
REQUEST_URI=/stcdon/tin-tuc
2012/12/06 08:09:56 [error] [exception.CHttpException.404] exception 'CHttpException' with message 'Unable to resolve the request "san-giao-dich/dang-nhap".' in C:\xampp\php\library\framework\yiilite.php:1703
Stack trace:
#0 C:\xampp\php\library\framework\yiilite.php(1619): CWebApplication->runController('san-giao-dich/d...')
#1 C:\xampp\php\library\framework\yiilite.php(1144): CWebApplication->processRequest()
#2 D:\svn\stcdon\index.php(11): CApplication->run()
#3 {main}
REQUEST_URI=/stcdon/san-giao-dich/dang-nhap
HTTP_REFERER=http://dos.vn/stcdon/van-ban-moi-ban-hanh/van-ban-moi-ban-hanh
---
2012/12/06 08:56:35 [error] [php] Undefined variable: value (D:\svn\stcdon\themes\sotaichinh\views\news\default\index.php:9)
Stack trace:
#0 C:\xampp\php\library\framework\yiilite.php(3576): DefaultController->renderFile()
#1 C:\xampp\php\library\framework\yiilite.php(3544): DefaultController->renderPartial()
#2 D:\svn\stcdon\protected\modules\news\controllers\DefaultController.php(8): DefaultController->render()
#3 C:\xampp\php\library\framework\yiilite.php(3812): DefaultController->actionIndex()
#4 C:\xampp\php\library\framework\yiilite.php(3324): CInlineAction->runWithParams()
#5 C:\xampp\php\library\framework\yiilite.php(3309): DefaultController->runAction()
#6 C:\xampp\php\library\framework\yiilite.php(3299): DefaultController->runActionWithFilters()
#7 C:\xampp\php\library\framework\yiilite.php(1699): DefaultController->run()
#8 C:\xampp\php\library\framework\yiilite.php(1619): CWebApplication->runController()
#9 C:\xampp\php\library\framework\yiilite.php(1144): CWebApplication->processRequest()
#10 D:\svn\stcdon\index.php(11): CWebApplication->run()
REQUEST_URI=/stcdon/tin-tuc
2012/12/06 09:08:02 [error] [php] Undefined variable: i (D:\svn\stcdon\themes\sotaichinh\views\news\default\index.php:12)
Stack trace:
#0 C:\xampp\php\library\framework\yiilite.php(3576): DefaultController->renderFile()
#1 C:\xampp\php\library\framework\yiilite.php(3544): DefaultController->renderPartial()
#2 D:\svn\stcdon\protected\modules\news\controllers\DefaultController.php(8): DefaultController->render()
#3 C:\xampp\php\library\framework\yiilite.php(3812): DefaultController->actionIndex()
#4 C:\xampp\php\library\framework\yiilite.php(3324): CInlineAction->runWithParams()
#5 C:\xampp\php\library\framework\yiilite.php(3309): DefaultController->runAction()
#6 C:\xampp\php\library\framework\yiilite.php(3299): DefaultController->runActionWithFilters()
#7 C:\xampp\php\library\framework\yiilite.php(1699): DefaultController->run()
#8 C:\xampp\php\library\framework\yiilite.php(1619): CWebApplication->runController()
#9 C:\xampp\php\library\framework\yiilite.php(1144): CWebApplication->processRequest()
#10 D:\svn\stcdon\index.php(11): CWebApplication->run()
REQUEST_URI=/stcdon/tin-tuc
2012/12/06 09:33:00 [error] [exception.CHttpException.404] exception 'CHttpException' with message 'Unable to resolve the request "san-giao-dich/dang-nhap".' in C:\xampp\php\library\framework\yiilite.php:1703
Stack trace:
#0 C:\xampp\php\library\framework\yiilite.php(1619): CWebApplication->runController('san-giao-dich/d...')
#1 C:\xampp\php\library\framework\yiilite.php(1144): CWebApplication->processRequest()
#2 D:\svn\stcdon\index.php(11): CApplication->run()
#3 {main}
REQUEST_URI=/stcdon/san-giao-dich/dang-nhap
HTTP_REFERER=http://dos.vn/stcdon/trang-chu
---
2012/12/06 09:34:10 [error] [exception.CHttpException.404] exception 'CHttpException' with message 'Unable to resolve the request "san-giao-dich/dang-nhap".' in C:\xampp\php\library\framework\yiilite.php:1703
Stack trace:
#0 C:\xampp\php\library\framework\yiilite.php(1619): CWebApplication->runController('san-giao-dich/d...')
#1 C:\xampp\php\library\framework\yiilite.php(1144): CWebApplication->processRequest()
#2 D:\svn\stcdon\index.php(11): CApplication->run()
#3 {main}
REQUEST_URI=/stcdon/san-giao-dich/dang-nhap
HTTP_REFERER=http://dos.vn/stcdon/san-giao-dich/dang-nhap
---
2012/12/06 09:38:39 [error] [system.db.CDbCommand] CDbCommand::fetchAll() failed: SQLSTATE[42S02]: Base table or view not found: 1146 Table 'sotaichinh.hoiit_urls' doesn't exist. The SQL statement executed was: SELECT url_pattern, url_route, url_param FROM hoiit_urls ORDER BY url_sort ASC.
2012/12/06 09:38:39 [error] [exception.CDbException] exception 'CDbException' with message 'CDbCommand failed to execute the SQL statement: SQLSTATE[42S02]: Base table or view not found: 1146 Table 'sotaichinh.hoiit_urls' doesn't exist' in C:\xampp\php\library\framework\yiilite.php:8799
Stack trace:
#0 C:\xampp\php\library\framework\yiilite.php(8723): CDbCommand->queryInternal('fetchAll', Array, Array)
#1 D:\svn\stcdon\protected\components\UrlManager.php(6): CDbCommand->queryAll()
#2 C:\xampp\php\library\framework\yiilite.php(2749): UrlManager->processRules()
#3 C:\xampp\php\library\framework\yiilite.php(1046): CUrlManager->init()
#4 C:\xampp\php\library\framework\yiilite.php(1297): CModule->getComponent('urlManager')
#5 C:\xampp\php\library\framework\yiilite.php(1618): CApplication->getUrlManager()
#6 C:\xampp\php\library\framework\yiilite.php(1144): CWebApplication->processRequest()
#7 D:\svn\stcdon\index.php(11): CApplication->run()
#8 {main}
REQUEST_URI=/stcdon/thanh-tuu-dinh-huong
HTTP_REFERER=http://dos.vn/stcdon/san-giao-dich/dang-nhap
---
2012/12/06 09:38:39 [error] [system.db.CDbCommand] CDbCommand::fetchAll() failed: SQLSTATE[42S02]: Base table or view not found: 1146 Table 'sotaichinh.hoiit_urls' doesn't exist. The SQL statement executed was: SELECT url_pattern, url_route, url_param FROM hoiit_urls ORDER BY url_sort ASC.
2012/12/06 09:39:28 [error] [exception.CHttpException.404] exception 'CHttpException' with message 'Unable to resolve the request "san-giao-dich/dang-nhap".' in C:\xampp\php\library\framework\yiilite.php:1703
Stack trace:
#0 C:\xampp\php\library\framework\yiilite.php(1619): CWebApplication->runController('san-giao-dich/d...')
#1 C:\xampp\php\library\framework\yiilite.php(1144): CWebApplication->processRequest()
#2 D:\svn\stcdon\index.php(11): CApplication->run()
#3 {main}
REQUEST_URI=/stcdon/san-giao-dich/dang-nhap
HTTP_REFERER=http://dos.vn/stcdon/thanh-tuu-dinh-huong
---
2012/12/06 09:40:04 [error] [exception.CHttpException.404] exception 'CHttpException' with message 'Unable to resolve the request "san-giao-dich/dang-nhap".' in C:\xampp\php\library\framework\yiilite.php:1703
Stack trace:
#0 C:\xampp\php\library\framework\yiilite.php(1619): CWebApplication->runController('san-giao-dich/d...')
#1 C:\xampp\php\library\framework\yiilite.php(1144): CWebApplication->processRequest()
#2 D:\svn\stcdon\index.php(11): CApplication->run()
#3 {main}
REQUEST_URI=/stcdon/san-giao-dich/dang-nhap
HTTP_REFERER=http://dos.vn/stcdon/thanh-tuu-dinh-huong
---
2012/12/06 10:27:18 [error] [php] include(DocumentModule.php): failed to open stream: No such file or directory (C:\xampp\php\library\framework\yiilite.php:238)
Stack trace:
#0 C:\xampp\php\library\framework\yiilite.php(96): spl_autoload_call()
#1 C:\xampp\php\library\framework\yiilite.php(996): createComponent()
#2 C:\xampp\php\library\framework\yiilite.php(1731): CWebApplication->getModule()
#3 C:\xampp\php\library\framework\yiilite.php(1693): CWebApplication->createController()
#4 C:\xampp\php\library\framework\yiilite.php(1619): CWebApplication->runController()
#5 C:\xampp\php\library\framework\yiilite.php(1144): CWebApplication->processRequest()
#6 D:\svn\stcdon\index.php(11): CWebApplication->run()
REQUEST_URI=/stcdon/tai-lieu-chuyen-nganh
2012/12/06 10:30:04 [error] [php] include(DocumentModule.php): failed to open stream: No such file or directory (C:\xampp\php\library\framework\yiilite.php:238)
Stack trace:
#0 C:\xampp\php\library\framework\yiilite.php(96): spl_autoload_call()
#1 C:\xampp\php\library\framework\yiilite.php(996): createComponent()
#2 C:\xampp\php\library\framework\yiilite.php(1731): CWebApplication->getModule()
#3 C:\xampp\php\library\framework\yiilite.php(1693): CWebApplication->createController()
#4 C:\xampp\php\library\framework\yiilite.php(1619): CWebApplication->runController()
#5 C:\xampp\php\library\framework\yiilite.php(1144): CWebApplication->processRequest()
#6 D:\svn\stcdon\index.php(11): CWebApplication->run()
REQUEST_URI=/stcdon/tai-lieu-chuyen-nganh
2012/12/06 10:31:37 [error] [exception.CException] exception 'CException' with message 'DefaultController không tìm được view: "application.modules.news.views.menu_document".' in C:\xampp\php\library\framework\yiilite.php:3585
Stack trace:
#0 D:\svn\stcdon\protected\components\Controller.php(80): CController->renderPartial('application.mod...', Array)
#1 D:\svn\stcdon\protected\components\Controller.php(66): Controller->parseView('menu_document', 'news', Array)
#2 D:\svn\stcdon\themes\sotaichinh\views\layouts\column-default.php(8): Controller->getPosition('left')
#3 C:\xampp\php\library\framework\yiilite.php(3173): require('D:\svn\stcdon\t...')
#4 C:\xampp\php\library\framework\yiilite.php(3152): CBaseController->renderInternal('D:\svn\stcdon\t...', Array, true)
#5 C:\xampp\php\library\framework\yiilite.php(3546): CBaseController->renderFile('D:\svn\stcdon\t...', Array, true)
#6 D:\svn\stcdon\protected\modules\document\controllers\DefaultController.php(8): CController->render('index', Array)
#7 C:\xampp\php\library\framework\yiilite.php(3812): DefaultController->actionIndex()
#8 C:\xampp\php\library\framework\yiilite.php(3324): CInlineAction->runWithParams(Array)
#9 C:\xampp\php\library\framework\yiilite.php(3309): CController->runAction(Object(CInlineAction))
#10 C:\xampp\php\library\framework\yiilite.php(3299): CController->runActionWithFilters(Object(CInlineAction), Array)
#11 C:\xampp\php\library\framework\yiilite.php(1699): CController->run('index')
#12 C:\xampp\php\library\framework\yiilite.php(1619): CWebApplication->runController('document/defaul...')
#13 C:\xampp\php\library\framework\yiilite.php(1144): CWebApplication->processRequest()
#14 D:\svn\stcdon\index.php(11): CApplication->run()
#15 {main}
REQUEST_URI=/stcdon/tai-lieu-chuyen-nganh
HTTP_REFERER=http://dos.vn/stcdon/lien-he
---
2012/12/06 10:32:45 [error] [exception.CException] exception 'CException' with message 'DefaultController không tìm được view: "application.modules.news.views.menu_document".' in C:\xampp\php\library\framework\yiilite.php:3585
Stack trace:
#0 D:\svn\stcdon\protected\components\Controller.php(80): CController->renderPartial('application.mod...', Array)
#1 D:\svn\stcdon\protected\components\Controller.php(66): Controller->parseView('menu_document', 'news', Array)
#2 D:\svn\stcdon\themes\sotaichinh\views\layouts\column-default.php(8): Controller->getPosition('left')
#3 C:\xampp\php\library\framework\yiilite.php(3173): require('D:\svn\stcdon\t...')
#4 C:\xampp\php\library\framework\yiilite.php(3152): CBaseController->renderInternal('D:\svn\stcdon\t...', Array, true)
#5 C:\xampp\php\library\framework\yiilite.php(3546): CBaseController->renderFile('D:\svn\stcdon\t...', Array, true)
#6 D:\svn\stcdon\protected\modules\document\controllers\DefaultController.php(8): CController->render('index', Array)
#7 C:\xampp\php\library\framework\yiilite.php(3812): DefaultController->actionIndex()
#8 C:\xampp\php\library\framework\yiilite.php(3324): CInlineAction->runWithParams(Array)
#9 C:\xampp\php\library\framework\yiilite.php(3309): CController->runAction(Object(CInlineAction))
#10 C:\xampp\php\library\framework\yiilite.php(3299): CController->runActionWithFilters(Object(CInlineAction), Array)
#11 C:\xampp\php\library\framework\yiilite.php(1699): CController->run('index')
#12 C:\xampp\php\library\framework\yiilite.php(1619): CWebApplication->runController('document/defaul...')
#13 C:\xampp\php\library\framework\yiilite.php(1144): CWebApplication->processRequest()
#14 D:\svn\stcdon\index.php(11): CApplication->run()
#15 {main}
REQUEST_URI=/stcdon/tai-lieu-chuyen-nganh
HTTP_REFERER=http://dos.vn/stcdon/lien-he
---
2012/12/06 10:33:22 [error] [exception.CException] exception 'CException' with message 'DefaultController không tìm được view: "application.modules.news.views.menu_document".' in C:\xampp\php\library\framework\yiilite.php:3585
Stack trace:
#0 D:\svn\stcdon\protected\components\Controller.php(80): CController->renderPartial('application.mod...', Array)
#1 D:\svn\stcdon\protected\components\Controller.php(66): Controller->parseView('menu_document', 'news', Array)
#2 D:\svn\stcdon\themes\sotaichinh\views\layouts\column-default.php(8): Controller->getPosition('left')
#3 C:\xampp\php\library\framework\yiilite.php(3173): require('D:\svn\stcdon\t...')
#4 C:\xampp\php\library\framework\yiilite.php(3152): CBaseController->renderInternal('D:\svn\stcdon\t...', Array, true)
#5 C:\xampp\php\library\framework\yiilite.php(3546): CBaseController->renderFile('D:\svn\stcdon\t...', Array, true)
#6 D:\svn\stcdon\protected\modules\document\controllers\DefaultController.php(8): CController->render('index', Array)
#7 C:\xampp\php\library\framework\yiilite.php(3812): DefaultController->actionIndex()
#8 C:\xampp\php\library\framework\yiilite.php(3324): CInlineAction->runWithParams(Array)
#9 C:\xampp\php\library\framework\yiilite.php(3309): CController->runAction(Object(CInlineAction))
#10 C:\xampp\php\library\framework\yiilite.php(3299): CController->runActionWithFilters(Object(CInlineAction), Array)
#11 C:\xampp\php\library\framework\yiilite.php(1699): CController->run('index')
#12 C:\xampp\php\library\framework\yiilite.php(1619): CWebApplication->runController('document/defaul...')
#13 C:\xampp\php\library\framework\yiilite.php(1144): CWebApplication->processRequest()
#14 D:\svn\stcdon\index.php(11): CApplication->run()
#15 {main}
REQUEST_URI=/stcdon/tai-lieu-chuyen-nganh
HTTP_REFERER=http://dos.vn/stcdon/lien-he
---
