2012/03/25 16:13:13 [error] [exception.CHttpException.404] exception 'CHttpException' with message 'Unable to resolve the request "public/userfiles/images/viptamnhinviet/images/banners/san-pham-moi.jpg".' in E:\xampp\php\www\framework\web\CWebApplication.php:280
Stack trace:
#0 E:\xampp\php\www\framework\web\CWebApplication.php(135): CWebApplication->runController('public/userfile...')
#1 E:\xampp\php\www\framework\base\CApplication.php(162): CWebApplication->processRequest()
#2 E:\xampp\htdocs\yii\vtnv.vn\index.php(21): CApplication->run()
#3 {main}
REQUEST_URI=/yii/vtnv.vn/public/userfiles/images/viptamnhinviet/images/banners/san-pham-moi.jpg
HTTP_REFERER=http://localhost/yii/vtnv.vn/log
---
2012/03/25 16:13:14 [error] [exception.CHttpException.404] exception 'CHttpException' with message 'Unable to resolve the request "public/userfiles/images/viptamnhinviet/images/banners/banner.jpg".' in E:\xampp\php\www\framework\web\CWebApplication.php:280
Stack trace:
#0 E:\xampp\php\www\framework\web\CWebApplication.php(135): CWebApplication->runController('public/userfile...')
#1 E:\xampp\php\www\framework\base\CApplication.php(162): CWebApplication->processRequest()
#2 E:\xampp\htdocs\yii\vtnv.vn\index.php(21): CApplication->run()
#3 {main}
REQUEST_URI=/yii/vtnv.vn/public/userfiles/images/viptamnhinviet/images/banners/banner.jpg
HTTP_REFERER=http://localhost/yii/vtnv.vn/log
---
2012/03/25 16:13:14 [error] [exception.CHttpException.404] exception 'CHttpException' with message 'Unable to resolve the request "public/userfiles/images/viptamnhinviet/images/banners/san-pham-moi.jpg".' in E:\xampp\php\www\framework\web\CWebApplication.php:280
Stack trace:
#0 E:\xampp\php\www\framework\web\CWebApplication.php(135): CWebApplication->runController('public/userfile...')
#1 E:\xampp\php\www\framework\base\CApplication.php(162): CWebApplication->processRequest()
#2 E:\xampp\htdocs\yii\vtnv.vn\index.php(21): CApplication->run()
#3 {main}
REQUEST_URI=/yii/vtnv.vn/public/userfiles/images/viptamnhinviet/images/banners/san-pham-moi.jpg
HTTP_REFERER=http://localhost/yii/vtnv.vn/log
---
2012/03/25 16:13:15 [error] [exception.CHttpException.404] exception 'CHttpException' with message 'Unable to resolve the request "public/userfiles/images/viptamnhinviet/images/banners/banner.jpg".' in E:\xampp\php\www\framework\web\CWebApplication.php:280
Stack trace:
#0 E:\xampp\php\www\framework\web\CWebApplication.php(135): CWebApplication->runController('public/userfile...')
#1 E:\xampp\php\www\framework\base\CApplication.php(162): CWebApplication->processRequest()
#2 E:\xampp\htdocs\yii\vtnv.vn\index.php(21): CApplication->run()
#3 {main}
REQUEST_URI=/yii/vtnv.vn/public/userfiles/images/viptamnhinviet/images/banners/banner.jpg
HTTP_REFERER=http://localhost/yii/vtnv.vn/log
---
2012/03/25 16:13:16 [error] [exception.CHttpException.404] exception 'CHttpException' with message 'Unable to resolve the request "public/userfiles/images/viptamnhinviet/images/banners/san-pham-moi.jpg".' in E:\xampp\php\www\framework\web\CWebApplication.php:280
Stack trace:
#0 E:\xampp\php\www\framework\web\CWebApplication.php(135): CWebApplication->runController('public/userfile...')
#1 E:\xampp\php\www\framework\base\CApplication.php(162): CWebApplication->processRequest()
#2 E:\xampp\htdocs\yii\vtnv.vn\index.php(21): CApplication->run()
#3 {main}
REQUEST_URI=/yii/vtnv.vn/public/userfiles/images/viptamnhinviet/images/banners/san-pham-moi.jpg
HTTP_REFERER=http://localhost/yii/vtnv.vn/log
---
2012/03/25 16:13:16 [error] [exception.CHttpException.404] exception 'CHttpException' with message 'Unable to resolve the request "public/userfiles/images/viptamnhinviet/images/banners/banner.jpg".' in E:\xampp\php\www\framework\web\CWebApplication.php:280
Stack trace:
#0 E:\xampp\php\www\framework\web\CWebApplication.php(135): CWebApplication->runController('public/userfile...')
#1 E:\xampp\php\www\framework\base\CApplication.php(162): CWebApplication->processRequest()
#2 E:\xampp\htdocs\yii\vtnv.vn\index.php(21): CApplication->run()
#3 {main}
REQUEST_URI=/yii/vtnv.vn/public/userfiles/images/viptamnhinviet/images/banners/banner.jpg
HTTP_REFERER=http://localhost/yii/vtnv.vn/log
---
2012/03/25 16:13:17 [error] [exception.CHttpException.404] exception 'CHttpException' with message 'Unable to resolve the request "public/userfiles/images/viptamnhinviet/images/banners/san-pham-moi.jpg".' in E:\xampp\php\www\framework\web\CWebApplication.php:280
Stack trace:
#0 E:\xampp\php\www\framework\web\CWebApplication.php(135): CWebApplication->runController('public/userfile...')
#1 E:\xampp\php\www\framework\base\CApplication.php(162): CWebApplication->processRequest()
#2 E:\xampp\htdocs\yii\vtnv.vn\index.php(21): CApplication->run()
#3 {main}
REQUEST_URI=/yii/vtnv.vn/public/userfiles/images/viptamnhinviet/images/banners/san-pham-moi.jpg
HTTP_REFERER=http://localhost/yii/vtnv.vn/log
---
2012/03/25 16:13:18 [error] [exception.CHttpException.404] exception 'CHttpException' with message 'Unable to resolve the request "public/userfiles/images/viptamnhinviet/images/banners/banner.jpg".' in E:\xampp\php\www\framework\web\CWebApplication.php:280
Stack trace:
#0 E:\xampp\php\www\framework\web\CWebApplication.php(135): CWebApplication->runController('public/userfile...')
#1 E:\xampp\php\www\framework\base\CApplication.php(162): CWebApplication->processRequest()
#2 E:\xampp\htdocs\yii\vtnv.vn\index.php(21): CApplication->run()
#3 {main}
REQUEST_URI=/yii/vtnv.vn/public/userfiles/images/viptamnhinviet/images/banners/banner.jpg
HTTP_REFERER=http://localhost/yii/vtnv.vn/log
---
2012/03/25 16:13:21 [error] [exception.CHttpException.404] exception 'CHttpException' with message 'Unable to resolve the request "public/userfiles/images/viptamnhinviet/images/banners/san-pham-moi.jpg".' in E:\xampp\php\www\framework\web\CWebApplication.php:280
Stack trace:
#0 E:\xampp\php\www\framework\web\CWebApplication.php(135): CWebApplication->runController('public/userfile...')
#1 E:\xampp\php\www\framework\base\CApplication.php(162): CWebApplication->processRequest()
#2 E:\xampp\htdocs\yii\vtnv.vn\index.php(21): CApplication->run()
#3 {main}
REQUEST_URI=/yii/vtnv.vn/public/userfiles/images/viptamnhinviet/images/banners/san-pham-moi.jpg
HTTP_REFERER=http://localhost/yii/vtnv.vn/log
---
2012/03/25 16:13:22 [error] [exception.CHttpException.404] exception 'CHttpException' with message 'Unable to resolve the request "public/userfiles/images/viptamnhinviet/images/banners/banner.jpg".' in E:\xampp\php\www\framework\web\CWebApplication.php:280
Stack trace:
#0 E:\xampp\php\www\framework\web\CWebApplication.php(135): CWebApplication->runController('public/userfile...')
#1 E:\xampp\php\www\framework\base\CApplication.php(162): CWebApplication->processRequest()
#2 E:\xampp\htdocs\yii\vtnv.vn\index.php(21): CApplication->run()
#3 {main}
REQUEST_URI=/yii/vtnv.vn/public/userfiles/images/viptamnhinviet/images/banners/banner.jpg
HTTP_REFERER=http://localhost/yii/vtnv.vn/log
---
2012/03/25 16:13:24 [error] [exception.CHttpException.404] exception 'CHttpException' with message 'Unable to resolve the request "public/userfiles/images/viptamnhinviet/images/banners/san-pham-moi.jpg".' in E:\xampp\php\www\framework\web\CWebApplication.php:280
Stack trace:
#0 E:\xampp\php\www\framework\web\CWebApplication.php(135): CWebApplication->runController('public/userfile...')
#1 E:\xampp\php\www\framework\base\CApplication.php(162): CWebApplication->processRequest()
#2 E:\xampp\htdocs\yii\vtnv.vn\index.php(21): CApplication->run()
#3 {main}
REQUEST_URI=/yii/vtnv.vn/public/userfiles/images/viptamnhinviet/images/banners/san-pham-moi.jpg
HTTP_REFERER=http://localhost/yii/vtnv.vn/log
---
2012/03/25 16:13:27 [error] [exception.CHttpException.404] exception 'CHttpException' with message 'Unable to resolve the request "public/userfiles/images/viptamnhinviet/images/banners/banner.jpg".' in E:\xampp\php\www\framework\web\CWebApplication.php:280
Stack trace:
#0 E:\xampp\php\www\framework\web\CWebApplication.php(135): CWebApplication->runController('public/userfile...')
#1 E:\xampp\php\www\framework\base\CApplication.php(162): CWebApplication->processRequest()
#2 E:\xampp\htdocs\yii\vtnv.vn\index.php(21): CApplication->run()
#3 {main}
REQUEST_URI=/yii/vtnv.vn/public/userfiles/images/viptamnhinviet/images/banners/banner.jpg
HTTP_REFERER=http://localhost/yii/vtnv.vn/log
---
2012/03/25 16:13:28 [error] [exception.CHttpException.404] exception 'CHttpException' with message 'Unable to resolve the request "public/userfiles/images/viptamnhinviet/images/banners/san-pham-moi.jpg".' in E:\xampp\php\www\framework\web\CWebApplication.php:280
Stack trace:
#0 E:\xampp\php\www\framework\web\CWebApplication.php(135): CWebApplication->runController('public/userfile...')
#1 E:\xampp\php\www\framework\base\CApplication.php(162): CWebApplication->processRequest()
#2 E:\xampp\htdocs\yii\vtnv.vn\index.php(21): CApplication->run()
#3 {main}
REQUEST_URI=/yii/vtnv.vn/public/userfiles/images/viptamnhinviet/images/banners/san-pham-moi.jpg
HTTP_REFERER=http://localhost/yii/vtnv.vn/log
---
2012/03/25 16:13:29 [error] [exception.CHttpException.404] exception 'CHttpException' with message 'Unable to resolve the request "public/userfiles/images/viptamnhinviet/images/banners/banner.jpg".' in E:\xampp\php\www\framework\web\CWebApplication.php:280
Stack trace:
#0 E:\xampp\php\www\framework\web\CWebApplication.php(135): CWebApplication->runController('public/userfile...')
#1 E:\xampp\php\www\framework\base\CApplication.php(162): CWebApplication->processRequest()
#2 E:\xampp\htdocs\yii\vtnv.vn\index.php(21): CApplication->run()
#3 {main}
REQUEST_URI=/yii/vtnv.vn/public/userfiles/images/viptamnhinviet/images/banners/banner.jpg
HTTP_REFERER=http://localhost/yii/vtnv.vn/log
---
2012/03/25 16:13:30 [error] [exception.CHttpException.404] exception 'CHttpException' with message 'Unable to resolve the request "public/userfiles/images/viptamnhinviet/images/banners/san-pham-moi.jpg".' in E:\xampp\php\www\framework\web\CWebApplication.php:280
Stack trace:
#0 E:\xampp\php\www\framework\web\CWebApplication.php(135): CWebApplication->runController('public/userfile...')
#1 E:\xampp\php\www\framework\base\CApplication.php(162): CWebApplication->processRequest()
#2 E:\xampp\htdocs\yii\vtnv.vn\index.php(21): CApplication->run()
#3 {main}
REQUEST_URI=/yii/vtnv.vn/public/userfiles/images/viptamnhinviet/images/banners/san-pham-moi.jpg
HTTP_REFERER=http://localhost/yii/vtnv.vn/log
---
2012/03/25 16:13:31 [error] [exception.CHttpException.404] exception 'CHttpException' with message 'Unable to resolve the request "public/userfiles/images/viptamnhinviet/images/banners/banner.jpg".' in E:\xampp\php\www\framework\web\CWebApplication.php:280
Stack trace:
#0 E:\xampp\php\www\framework\web\CWebApplication.php(135): CWebApplication->runController('public/userfile...')
#1 E:\xampp\php\www\framework\base\CApplication.php(162): CWebApplication->processRequest()
#2 E:\xampp\htdocs\yii\vtnv.vn\index.php(21): CApplication->run()
#3 {main}
REQUEST_URI=/yii/vtnv.vn/public/userfiles/images/viptamnhinviet/images/banners/banner.jpg
HTTP_REFERER=http://localhost/yii/vtnv.vn/log
---
2012/03/25 16:13:32 [error] [exception.CHttpException.404] exception 'CHttpException' with message 'Unable to resolve the request "public/userfiles/images/viptamnhinviet/images/banners/san-pham-moi.jpg".' in E:\xampp\php\www\framework\web\CWebApplication.php:280
Stack trace:
#0 E:\xampp\php\www\framework\web\CWebApplication.php(135): CWebApplication->runController('public/userfile...')
#1 E:\xampp\php\www\framework\base\CApplication.php(162): CWebApplication->processRequest()
#2 E:\xampp\htdocs\yii\vtnv.vn\index.php(21): CApplication->run()
#3 {main}
REQUEST_URI=/yii/vtnv.vn/public/userfiles/images/viptamnhinviet/images/banners/san-pham-moi.jpg
HTTP_REFERER=http://localhost/yii/vtnv.vn/log
---
2012/03/25 16:13:33 [error] [exception.CHttpException.404] exception 'CHttpException' with message 'Unable to resolve the request "public/userfiles/images/viptamnhinviet/images/banners/banner.jpg".' in E:\xampp\php\www\framework\web\CWebApplication.php:280
Stack trace:
#0 E:\xampp\php\www\framework\web\CWebApplication.php(135): CWebApplication->runController('public/userfile...')
#1 E:\xampp\php\www\framework\base\CApplication.php(162): CWebApplication->processRequest()
#2 E:\xampp\htdocs\yii\vtnv.vn\index.php(21): CApplication->run()
#3 {main}
REQUEST_URI=/yii/vtnv.vn/public/userfiles/images/viptamnhinviet/images/banners/banner.jpg
HTTP_REFERER=http://localhost/yii/vtnv.vn/log
---
2012/03/25 16:13:33 [error] [exception.CHttpException.404] exception 'CHttpException' with message 'Unable to resolve the request "public/userfiles/images/viptamnhinviet/images/banners/san-pham-moi.jpg".' in E:\xampp\php\www\framework\web\CWebApplication.php:280
Stack trace:
#0 E:\xampp\php\www\framework\web\CWebApplication.php(135): CWebApplication->runController('public/userfile...')
#1 E:\xampp\php\www\framework\base\CApplication.php(162): CWebApplication->processRequest()
#2 E:\xampp\htdocs\yii\vtnv.vn\index.php(21): CApplication->run()
#3 {main}
REQUEST_URI=/yii/vtnv.vn/public/userfiles/images/viptamnhinviet/images/banners/san-pham-moi.jpg
HTTP_REFERER=http://localhost/yii/vtnv.vn/log
---
2012/03/25 16:13:34 [error] [exception.CHttpException.404] exception 'CHttpException' with message 'Unable to resolve the request "public/userfiles/images/viptamnhinviet/images/banners/banner.jpg".' in E:\xampp\php\www\framework\web\CWebApplication.php:280
Stack trace:
#0 E:\xampp\php\www\framework\web\CWebApplication.php(135): CWebApplication->runController('public/userfile...')
#1 E:\xampp\php\www\framework\base\CApplication.php(162): CWebApplication->processRequest()
#2 E:\xampp\htdocs\yii\vtnv.vn\index.php(21): CApplication->run()
#3 {main}
REQUEST_URI=/yii/vtnv.vn/public/userfiles/images/viptamnhinviet/images/banners/banner.jpg
HTTP_REFERER=http://localhost/yii/vtnv.vn/log
---
2012/03/25 16:13:34 [error] [exception.CHttpException.404] exception 'CHttpException' with message 'Unable to resolve the request "public/userfiles/images/viptamnhinviet/images/banners/san-pham-moi.jpg".' in E:\xampp\php\www\framework\web\CWebApplication.php:280
Stack trace:
#0 E:\xampp\php\www\framework\web\CWebApplication.php(135): CWebApplication->runController('public/userfile...')
#1 E:\xampp\php\www\framework\base\CApplication.php(162): CWebApplication->processRequest()
#2 E:\xampp\htdocs\yii\vtnv.vn\index.php(21): CApplication->run()
#3 {main}
REQUEST_URI=/yii/vtnv.vn/public/userfiles/images/viptamnhinviet/images/banners/san-pham-moi.jpg
HTTP_REFERER=http://localhost/yii/vtnv.vn/log
---
2012/03/25 16:13:35 [error] [exception.CHttpException.404] exception 'CHttpException' with message 'Unable to resolve the request "public/userfiles/images/viptamnhinviet/images/banners/banner.jpg".' in E:\xampp\php\www\framework\web\CWebApplication.php:280
Stack trace:
#0 E:\xampp\php\www\framework\web\CWebApplication.php(135): CWebApplication->runController('public/userfile...')
#1 E:\xampp\php\www\framework\base\CApplication.php(162): CWebApplication->processRequest()
#2 E:\xampp\htdocs\yii\vtnv.vn\index.php(21): CApplication->run()
#3 {main}
REQUEST_URI=/yii/vtnv.vn/public/userfiles/images/viptamnhinviet/images/banners/banner.jpg
HTTP_REFERER=http://localhost/yii/vtnv.vn/log
---
2012/03/25 16:13:35 [error] [exception.CHttpException.404] exception 'CHttpException' with message 'Unable to resolve the request "public/userfiles/images/viptamnhinviet/images/banners/san-pham-moi.jpg".' in E:\xampp\php\www\framework\web\CWebApplication.php:280
Stack trace:
#0 E:\xampp\php\www\framework\web\CWebApplication.php(135): CWebApplication->runController('public/userfile...')
#1 E:\xampp\php\www\framework\base\CApplication.php(162): CWebApplication->processRequest()
#2 E:\xampp\htdocs\yii\vtnv.vn\index.php(21): CApplication->run()
#3 {main}
REQUEST_URI=/yii/vtnv.vn/public/userfiles/images/viptamnhinviet/images/banners/san-pham-moi.jpg
HTTP_REFERER=http://localhost/yii/vtnv.vn/log
---
2012/03/25 16:13:36 [error] [exception.CHttpException.404] exception 'CHttpException' with message 'Unable to resolve the request "public/userfiles/images/viptamnhinviet/images/banners/banner.jpg".' in E:\xampp\php\www\framework\web\CWebApplication.php:280
Stack trace:
#0 E:\xampp\php\www\framework\web\CWebApplication.php(135): CWebApplication->runController('public/userfile...')
#1 E:\xampp\php\www\framework\base\CApplication.php(162): CWebApplication->processRequest()
#2 E:\xampp\htdocs\yii\vtnv.vn\index.php(21): CApplication->run()
#3 {main}
REQUEST_URI=/yii/vtnv.vn/public/userfiles/images/viptamnhinviet/images/banners/banner.jpg
HTTP_REFERER=http://localhost/yii/vtnv.vn/log
---
2012/03/25 16:13:36 [error] [exception.CHttpException.404] exception 'CHttpException' with message 'Unable to resolve the request "public/userfiles/images/viptamnhinviet/images/banners/san-pham-moi.jpg".' in E:\xampp\php\www\framework\web\CWebApplication.php:280
Stack trace:
#0 E:\xampp\php\www\framework\web\CWebApplication.php(135): CWebApplication->runController('public/userfile...')
#1 E:\xampp\php\www\framework\base\CApplication.php(162): CWebApplication->processRequest()
#2 E:\xampp\htdocs\yii\vtnv.vn\index.php(21): CApplication->run()
#3 {main}
REQUEST_URI=/yii/vtnv.vn/public/userfiles/images/viptamnhinviet/images/banners/san-pham-moi.jpg
HTTP_REFERER=http://localhost/yii/vtnv.vn/log
---
2012/03/25 16:13:37 [error] [exception.CHttpException.404] exception 'CHttpException' with message 'Unable to resolve the request "public/userfiles/images/viptamnhinviet/images/banners/banner.jpg".' in E:\xampp\php\www\framework\web\CWebApplication.php:280
Stack trace:
#0 E:\xampp\php\www\framework\web\CWebApplication.php(135): CWebApplication->runController('public/userfile...')
#1 E:\xampp\php\www\framework\base\CApplication.php(162): CWebApplication->processRequest()
#2 E:\xampp\htdocs\yii\vtnv.vn\index.php(21): CApplication->run()
#3 {main}
REQUEST_URI=/yii/vtnv.vn/public/userfiles/images/viptamnhinviet/images/banners/banner.jpg
HTTP_REFERER=http://localhost/yii/vtnv.vn/log
---
2012/03/25 16:13:37 [error] [exception.CHttpException.404] exception 'CHttpException' with message 'Unable to resolve the request "public/userfiles/images/viptamnhinviet/images/banners/san-pham-moi.jpg".' in E:\xampp\php\www\framework\web\CWebApplication.php:280
Stack trace:
#0 E:\xampp\php\www\framework\web\CWebApplication.php(135): CWebApplication->runController('public/userfile...')
#1 E:\xampp\php\www\framework\base\CApplication.php(162): CWebApplication->processRequest()
#2 E:\xampp\htdocs\yii\vtnv.vn\index.php(21): CApplication->run()
#3 {main}
REQUEST_URI=/yii/vtnv.vn/public/userfiles/images/viptamnhinviet/images/banners/san-pham-moi.jpg
HTTP_REFERER=http://localhost/yii/vtnv.vn/log
---
2012/03/25 16:13:38 [error] [exception.CHttpException.404] exception 'CHttpException' with message 'Unable to resolve the request "public/userfiles/images/viptamnhinviet/images/banners/banner.jpg".' in E:\xampp\php\www\framework\web\CWebApplication.php:280
Stack trace:
#0 E:\xampp\php\www\framework\web\CWebApplication.php(135): CWebApplication->runController('public/userfile...')
#1 E:\xampp\php\www\framework\base\CApplication.php(162): CWebApplication->processRequest()
#2 E:\xampp\htdocs\yii\vtnv.vn\index.php(21): CApplication->run()
#3 {main}
REQUEST_URI=/yii/vtnv.vn/public/userfiles/images/viptamnhinviet/images/banners/banner.jpg
HTTP_REFERER=http://localhost/yii/vtnv.vn/log
---
2012/03/25 16:13:39 [error] [exception.CHttpException.404] exception 'CHttpException' with message 'Unable to resolve the request "public/userfiles/images/viptamnhinviet/images/banners/san-pham-moi.jpg".' in E:\xampp\php\www\framework\web\CWebApplication.php:280
Stack trace:
#0 E:\xampp\php\www\framework\web\CWebApplication.php(135): CWebApplication->runController('public/userfile...')
#1 E:\xampp\php\www\framework\base\CApplication.php(162): CWebApplication->processRequest()
#2 E:\xampp\htdocs\yii\vtnv.vn\index.php(21): CApplication->run()
#3 {main}
REQUEST_URI=/yii/vtnv.vn/public/userfiles/images/viptamnhinviet/images/banners/san-pham-moi.jpg
HTTP_REFERER=http://localhost/yii/vtnv.vn/log
---
2012/03/25 16:13:40 [error] [exception.CHttpException.404] exception 'CHttpException' with message 'Unable to resolve the request "public/userfiles/images/viptamnhinviet/images/banners/banner.jpg".' in E:\xampp\php\www\framework\web\CWebApplication.php:280
Stack trace:
#0 E:\xampp\php\www\framework\web\CWebApplication.php(135): CWebApplication->runController('public/userfile...')
#1 E:\xampp\php\www\framework\base\CApplication.php(162): CWebApplication->processRequest()
#2 E:\xampp\htdocs\yii\vtnv.vn\index.php(21): CApplication->run()
#3 {main}
REQUEST_URI=/yii/vtnv.vn/public/userfiles/images/viptamnhinviet/images/banners/banner.jpg
HTTP_REFERER=http://localhost/yii/vtnv.vn/log
---
2012/03/25 16:13:40 [error] [exception.CHttpException.404] exception 'CHttpException' with message 'Unable to resolve the request "public/userfiles/images/viptamnhinviet/images/banners/san-pham-moi.jpg".' in E:\xampp\php\www\framework\web\CWebApplication.php:280
Stack trace:
#0 E:\xampp\php\www\framework\web\CWebApplication.php(135): CWebApplication->runController('public/userfile...')
#1 E:\xampp\php\www\framework\base\CApplication.php(162): CWebApplication->processRequest()
#2 E:\xampp\htdocs\yii\vtnv.vn\index.php(21): CApplication->run()
#3 {main}
REQUEST_URI=/yii/vtnv.vn/public/userfiles/images/viptamnhinviet/images/banners/san-pham-moi.jpg
HTTP_REFERER=http://localhost/yii/vtnv.vn/log
---
2012/03/25 16:13:41 [error] [exception.CHttpException.404] exception 'CHttpException' with message 'Unable to resolve the request "public/userfiles/images/viptamnhinviet/images/banners/banner.jpg".' in E:\xampp\php\www\framework\web\CWebApplication.php:280
Stack trace:
#0 E:\xampp\php\www\framework\web\CWebApplication.php(135): CWebApplication->runController('public/userfile...')
#1 E:\xampp\php\www\framework\base\CApplication.php(162): CWebApplication->processRequest()
#2 E:\xampp\htdocs\yii\vtnv.vn\index.php(21): CApplication->run()
#3 {main}
REQUEST_URI=/yii/vtnv.vn/public/userfiles/images/viptamnhinviet/images/banners/banner.jpg
HTTP_REFERER=http://localhost/yii/vtnv.vn/log
---
2012/03/25 16:13:41 [error] [exception.CHttpException.404] exception 'CHttpException' with message 'Unable to resolve the request "public/userfiles/images/viptamnhinviet/images/banners/san-pham-moi.jpg".' in E:\xampp\php\www\framework\web\CWebApplication.php:280
Stack trace:
#0 E:\xampp\php\www\framework\web\CWebApplication.php(135): CWebApplication->runController('public/userfile...')
#1 E:\xampp\php\www\framework\base\CApplication.php(162): CWebApplication->processRequest()
#2 E:\xampp\htdocs\yii\vtnv.vn\index.php(21): CApplication->run()
#3 {main}
REQUEST_URI=/yii/vtnv.vn/public/userfiles/images/viptamnhinviet/images/banners/san-pham-moi.jpg
HTTP_REFERER=http://localhost/yii/vtnv.vn/log
---
2012/03/25 16:13:42 [error] [exception.CHttpException.404] exception 'CHttpException' with message 'Unable to resolve the request "public/userfiles/images/viptamnhinviet/images/banners/banner.jpg".' in E:\xampp\php\www\framework\web\CWebApplication.php:280
Stack trace:
#0 E:\xampp\php\www\framework\web\CWebApplication.php(135): CWebApplication->runController('public/userfile...')
#1 E:\xampp\php\www\framework\base\CApplication.php(162): CWebApplication->processRequest()
#2 E:\xampp\htdocs\yii\vtnv.vn\index.php(21): CApplication->run()
#3 {main}
REQUEST_URI=/yii/vtnv.vn/public/userfiles/images/viptamnhinviet/images/banners/banner.jpg
HTTP_REFERER=http://localhost/yii/vtnv.vn/log
---
2012/03/25 16:13:43 [error] [exception.CHttpException.404] exception 'CHttpException' with message 'Unable to resolve the request "public/userfiles/images/viptamnhinviet/images/banners/san-pham-moi.jpg".' in E:\xampp\php\www\framework\web\CWebApplication.php:280
Stack trace:
#0 E:\xampp\php\www\framework\web\CWebApplication.php(135): CWebApplication->runController('public/userfile...')
#1 E:\xampp\php\www\framework\base\CApplication.php(162): CWebApplication->processRequest()
#2 E:\xampp\htdocs\yii\vtnv.vn\index.php(21): CApplication->run()
#3 {main}
REQUEST_URI=/yii/vtnv.vn/public/userfiles/images/viptamnhinviet/images/banners/san-pham-moi.jpg
HTTP_REFERER=http://localhost/yii/vtnv.vn/log
---
2012/03/25 16:13:44 [error] [exception.CHttpException.404] exception 'CHttpException' with message 'Unable to resolve the request "public/userfiles/images/viptamnhinviet/images/banners/banner.jpg".' in E:\xampp\php\www\framework\web\CWebApplication.php:280
Stack trace:
#0 E:\xampp\php\www\framework\web\CWebApplication.php(135): CWebApplication->runController('public/userfile...')
#1 E:\xampp\php\www\framework\base\CApplication.php(162): CWebApplication->processRequest()
#2 E:\xampp\htdocs\yii\vtnv.vn\index.php(21): CApplication->run()
#3 {main}
REQUEST_URI=/yii/vtnv.vn/public/userfiles/images/viptamnhinviet/images/banners/banner.jpg
HTTP_REFERER=http://localhost/yii/vtnv.vn/log
---
2012/03/25 16:13:44 [error] [exception.CHttpException.404] exception 'CHttpException' with message 'Unable to resolve the request "public/userfiles/images/viptamnhinviet/images/banners/san-pham-moi.jpg".' in E:\xampp\php\www\framework\web\CWebApplication.php:280
Stack trace:
#0 E:\xampp\php\www\framework\web\CWebApplication.php(135): CWebApplication->runController('public/userfile...')
#1 E:\xampp\php\www\framework\base\CApplication.php(162): CWebApplication->processRequest()
#2 E:\xampp\htdocs\yii\vtnv.vn\index.php(21): CApplication->run()
#3 {main}
REQUEST_URI=/yii/vtnv.vn/public/userfiles/images/viptamnhinviet/images/banners/san-pham-moi.jpg
HTTP_REFERER=http://localhost/yii/vtnv.vn/log
---
2012/03/25 16:13:45 [error] [exception.CHttpException.404] exception 'CHttpException' with message 'Unable to resolve the request "public/userfiles/images/viptamnhinviet/images/banners/banner.jpg".' in E:\xampp\php\www\framework\web\CWebApplication.php:280
Stack trace:
#0 E:\xampp\php\www\framework\web\CWebApplication.php(135): CWebApplication->runController('public/userfile...')
#1 E:\xampp\php\www\framework\base\CApplication.php(162): CWebApplication->processRequest()
#2 E:\xampp\htdocs\yii\vtnv.vn\index.php(21): CApplication->run()
#3 {main}
REQUEST_URI=/yii/vtnv.vn/public/userfiles/images/viptamnhinviet/images/banners/banner.jpg
HTTP_REFERER=http://localhost/yii/vtnv.vn/log
---
2012/03/25 16:13:46 [error] [exception.CHttpException.404] exception 'CHttpException' with message 'Unable to resolve the request "public/userfiles/images/viptamnhinviet/images/banners/san-pham-moi.jpg".' in E:\xampp\php\www\framework\web\CWebApplication.php:280
Stack trace:
#0 E:\xampp\php\www\framework\web\CWebApplication.php(135): CWebApplication->runController('public/userfile...')
#1 E:\xampp\php\www\framework\base\CApplication.php(162): CWebApplication->processRequest()
#2 E:\xampp\htdocs\yii\vtnv.vn\index.php(21): CApplication->run()
#3 {main}
REQUEST_URI=/yii/vtnv.vn/public/userfiles/images/viptamnhinviet/images/banners/san-pham-moi.jpg
HTTP_REFERER=http://localhost/yii/vtnv.vn/log
---
2012/03/25 16:13:47 [error] [exception.CHttpException.404] exception 'CHttpException' with message 'Unable to resolve the request "public/userfiles/images/viptamnhinviet/images/banners/banner.jpg".' in E:\xampp\php\www\framework\web\CWebApplication.php:280
Stack trace:
#0 E:\xampp\php\www\framework\web\CWebApplication.php(135): CWebApplication->runController('public/userfile...')
#1 E:\xampp\php\www\framework\base\CApplication.php(162): CWebApplication->processRequest()
#2 E:\xampp\htdocs\yii\vtnv.vn\index.php(21): CApplication->run()
#3 {main}
REQUEST_URI=/yii/vtnv.vn/public/userfiles/images/viptamnhinviet/images/banners/banner.jpg
HTTP_REFERER=http://localhost/yii/vtnv.vn/log
---
2012/03/25 16:13:47 [error] [exception.CHttpException.404] exception 'CHttpException' with message 'Unable to resolve the request "public/userfiles/images/viptamnhinviet/images/banners/san-pham-moi.jpg".' in E:\xampp\php\www\framework\web\CWebApplication.php:280
Stack trace:
#0 E:\xampp\php\www\framework\web\CWebApplication.php(135): CWebApplication->runController('public/userfile...')
#1 E:\xampp\php\www\framework\base\CApplication.php(162): CWebApplication->processRequest()
#2 E:\xampp\htdocs\yii\vtnv.vn\index.php(21): CApplication->run()
#3 {main}
REQUEST_URI=/yii/vtnv.vn/public/userfiles/images/viptamnhinviet/images/banners/san-pham-moi.jpg
HTTP_REFERER=http://localhost/yii/vtnv.vn/log
---
2012/03/25 16:13:49 [error] [exception.CHttpException.404] exception 'CHttpException' with message 'Unable to resolve the request "public/userfiles/images/viptamnhinviet/images/banners/hinh-ket-noi.jpg".' in E:\xampp\php\www\framework\web\CWebApplication.php:280
Stack trace:
#0 E:\xampp\php\www\framework\web\CWebApplication.php(135): CWebApplication->runController('public/userfile...')
#1 E:\xampp\php\www\framework\base\CApplication.php(162): CWebApplication->processRequest()
#2 E:\xampp\htdocs\yii\vtnv.vn\index.php(21): CApplication->run()
#3 {main}
REQUEST_URI=/yii/vtnv.vn/public/userfiles/images/viptamnhinviet/images/banners/hinh-ket-noi.jpg
HTTP_REFERER=http://localhost/yii/vtnv.vn/log
---
2012/03/25 16:13:49 [error] [exception.CHttpException.404] exception 'CHttpException' with message 'Unable to resolve the request "public/userfiles/images/viptamnhinviet/images/advs/cc-trung-tm-phn-phi.jpg".' in E:\xampp\php\www\framework\web\CWebApplication.php:280
Stack trace:
#0 E:\xampp\php\www\framework\web\CWebApplication.php(135): CWebApplication->runController('public/userfile...')
#1 E:\xampp\php\www\framework\base\CApplication.php(162): CWebApplication->processRequest()
#2 E:\xampp\htdocs\yii\vtnv.vn\index.php(21): CApplication->run()
#3 {main}
REQUEST_URI=/yii/vtnv.vn/public/userfiles/images/viptamnhinviet/images/advs/cc-trung-tm-phn-phi.jpg
HTTP_REFERER=http://localhost/yii/vtnv.vn/log
---
2012/03/25 16:13:49 [error] [exception.CHttpException.404] exception 'CHttpException' with message 'Unable to resolve the request "public/userfiles/images/viptamnhinviet/images/banners/banner.jpg".' in E:\xampp\php\www\framework\web\CWebApplication.php:280
Stack trace:
#0 E:\xampp\php\www\framework\web\CWebApplication.php(135): CWebApplication->runController('public/userfile...')
#1 E:\xampp\php\www\framework\base\CApplication.php(162): CWebApplication->processRequest()
#2 E:\xampp\htdocs\yii\vtnv.vn\index.php(21): CApplication->run()
#3 {main}
REQUEST_URI=/yii/vtnv.vn/public/userfiles/images/viptamnhinviet/images/banners/banner.jpg
HTTP_REFERER=http://localhost/yii/vtnv.vn/log
---
2012/03/25 16:13:49 [error] [exception.CHttpException.404] exception 'CHttpException' with message 'Unable to resolve the request "public/userfiles/images/viptamnhinviet/images/banners/san-pham-moi.jpg".' in E:\xampp\php\www\framework\web\CWebApplication.php:280
Stack trace:
#0 E:\xampp\php\www\framework\web\CWebApplication.php(135): CWebApplication->runController('public/userfile...')
#1 E:\xampp\php\www\framework\base\CApplication.php(162): CWebApplication->processRequest()
#2 E:\xampp\htdocs\yii\vtnv.vn\index.php(21): CApplication->run()
#3 {main}
REQUEST_URI=/yii/vtnv.vn/public/userfiles/images/viptamnhinviet/images/banners/san-pham-moi.jpg
HTTP_REFERER=http://localhost/yii/vtnv.vn/log
---
2012/03/25 16:13:49 [error] [exception.CHttpException.404] exception 'CHttpException' with message 'Unable to resolve the request "public/userfiles/images/viptamnhinviet/images/banners/hinh-ban-lanh-dao.jpg".' in E:\xampp\php\www\framework\web\CWebApplication.php:280
Stack trace:
#0 E:\xampp\php\www\framework\web\CWebApplication.php(135): CWebApplication->runController('public/userfile...')
#1 E:\xampp\php\www\framework\base\CApplication.php(162): CWebApplication->processRequest()
#2 E:\xampp\htdocs\yii\vtnv.vn\index.php(21): CApplication->run()
#3 {main}
REQUEST_URI=/yii/vtnv.vn/public/userfiles/images/viptamnhinviet/images/banners/hinh-ban-lanh-dao.jpg
HTTP_REFERER=http://localhost/yii/vtnv.vn/log
---
2012/03/25 16:13:51 [error] [exception.CHttpException.404] exception 'CHttpException' with message 'Unable to resolve the request "public/userfiles/images/viptamnhinviet/images/banners/hinh-ket-noi.jpg".' in E:\xampp\php\www\framework\web\CWebApplication.php:280
Stack trace:
#0 E:\xampp\php\www\framework\web\CWebApplication.php(135): CWebApplication->runController('public/userfile...')
#1 E:\xampp\php\www\framework\base\CApplication.php(162): CWebApplication->processRequest()
#2 E:\xampp\htdocs\yii\vtnv.vn\index.php(21): CApplication->run()
#3 {main}
REQUEST_URI=/yii/vtnv.vn/public/userfiles/images/viptamnhinviet/images/banners/hinh-ket-noi.jpg
HTTP_REFERER=http://localhost/yii/vtnv.vn/log
---
2012/03/25 16:13:52 [error] [exception.CHttpException.404] exception 'CHttpException' with message 'Unable to resolve the request "public/userfiles/images/viptamnhinviet/images/banners/hinh-ban-lanh-dao.jpg".' in E:\xampp\php\www\framework\web\CWebApplication.php:280
Stack trace:
#0 E:\xampp\php\www\framework\web\CWebApplication.php(135): CWebApplication->runController('public/userfile...')
#1 E:\xampp\php\www\framework\base\CApplication.php(162): CWebApplication->processRequest()
#2 E:\xampp\htdocs\yii\vtnv.vn\index.php(21): CApplication->run()
#3 {main}
REQUEST_URI=/yii/vtnv.vn/public/userfiles/images/viptamnhinviet/images/banners/hinh-ban-lanh-dao.jpg
HTTP_REFERER=http://localhost/yii/vtnv.vn/log
---
2012/03/25 16:13:53 [error] [exception.CHttpException.404] exception 'CHttpException' with message 'Unable to resolve the request "public/userfiles/images/viptamnhinviet/images/banners/san-pham-moi.jpg".' in E:\xampp\php\www\framework\web\CWebApplication.php:280
Stack trace:
#0 E:\xampp\php\www\framework\web\CWebApplication.php(135): CWebApplication->runController('public/userfile...')
#1 E:\xampp\php\www\framework\base\CApplication.php(162): CWebApplication->processRequest()
#2 E:\xampp\htdocs\yii\vtnv.vn\index.php(21): CApplication->run()
#3 {main}
REQUEST_URI=/yii/vtnv.vn/public/userfiles/images/viptamnhinviet/images/banners/san-pham-moi.jpg
HTTP_REFERER=http://localhost/yii/vtnv.vn/log
---
2012/03/25 16:13:53 [error] [exception.CHttpException.404] exception 'CHttpException' with message 'Unable to resolve the request "public/userfiles/images/viptamnhinviet/images/banners/banner.jpg".' in E:\xampp\php\www\framework\web\CWebApplication.php:280
Stack trace:
#0 E:\xampp\php\www\framework\web\CWebApplication.php(135): CWebApplication->runController('public/userfile...')
#1 E:\xampp\php\www\framework\base\CApplication.php(162): CWebApplication->processRequest()
#2 E:\xampp\htdocs\yii\vtnv.vn\index.php(21): CApplication->run()
#3 {main}
REQUEST_URI=/yii/vtnv.vn/public/userfiles/images/viptamnhinviet/images/banners/banner.jpg
HTTP_REFERER=http://localhost/yii/vtnv.vn/log
---
2012/03/25 16:13:54 [error] [exception.CHttpException.404] exception 'CHttpException' with message 'Unable to resolve the request "public/userfiles/images/viptamnhinviet/images/banners/san-pham-moi.jpg".' in E:\xampp\php\www\framework\web\CWebApplication.php:280
Stack trace:
#0 E:\xampp\php\www\framework\web\CWebApplication.php(135): CWebApplication->runController('public/userfile...')
#1 E:\xampp\php\www\framework\base\CApplication.php(162): CWebApplication->processRequest()
#2 E:\xampp\htdocs\yii\vtnv.vn\index.php(21): CApplication->run()
#3 {main}
REQUEST_URI=/yii/vtnv.vn/public/userfiles/images/viptamnhinviet/images/banners/san-pham-moi.jpg
HTTP_REFERER=http://localhost/yii/vtnv.vn/log
---
2012/03/25 16:13:55 [error] [exception.CHttpException.404] exception 'CHttpException' with message 'Unable to resolve the request "public/userfiles/images/viptamnhinviet/images/advs/cc-trung-tm-phn-phi.jpg".' in E:\xampp\php\www\framework\web\CWebApplication.php:280
Stack trace:
#0 E:\xampp\php\www\framework\web\CWebApplication.php(135): CWebApplication->runController('public/userfile...')
#1 E:\xampp\php\www\framework\base\CApplication.php(162): CWebApplication->processRequest()
#2 E:\xampp\htdocs\yii\vtnv.vn\index.php(21): CApplication->run()
#3 {main}
REQUEST_URI=/yii/vtnv.vn/public/userfiles/images/viptamnhinviet/images/advs/cc-trung-tm-phn-phi.jpg
HTTP_REFERER=http://localhost/yii/vtnv.vn/gioi-thieu
---
2012/03/25 16:13:57 [error] [exception.CHttpException.404] exception 'CHttpException' with message 'Unable to resolve the request "public/userfiles/images/viptamnhinviet/images/advs/cc-trung-tm-phn-phi.jpg".' in E:\xampp\php\www\framework\web\CWebApplication.php:280
Stack trace:
#0 E:\xampp\php\www\framework\web\CWebApplication.php(135): CWebApplication->runController('public/userfile...')
#1 E:\xampp\php\www\framework\base\CApplication.php(162): CWebApplication->processRequest()
#2 E:\xampp\htdocs\yii\vtnv.vn\index.php(21): CApplication->run()
#3 {main}
REQUEST_URI=/yii/vtnv.vn/public/userfiles/images/viptamnhinviet/images/advs/cc-trung-tm-phn-phi.jpg
HTTP_REFERER=http://localhost/yii/vtnv.vn/san-pham
---
2012/03/25 16:15:41 [error] [exception.CHttpException.404] exception 'CHttpException' with message 'Unable to resolve the request "public/userfiles/images/viptamnhinviet/images/banners/hinh-ban-lanh-dao.jpg".' in E:\xampp\php\www\framework\web\CWebApplication.php:280
Stack trace:
#0 E:\xampp\php\www\framework\web\CWebApplication.php(135): CWebApplication->runController('public/userfile...')
#1 E:\xampp\php\www\framework\base\CApplication.php(162): CWebApplication->processRequest()
#2 E:\xampp\htdocs\yii\vtnv.vn\index.php(21): CApplication->run()
#3 {main}
REQUEST_URI=/yii/vtnv.vn/public/userfiles/images/viptamnhinviet/images/banners/hinh-ban-lanh-dao.jpg
HTTP_REFERER=http://localhost/yii/vtnv.vn/admin/banners
---
